-------------------------------------------------------------------------------
Test set: com.tallerwebi.dominio.RepositorioNotificacionUsuarioTest
-------------------------------------------------------------------------------
Tests run: 4, Failures: 1, Errors: 0, Skipped: 0, Time elapsed: 0.039 s <<< FAILURE! - in com.tallerwebi.dominio.RepositorioNotificacionUsuarioTest
com.tallerwebi.dominio.RepositorioNotificacionUsuarioTest.testObtenerNotificacionUsuarioPorIdNotificacionYIdUsuario  Time elapsed: 0.007 s  <<< FAILURE!
org.opentest4j.AssertionFailedError: expected: not <null>
	at com.tallerwebi.dominio.RepositorioNotificacionUsuarioTest.thenObtenerNotificacionUsuario(RepositorioNotificacionUsuarioTest.java:62)
	at com.tallerwebi.dominio.RepositorioNotificacionUsuarioTest.testObtenerNotificacionUsuarioPorIdNotificacionYIdUsuario(RepositorioNotificacionUsuarioTest.java:41)

