<?xml version="1.0" encoding="UTF-8"?>
<testsuite xmlns:xsi="http://www.w3.org/2001/XMLSchema-instance" xsi:noNamespaceSchemaLocation="https://maven.apache.org/surefire/maven-surefire-plugin/xsd/surefire-test-report-3.0.xsd" version="3.0" name="com.tallerwebi.dominio.RepositorioCategoriaAlimentoTest" time="0.112" tests="3" errors="0" skipped="0" failures="0">
  <properties>
[...]
</properties>
  <testcase name="testObtenerCategoriasPorNombreExitoso" classname="com.tallerwebi.dominio.RepositorioCategoriaAlimentoTest" time="0.097">
    <system-out><![CDATA[00:28:53.131 [main] DEBUG org.springframework.test.context.BootstrapUtils - Instantiating CacheAwareContextLoaderDelegate from class [org.springframework.test.context.cache.DefaultCacheAwareContextLoaderDelegate]
00:28:53.131 [main] DEBUG org.springframework.test.context.BootstrapUtils - Instantiating BootstrapContext using constructor [public org.springframework.test.context.support.DefaultBootstrapContext(java.lang.Class,org.springframework.test.context.CacheAwareContextLoaderDelegate)]
00:28:53.131 [main] DEBUG org.springframework.test.context.BootstrapUtils - Instantiating TestContextBootstrapper for test class [com.tallerwebi.dominio.RepositorioCategoriaAlimentoTest] from class [org.springframework.test.context.web.WebTestContextBootstrapper]
00:28:53.132 [main] DEBUG org.springframework.test.context.support.AbstractDelegatingSmartContextLoader - Delegating to AnnotationConfigWebContextLoader to process context configuration [ContextConfigurationAttributes@abf1816 declaringClass = 'com.tallerwebi.dominio.RepositorioCategoriaAlimentoTest', classes = '{class com.tallerwebi.integracion.config.SpringWebTestConfig, class com.tallerwebi.integracion.config.HibernateTestConfig}', locations = '{}', inheritLocations = true, initializers = '{}', inheritInitializers = true, name = [null], contextLoaderClass = 'org.springframework.test.context.ContextLoader'].
00:28:53.132 [main] DEBUG org.springframework.test.context.support.ActiveProfilesUtils - Could not find an 'annotation declaring class' for annotation type [org.springframework.test.context.ActiveProfiles] and class [com.tallerwebi.dominio.RepositorioCategoriaAlimentoTest]
00:28:53.132 [main] DEBUG org.springframework.test.context.web.WebTestContextBootstrapper - @TestExecutionListeners is not present for class [com.tallerwebi.dominio.RepositorioCategoriaAlimentoTest]: using defaults.
00:28:53.132 [main] INFO org.springframework.test.context.web.WebTestContextBootstrapper - Loaded default TestExecutionListener class names from location [META-INF/spring.factories]: [org.springframework.test.context.web.ServletTestExecutionListener, org.springframework.test.context.support.DirtiesContextBeforeModesTestExecutionListener, org.springframework.test.context.support.DependencyInjectionTestExecutionListener, org.springframework.test.context.support.DirtiesContextTestExecutionListener, org.springframework.test.context.transaction.TransactionalTestExecutionListener, org.springframework.test.context.jdbc.SqlScriptsTestExecutionListener, org.springframework.test.context.event.EventPublishingTestExecutionListener]
00:28:53.132 [main] INFO org.springframework.test.context.web.WebTestContextBootstrapper - Using TestExecutionListeners: [org.springframework.test.context.web.ServletTestExecutionListener@2e1e7bc6, org.springframework.test.context.support.DirtiesContextBeforeModesTestExecutionListener@7bd1098, org.springframework.test.context.support.DependencyInjectionTestExecutionListener@185bf6e0, org.springframework.test.context.support.DirtiesContextTestExecutionListener@6a562255, org.springframework.test.context.transaction.TransactionalTestExecutionListener@374ba492, org.springframework.test.context.jdbc.SqlScriptsTestExecutionListener@581d5b33, org.springframework.test.context.event.EventPublishingTestExecutionListener@1f365a26]
00:28:53.132 [main] DEBUG org.springframework.test.context.support.AbstractDirtiesContextTestExecutionListener - Before test class: context [DefaultTestContext@44a9971f testClass = RepositorioCategoriaAlimentoTest, testInstance = [null], testMethod = [null], testException = [null], mergedContextConfiguration = [WebMergedContextConfiguration@2e2cd42c testClass = RepositorioCategoriaAlimentoTest, locations = '{}', classes = '{class com.tallerwebi.integracion.config.SpringWebTestConfig, class com.tallerwebi.integracion.config.HibernateTestConfig}', contextInitializerClasses = '[]', activeProfiles = '{}', propertySourceLocations = '{}', propertySourceProperties = '{}', contextCustomizers = set[[empty]], resourceBasePath = 'src/main/webapp', contextLoader = 'org.springframework.test.context.web.WebDelegatingSmartContextLoader', parent = [null]], attributes = map[[empty]]], class annotated with @DirtiesContext [false] with mode [null].
00:28:53.132 [main] DEBUG org.springframework.test.context.cache.DefaultCacheAwareContextLoaderDelegate - Retrieved ApplicationContext [1384210339] from cache with key [[WebMergedContextConfiguration@2e2cd42c testClass = RepositorioCategoriaAlimentoTest, locations = '{}', classes = '{class com.tallerwebi.integracion.config.SpringWebTestConfig, class com.tallerwebi.integracion.config.HibernateTestConfig}', contextInitializerClasses = '[]', activeProfiles = '{}', propertySourceLocations = '{}', propertySourceProperties = '{}', contextCustomizers = set[[empty]], resourceBasePath = 'src/main/webapp', contextLoader = 'org.springframework.test.context.web.WebDelegatingSmartContextLoader', parent = [null]]]
00:28:53.132 [main] DEBUG org.springframework.test.context.cache - Spring test ApplicationContext cache statistics: [DefaultContextCache@397dfbe8 size = 1, maxSize = 32, parentContextCount = 0, hitCount = 33, missCount = 1]
00:28:53.132 [main] DEBUG org.springframework.test.context.cache.DefaultCacheAwareContextLoaderDelegate - Retrieved ApplicationContext [1384210339] from cache with key [[WebMergedContextConfiguration@2e2cd42c testClass = RepositorioCategoriaAlimentoTest, locations = '{}', classes = '{class com.tallerwebi.integracion.config.SpringWebTestConfig, class com.tallerwebi.integracion.config.HibernateTestConfig}', contextInitializerClasses = '[]', activeProfiles = '{}', propertySourceLocations = '{}', propertySourceProperties = '{}', contextCustomizers = set[[empty]], resourceBasePath = 'src/main/webapp', contextLoader = 'org.springframework.test.context.web.WebDelegatingSmartContextLoader', parent = [null]]]
00:28:53.132 [main] DEBUG org.springframework.test.context.cache - Spring test ApplicationContext cache statistics: [DefaultContextCache@397dfbe8 size = 1, maxSize = 32, parentContextCount = 0, hitCount = 34, missCount = 1]
00:28:53.132 [main] DEBUG org.springframework.test.context.web.ServletTestExecutionListener - Setting up MockHttpServletRequest, MockHttpServletResponse, ServletWebRequest, and RequestContextHolder for test context [DefaultTestContext@44a9971f testClass = RepositorioCategoriaAlimentoTest, testInstance = com.tallerwebi.dominio.RepositorioCategoriaAlimentoTest@1cdad619, testMethod = [null], testException = [null], mergedContextConfiguration = [WebMergedContextConfiguration@2e2cd42c testClass = RepositorioCategoriaAlimentoTest, locations = '{}', classes = '{class com.tallerwebi.integracion.config.SpringWebTestConfig, class com.tallerwebi.integracion.config.HibernateTestConfig}', contextInitializerClasses = '[]', activeProfiles = '{}', propertySourceLocations = '{}', propertySourceProperties = '{}', contextCustomizers = set[[empty]], resourceBasePath = 'src/main/webapp', contextLoader = 'org.springframework.test.context.web.WebDelegatingSmartContextLoader', parent = [null]], attributes = map[[empty]]].
00:28:53.132 [main] DEBUG org.springframework.test.context.support.DependencyInjectionTestExecutionListener - Performing dependency injection for test context [[DefaultTestContext@44a9971f testClass = RepositorioCategoriaAlimentoTest, testInstance = com.tallerwebi.dominio.RepositorioCategoriaAlimentoTest@1cdad619, testMethod = [null], testException = [null], mergedContextConfiguration = [WebMergedContextConfiguration@2e2cd42c testClass = RepositorioCategoriaAlimentoTest, locations = '{}', classes = '{class com.tallerwebi.integracion.config.SpringWebTestConfig, class com.tallerwebi.integracion.config.HibernateTestConfig}', contextInitializerClasses = '[]', activeProfiles = '{}', propertySourceLocations = '{}', propertySourceProperties = '{}', contextCustomizers = set[[empty]], resourceBasePath = 'src/main/webapp', contextLoader = 'org.springframework.test.context.web.WebDelegatingSmartContextLoader', parent = [null]], attributes = map['org.springframework.test.context.web.ServletTestExecutionListener.populatedRequestContextHolder' -> true, 'org.springframework.test.context.web.ServletTestExecutionListener.resetRequestContextHolder' -> true]]].
00:28:53.133 [main] DEBUG org.springframework.test.context.cache.DefaultCacheAwareContextLoaderDelegate - Retrieved ApplicationContext [1384210339] from cache with key [[WebMergedContextConfiguration@2e2cd42c testClass = RepositorioCategoriaAlimentoTest, locations = '{}', classes = '{class com.tallerwebi.integracion.config.SpringWebTestConfig, class com.tallerwebi.integracion.config.HibernateTestConfig}', contextInitializerClasses = '[]', activeProfiles = '{}', propertySourceLocations = '{}', propertySourceProperties = '{}', contextCustomizers = set[[empty]], resourceBasePath = 'src/main/webapp', contextLoader = 'org.springframework.test.context.web.WebDelegatingSmartContextLoader', parent = [null]]]
00:28:53.133 [main] DEBUG org.springframework.test.context.cache - Spring test ApplicationContext cache statistics: [DefaultContextCache@397dfbe8 size = 1, maxSize = 32, parentContextCount = 0, hitCount = 35, missCount = 1]
00:28:53.133 [main] DEBUG org.springframework.test.context.cache.DefaultCacheAwareContextLoaderDelegate - Retrieved ApplicationContext [1384210339] from cache with key [[WebMergedContextConfiguration@2e2cd42c testClass = RepositorioCategoriaAlimentoTest, locations = '{}', classes = '{class com.tallerwebi.integracion.config.SpringWebTestConfig, class com.tallerwebi.integracion.config.HibernateTestConfig}', contextInitializerClasses = '[]', activeProfiles = '{}', propertySourceLocations = '{}', propertySourceProperties = '{}', contextCustomizers = set[[empty]], resourceBasePath = 'src/main/webapp', contextLoader = 'org.springframework.test.context.web.WebDelegatingSmartContextLoader', parent = [null]]]
00:28:53.133 [main] DEBUG org.springframework.test.context.cache - Spring test ApplicationContext cache statistics: [DefaultContextCache@397dfbe8 size = 1, maxSize = 32, parentContextCount = 0, hitCount = 36, missCount = 1]
00:28:53.134 [main] DEBUG org.springframework.test.context.support.AbstractDirtiesContextTestExecutionListener - Before test method: context [DefaultTestContext@44a9971f testClass = RepositorioCategoriaAlimentoTest, testInstance = com.tallerwebi.dominio.RepositorioCategoriaAlimentoTest@1cdad619, testMethod = testObtenerCategoriasPorNombreExitoso@RepositorioCategoriaAlimentoTest, testException = [null], mergedContextConfiguration = [WebMergedContextConfiguration@2e2cd42c testClass = RepositorioCategoriaAlimentoTest, locations = '{}', classes = '{class com.tallerwebi.integracion.config.SpringWebTestConfig, class com.tallerwebi.integracion.config.HibernateTestConfig}', contextInitializerClasses = '[]', activeProfiles = '{}', propertySourceLocations = '{}', propertySourceProperties = '{}', contextCustomizers = set[[empty]], resourceBasePath = 'src/main/webapp', contextLoader = 'org.springframework.test.context.web.WebDelegatingSmartContextLoader', parent = [null]], attributes = map['org.springframework.test.context.web.ServletTestExecutionListener.populatedRequestContextHolder' -> true, 'org.springframework.test.context.web.ServletTestExecutionListener.resetRequestContextHolder' -> true]], class annotated with @DirtiesContext [false] with mode [null], method annotated with @DirtiesContext [false] with mode [null].
00:28:53.134 [main] DEBUG org.springframework.test.context.transaction.TransactionalTestExecutionListener - Explicit transaction definition [PROPAGATION_REQUIRED,ISOLATION_DEFAULT] found for test context [DefaultTestContext@44a9971f testClass = RepositorioCategoriaAlimentoTest, testInstance = com.tallerwebi.dominio.RepositorioCategoriaAlimentoTest@1cdad619, testMethod = testObtenerCategoriasPorNombreExitoso@RepositorioCategoriaAlimentoTest, testException = [null], mergedContextConfiguration = [WebMergedContextConfiguration@2e2cd42c testClass = RepositorioCategoriaAlimentoTest, locations = '{}', classes = '{class com.tallerwebi.integracion.config.SpringWebTestConfig, class com.tallerwebi.integracion.config.HibernateTestConfig}', contextInitializerClasses = '[]', activeProfiles = '{}', propertySourceLocations = '{}', propertySourceProperties = '{}', contextCustomizers = set[[empty]], resourceBasePath = 'src/main/webapp', contextLoader = 'org.springframework.test.context.web.WebDelegatingSmartContextLoader', parent = [null]], attributes = map['org.springframework.test.context.web.ServletTestExecutionListener.populatedRequestContextHolder' -> true, 'org.springframework.test.context.web.ServletTestExecutionListener.resetRequestContextHolder' -> true]]
00:28:53.134 [main] DEBUG org.springframework.test.context.cache.DefaultCacheAwareContextLoaderDelegate - Retrieved ApplicationContext [1384210339] from cache with key [[WebMergedContextConfiguration@2e2cd42c testClass = RepositorioCategoriaAlimentoTest, locations = '{}', classes = '{class com.tallerwebi.integracion.config.SpringWebTestConfig, class com.tallerwebi.integracion.config.HibernateTestConfig}', contextInitializerClasses = '[]', activeProfiles = '{}', propertySourceLocations = '{}', propertySourceProperties = '{}', contextCustomizers = set[[empty]], resourceBasePath = 'src/main/webapp', contextLoader = 'org.springframework.test.context.web.WebDelegatingSmartContextLoader', parent = [null]]]
00:28:53.134 [main] DEBUG org.springframework.test.context.cache - Spring test ApplicationContext cache statistics: [DefaultContextCache@397dfbe8 size = 1, maxSize = 32, parentContextCount = 0, hitCount = 37, missCount = 1]
00:28:53.134 [main] DEBUG org.springframework.test.context.transaction.TransactionalTestExecutionListener - Method-level @Rollback(true) overrides default rollback [true] for test context [DefaultTestContext@44a9971f testClass = RepositorioCategoriaAlimentoTest, testInstance = com.tallerwebi.dominio.RepositorioCategoriaAlimentoTest@1cdad619, testMethod = testObtenerCategoriasPorNombreExitoso@RepositorioCategoriaAlimentoTest, testException = [null], mergedContextConfiguration = [WebMergedContextConfiguration@2e2cd42c testClass = RepositorioCategoriaAlimentoTest, locations = '{}', classes = '{class com.tallerwebi.integracion.config.SpringWebTestConfig, class com.tallerwebi.integracion.config.HibernateTestConfig}', contextInitializerClasses = '[]', activeProfiles = '{}', propertySourceLocations = '{}', propertySourceProperties = '{}', contextCustomizers = set[[empty]], resourceBasePath = 'src/main/webapp', contextLoader = 'org.springframework.test.context.web.WebDelegatingSmartContextLoader', parent = [null]], attributes = map['org.springframework.test.context.web.ServletTestExecutionListener.populatedRequestContextHolder' -> true, 'org.springframework.test.context.web.ServletTestExecutionListener.resetRequestContextHolder' -> true]].
00:28:53.134 [main] DEBUG org.springframework.orm.hibernate5.HibernateTransactionManager - Creating new transaction with name [com.tallerwebi.dominio.RepositorioCategoriaAlimentoTest.testObtenerCategoriasPorNombreExitoso]: PROPAGATION_REQUIRED,ISOLATION_DEFAULT
00:28:53.134 [main] DEBUG org.springframework.orm.hibernate5.HibernateTransactionManager - Opened new Session [SessionImpl(1909198389<open>)] for Hibernate transaction
00:28:53.134 [main] DEBUG org.hibernate.engine.transaction.internal.TransactionImpl - On TransactionImpl creation, JpaCompliance#isJpaTransactionComplianceEnabled == false
00:28:53.134 [main] DEBUG org.hibernate.engine.transaction.internal.TransactionImpl - begin
00:28:53.134 [main] DEBUG org.springframework.jdbc.datasource.DriverManagerDataSource - Creating new JDBC DriverManager Connection to [jdbc:hsqldb:mem:db_]
00:28:53.135 [main] DEBUG org.springframework.orm.hibernate5.HibernateTransactionManager - Exposing Hibernate transaction as JDBC [org.springframework.orm.hibernate5.HibernateTransactionManager$$Lambda$602/0x0000000801596000@3b6c740b]
00:28:53.135 [main] INFO org.springframework.test.context.transaction.TransactionContext - Began transaction (1) for test context [DefaultTestContext@44a9971f testClass = RepositorioCategoriaAlimentoTest, testInstance = com.tallerwebi.dominio.RepositorioCategoriaAlimentoTest@1cdad619, testMethod = testObtenerCategoriasPorNombreExitoso@RepositorioCategoriaAlimentoTest, testException = [null], mergedContextConfiguration = [WebMergedContextConfiguration@2e2cd42c testClass = RepositorioCategoriaAlimentoTest, locations = '{}', classes = '{class com.tallerwebi.integracion.config.SpringWebTestConfig, class com.tallerwebi.integracion.config.HibernateTestConfig}', contextInitializerClasses = '[]', activeProfiles = '{}', propertySourceLocations = '{}', propertySourceProperties = '{}', contextCustomizers = set[[empty]], resourceBasePath = 'src/main/webapp', contextLoader = 'org.springframework.test.context.web.WebDelegatingSmartContextLoader', parent = [null]], attributes = map['org.springframework.test.context.web.ServletTestExecutionListener.populatedRequestContextHolder' -> true, 'org.springframework.test.context.web.ServletTestExecutionListener.resetRequestContextHolder' -> true]]; transaction manager [org.springframework.orm.hibernate5.HibernateTransactionManager@6ad198c9]; rollback [true]
00:28:53.135 [main] DEBUG org.springframework.test.context.cache.DefaultCacheAwareContextLoaderDelegate - Retrieved ApplicationContext [1384210339] from cache with key [[WebMergedContextConfiguration@2e2cd42c testClass = RepositorioCategoriaAlimentoTest, locations = '{}', classes = '{class com.tallerwebi.integracion.config.SpringWebTestConfig, class com.tallerwebi.integracion.config.HibernateTestConfig}', contextInitializerClasses = '[]', activeProfiles = '{}', propertySourceLocations = '{}', propertySourceProperties = '{}', contextCustomizers = set[[empty]], resourceBasePath = 'src/main/webapp', contextLoader = 'org.springframework.test.context.web.WebDelegatingSmartContextLoader', parent = [null]]]
00:28:53.135 [main] DEBUG org.springframework.test.context.cache - Spring test ApplicationContext cache statistics: [DefaultContextCache@397dfbe8 size = 1, maxSize = 32, parentContextCount = 0, hitCount = 38, missCount = 1]
00:28:53.135 [main] DEBUG org.springframework.test.context.cache.DefaultCacheAwareContextLoaderDelegate - Retrieved ApplicationContext [1384210339] from cache with key [[WebMergedContextConfiguration@2e2cd42c testClass = RepositorioCategoriaAlimentoTest, locations = '{}', classes = '{class com.tallerwebi.integracion.config.SpringWebTestConfig, class com.tallerwebi.integracion.config.HibernateTestConfig}', contextInitializerClasses = '[]', activeProfiles = '{}', propertySourceLocations = '{}', propertySourceProperties = '{}', contextCustomizers = set[[empty]], resourceBasePath = 'src/main/webapp', contextLoader = 'org.springframework.test.context.web.WebDelegatingSmartContextLoader', parent = [null]]]
00:28:53.135 [main] DEBUG org.springframework.test.context.cache - Spring test ApplicationContext cache statistics: [DefaultContextCache@397dfbe8 size = 1, maxSize = 32, parentContextCount = 0, hitCount = 39, missCount = 1]
00:28:53.135 [main] DEBUG org.hibernate.engine.spi.ActionQueue - Executing identity-insert immediately
00:28:53.135 [main] DEBUG org.hibernate.SQL - 
    insert 
    into
        CategoriaAlimento
        (id, imagen, nombre) 
    values
        (default, ?, ?)
Hibernate: 
    insert 
    into
        CategoriaAlimento
        (id, imagen, nombre) 
    values
        (default, ?, ?)
00:28:53.135 [main] DEBUG org.hibernate.id.IdentifierGeneratorHelper - Natively generated identity: 6
00:28:53.135 [main] DEBUG org.hibernate.resource.jdbc.internal.ResourceRegistryStandardImpl - HHH000387: ResultSet's statement was not registered
00:28:53.136 [main] DEBUG org.hibernate.engine.spi.ActionQueue - Executing identity-insert immediately
00:28:53.136 [main] DEBUG org.hibernate.SQL - 
    insert 
    into
        CategoriaAlimento
        (id, imagen, nombre) 
    values
        (default, ?, ?)
Hibernate: 
    insert 
    into
        CategoriaAlimento
        (id, imagen, nombre) 
    values
        (default, ?, ?)
00:28:53.136 [main] DEBUG org.hibernate.id.IdentifierGeneratorHelper - Natively generated identity: 7
00:28:53.136 [main] DEBUG org.hibernate.resource.jdbc.internal.ResourceRegistryStandardImpl - HHH000387: ResultSet's statement was not registered
00:28:53.136 [main] DEBUG org.hibernate.engine.spi.ActionQueue - Executing identity-insert immediately
00:28:53.136 [main] DEBUG org.hibernate.SQL - 
    insert 
    into
        CategoriaAlimento
        (id, imagen, nombre) 
    values
        (default, ?, ?)
Hibernate: 
    insert 
    into
        CategoriaAlimento
        (id, imagen, nombre) 
    values
        (default, ?, ?)
00:28:53.136 [main] DEBUG org.hibernate.id.IdentifierGeneratorHelper - Natively generated identity: 8
00:28:53.136 [main] DEBUG org.hibernate.resource.jdbc.internal.ResourceRegistryStandardImpl - HHH000387: ResultSet's statement was not registered
00:28:53.139 [main] DEBUG org.springframework.orm.hibernate5.HibernateTransactionManager - Found thread-bound Session [SessionImpl(1909198389<open>)] for Hibernate transaction
00:28:53.139 [main] DEBUG org.springframework.orm.hibernate5.HibernateTransactionManager - Participating in existing transaction
00:28:53.150 [main] DEBUG org.hibernate.hql.internal.QueryTranslatorFactoryInitiator - QueryTranslatorFactory: org.hibernate.hql.internal.ast.ASTQueryTranslatorFactory@4745bcc6
00:28:53.169 [main] DEBUG org.hibernate.hql.internal.ast.QueryTranslatorImpl - parse() - HQL: from com.tallerwebi.dominio.CategoriaAlimento where LOWER(nombre) like LOWER(:nombre)
00:28:53.172 [main] DEBUG org.hibernate.hql.internal.ast.ErrorTracker - throwQueryException() : no errors
00:28:53.176 [main] DEBUG org.hibernate.hql.internal.ast.QueryTranslatorImpl - --- HQL AST ---
 \-[QUERY] Node: 'query'
    +-[SELECT_FROM] Node: 'SELECT_FROM'
    |  \-[FROM] Node: 'from'
    |     \-[RANGE] Node: 'RANGE'
    |        \-[DOT] Node: '.'
    |           +-[DOT] Node: '.'
    |           |  +-[DOT] Node: '.'
    |           |  |  +-[IDENT] Node: 'com'
    |           |  |  \-[IDENT] Node: 'tallerwebi'
    |           |  \-[IDENT] Node: 'dominio'
    |           \-[IDENT] Node: 'CategoriaAlimento'
    \-[WHERE] Node: 'where'
       \-[LIKE] Node: 'like'
          +-[METHOD_CALL] Node: '('
          |  +-[IDENT] Node: 'LOWER'
          |  \-[EXPR_LIST] Node: 'exprList'
          |     \-[IDENT] Node: 'nombre'
          \-[METHOD_CALL] Node: '('
             +-[IDENT] Node: 'LOWER'
             \-[EXPR_LIST] Node: 'exprList'
                \-[COLON] Node: ':'
                   \-[IDENT] Node: 'nombre'

00:28:53.192 [main] DEBUG org.hibernate.hql.internal.antlr.HqlSqlBaseWalker - select << begin [level=1, statement=select]
00:28:53.198 [main] DEBUG org.hibernate.hql.internal.ast.tree.FromElement - FromClause{level=1} : com.tallerwebi.dominio.CategoriaAlimento (<no alias>) -> categoriaa0_
00:28:53.199 [main] DEBUG org.hibernate.hql.internal.ast.tree.FromReferenceNode - Resolved : {synthetic-alias} -> {synthetic-alias}
00:28:53.200 [main] DEBUG org.hibernate.hql.internal.ast.tree.DotNode - getDataType() : nombre -> org.hibernate.type.StringType@4cb957b8
00:28:53.200 [main] DEBUG org.hibernate.hql.internal.ast.tree.FromReferenceNode - Resolved : {synthetic-alias}.nombre -> categoriaa0_.nombre
00:28:53.202 [main] DEBUG org.hibernate.hql.internal.antlr.HqlSqlBaseWalker - select : finishing up [level=1, statement=select]
00:28:53.202 [main] DEBUG org.hibernate.hql.internal.ast.HqlSqlWalker - processQuery() :  ( SELECT ( FromClause{level=1} CategoriaAlimento categoriaa0_ ) ( where ( like ( ( LOWER ( exprList ( categoriaa0_.nombre {synthetic-alias} nombre ) ) ) ( ( LOWER ( exprList ? ) ) ) ) )
00:28:53.205 [main] DEBUG org.hibernate.hql.internal.ast.HqlSqlWalker - Derived SELECT clause created.
00:28:53.208 [main] DEBUG org.hibernate.hql.internal.ast.util.JoinProcessor - Tables referenced from query nodes:
 \-QueryNode
    +-SelectClause
    | referencedTables(entity CategoriaAlimento): [CategoriaAlimento]
    |  +-SelectExpressionImpl
    |  | persister: SingleTableEntityPersister(com.tallerwebi.dominio.CategoriaAlimento)
    |  \-SqlFragment
    +-FromClause
    |  \-FromElement
    \-SqlNode
       \-BinaryLogicOperatorNode
          +-MethodNode
          |  +-IdentNode
          |  | persister: null
          |  | originalText: LOWER
          |  \-SqlNode
          |     \-DotNode
          |       persister: SingleTableEntityPersister(com.tallerwebi.dominio.CategoriaAlimento)
          |       path: {synthetic-alias}.nombre
          |        +-IdentNode
          |        | persister: SingleTableEntityPersister(com.tallerwebi.dominio.CategoriaAlimento)
          |        | originalText: {synthetic-alias}
          |        \-IdentNode
          |          persister: null
          |          originalText: nombre
          \-MethodNode
             +-IdentNode
             | persister: null
             | originalText: LOWER
             \-SqlNode
                \-ParameterNode

00:28:53.209 [main] DEBUG org.hibernate.hql.internal.ast.util.JoinProcessor - Using FROM fragment [CategoriaAlimento categoriaa0_]
00:28:53.209 [main] DEBUG org.hibernate.hql.internal.antlr.HqlSqlBaseWalker - select >> end [level=1, statement=select]
00:28:53.209 [main] DEBUG org.hibernate.hql.internal.ast.QueryTranslatorImpl - --- SQL AST ---
 \-[SELECT] QueryNode: 'SELECT'  querySpaces (CategoriaAlimento)
    +-[SELECT_CLAUSE] SelectClause: '{derived select clause}'
    |  +-[SELECT_EXPR] SelectExpressionImpl: 'categoriaa0_.id as id1_1_' {FromElement{explicit,not a collection join,not a fetch join,fetch non-lazy properties,classAlias=null,role=null,tableName=CategoriaAlimento,tableAlias=categoriaa0_,origin=null,columns={,className=com.tallerwebi.dominio.CategoriaAlimento}}}
    |  \-[SQL_TOKEN] SqlFragment: 'categoriaa0_.imagen as imagen2_1_, categoriaa0_.nombre as nombre3_1_'
    +-[FROM] FromClause: 'from' FromClause{level=1, fromElementCounter=1, fromElements=1, fromElementByClassAlias=[], fromElementByTableAlias=[categoriaa0_], fromElementsByPath=[], collectionJoinFromElementsByPath=[], impliedElements=[]}
    |  \-[FROM_FRAGMENT] FromElement: 'CategoriaAlimento categoriaa0_' FromElement{explicit,not a collection join,not a fetch join,fetch non-lazy properties,classAlias=null,role=null,tableName=CategoriaAlimento,tableAlias=categoriaa0_,origin=null,columns={,className=com.tallerwebi.dominio.CategoriaAlimento}}
    \-[WHERE] SqlNode: 'where'
       \-[LIKE] BinaryLogicOperatorNode: 'like'
          +-[METHOD_CALL] MethodNode: '('
          |  +-[METHOD_NAME] IdentNode: 'LOWER' {originalText=LOWER}
          |  \-[EXPR_LIST] SqlNode: 'exprList'
          |     \-[DOT] DotNode: 'categoriaa0_.nombre' {propertyName=nombre,dereferenceType=PRIMITIVE,getPropertyPath=nombre,path={synthetic-alias}.nombre,tableAlias=categoriaa0_,className=com.tallerwebi.dominio.CategoriaAlimento,classAlias=null}
          |        +-[IDENT] IdentNode: '{synthetic-alias}' {originalText={synthetic-alias}}
          |        \-[IDENT] IdentNode: 'nombre' {originalText=nombre}
          \-[METHOD_CALL] MethodNode: '('
             +-[METHOD_NAME] IdentNode: 'LOWER' {originalText=LOWER}
             \-[EXPR_LIST] SqlNode: 'exprList'
                \-[NAMED_PARAM] ParameterNode: '?' {name=nombre, expectedType=null}

00:28:53.209 [main] DEBUG org.hibernate.hql.internal.ast.ErrorTracker - throwQueryException() : no errors
00:28:53.212 [main] DEBUG org.hibernate.hql.internal.ast.QueryTranslatorImpl - HQL: from com.tallerwebi.dominio.CategoriaAlimento where LOWER(nombre) like LOWER(:nombre)
00:28:53.212 [main] DEBUG org.hibernate.hql.internal.ast.QueryTranslatorImpl - SQL: select categoriaa0_.id as id1_1_, categoriaa0_.imagen as imagen2_1_, categoriaa0_.nombre as nombre3_1_ from CategoriaAlimento categoriaa0_ where lower(categoriaa0_.nombre) like lower(?)
00:28:53.212 [main] DEBUG org.hibernate.hql.internal.ast.ErrorTracker - throwQueryException() : no errors
00:28:53.220 [main] DEBUG org.hibernate.event.internal.AbstractFlushingEventListener - Processing flush-time cascades
00:28:53.220 [main] DEBUG org.hibernate.event.internal.AbstractFlushingEventListener - Dirty checking collections
00:28:53.222 [main] DEBUG org.hibernate.event.internal.AbstractFlushingEventListener - Flushed: 0 insertions, 0 updates, 0 deletions to 3 objects
00:28:53.222 [main] DEBUG org.hibernate.event.internal.AbstractFlushingEventListener - Flushed: 0 (re)creations, 0 updates, 0 removals to 0 collections
00:28:53.223 [main] DEBUG org.hibernate.internal.util.EntityPrinter - Listing entities:
00:28:53.223 [main] DEBUG org.hibernate.internal.util.EntityPrinter - com.tallerwebi.dominio.CategoriaAlimento{imagen=null, id=8, nombre=verduras, alimentos=null}
00:28:53.223 [main] DEBUG org.hibernate.internal.util.EntityPrinter - com.tallerwebi.dominio.CategoriaAlimento{imagen=null, id=6, nombre=fruta, alimentos=null}
00:28:53.223 [main] DEBUG org.hibernate.internal.util.EntityPrinter - com.tallerwebi.dominio.CategoriaAlimento{imagen=null, id=7, nombre=cereales, alimentos=null}
00:28:53.223 [main] DEBUG org.hibernate.SQL - 
    select
        categoriaa0_.id as id1_1_,
        categoriaa0_.imagen as imagen2_1_,
        categoriaa0_.nombre as nombre3_1_ 
    from
        CategoriaAlimento categoriaa0_ 
    where
        lower(categoriaa0_.nombre) like lower(?)
Hibernate: 
    select
        categoriaa0_.id as id1_1_,
        categoriaa0_.imagen as imagen2_1_,
        categoriaa0_.nombre as nombre3_1_ 
    from
        CategoriaAlimento categoriaa0_ 
    where
        lower(categoriaa0_.nombre) like lower(?)
00:28:53.226 [main] DEBUG org.hibernate.loader.Loader - Result set row: 0
00:28:53.226 [main] DEBUG org.hibernate.loader.Loader - Result row: EntityKey[com.tallerwebi.dominio.CategoriaAlimento#7]
00:28:53.226 [main] DEBUG org.hibernate.loader.Loader - Result set row: 1
00:28:53.226 [main] DEBUG org.hibernate.loader.Loader - Result row: EntityKey[com.tallerwebi.dominio.CategoriaAlimento#8]
00:28:53.230 [main] DEBUG org.springframework.test.context.cache.DefaultCacheAwareContextLoaderDelegate - Retrieved ApplicationContext [1384210339] from cache with key [[WebMergedContextConfiguration@2e2cd42c testClass = RepositorioCategoriaAlimentoTest, locations = '{}', classes = '{class com.tallerwebi.integracion.config.SpringWebTestConfig, class com.tallerwebi.integracion.config.HibernateTestConfig}', contextInitializerClasses = '[]', activeProfiles = '{}', propertySourceLocations = '{}', propertySourceProperties = '{}', contextCustomizers = set[[empty]], resourceBasePath = 'src/main/webapp', contextLoader = 'org.springframework.test.context.web.WebDelegatingSmartContextLoader', parent = [null]]]
00:28:53.230 [main] DEBUG org.springframework.test.context.cache - Spring test ApplicationContext cache statistics: [DefaultContextCache@397dfbe8 size = 1, maxSize = 32, parentContextCount = 0, hitCount = 40, missCount = 1]
00:28:53.231 [main] DEBUG org.springframework.test.context.cache.DefaultCacheAwareContextLoaderDelegate - Retrieved ApplicationContext [1384210339] from cache with key [[WebMergedContextConfiguration@2e2cd42c testClass = RepositorioCategoriaAlimentoTest, locations = '{}', classes = '{class com.tallerwebi.integracion.config.SpringWebTestConfig, class com.tallerwebi.integracion.config.HibernateTestConfig}', contextInitializerClasses = '[]', activeProfiles = '{}', propertySourceLocations = '{}', propertySourceProperties = '{}', contextCustomizers = set[[empty]], resourceBasePath = 'src/main/webapp', contextLoader = 'org.springframework.test.context.web.WebDelegatingSmartContextLoader', parent = [null]]]
00:28:53.231 [main] DEBUG org.springframework.test.context.cache - Spring test ApplicationContext cache statistics: [DefaultContextCache@397dfbe8 size = 1, maxSize = 32, parentContextCount = 0, hitCount = 41, missCount = 1]
00:28:53.231 [main] DEBUG org.springframework.orm.hibernate5.HibernateTransactionManager - Initiating transaction rollback
00:28:53.231 [main] DEBUG org.springframework.orm.hibernate5.HibernateTransactionManager - Rolling back Hibernate transaction on Session [SessionImpl(1909198389<open>)]
00:28:53.231 [main] DEBUG org.hibernate.engine.transaction.internal.TransactionImpl - rolling back
00:28:53.231 [main] DEBUG org.springframework.orm.hibernate5.HibernateTransactionManager - Closing Hibernate Session [SessionImpl(1909198389<open>)] after transaction
00:28:53.231 [main] INFO org.springframework.test.context.transaction.TransactionContext - Rolled back transaction for test: [DefaultTestContext@44a9971f testClass = RepositorioCategoriaAlimentoTest, testInstance = com.tallerwebi.dominio.RepositorioCategoriaAlimentoTest@1cdad619, testMethod = testObtenerCategoriasPorNombreExitoso@RepositorioCategoriaAlimentoTest, testException = [null], mergedContextConfiguration = [WebMergedContextConfiguration@2e2cd42c testClass = RepositorioCategoriaAlimentoTest, locations = '{}', classes = '{class com.tallerwebi.integracion.config.SpringWebTestConfig, class com.tallerwebi.integracion.config.HibernateTestConfig}', contextInitializerClasses = '[]', activeProfiles = '{}', propertySourceLocations = '{}', propertySourceProperties = '{}', contextCustomizers = set[[empty]], resourceBasePath = 'src/main/webapp', contextLoader = 'org.springframework.test.context.web.WebDelegatingSmartContextLoader', parent = [null]], attributes = map['org.springframework.test.context.web.ServletTestExecutionListener.populatedRequestContextHolder' -> true, 'org.springframework.test.context.web.ServletTestExecutionListener.resetRequestContextHolder' -> true]]
00:28:53.231 [main] DEBUG org.springframework.test.context.support.AbstractDirtiesContextTestExecutionListener - After test method: context [DefaultTestContext@44a9971f testClass = RepositorioCategoriaAlimentoTest, testInstance = com.tallerwebi.dominio.RepositorioCategoriaAlimentoTest@1cdad619, testMethod = testObtenerCategoriasPorNombreExitoso@RepositorioCategoriaAlimentoTest, testException = [null], mergedContextConfiguration = [WebMergedContextConfiguration@2e2cd42c testClass = RepositorioCategoriaAlimentoTest, locations = '{}', classes = '{class com.tallerwebi.integracion.config.SpringWebTestConfig, class com.tallerwebi.integracion.config.HibernateTestConfig}', contextInitializerClasses = '[]', activeProfiles = '{}', propertySourceLocations = '{}', propertySourceProperties = '{}', contextCustomizers = set[[empty]], resourceBasePath = 'src/main/webapp', contextLoader = 'org.springframework.test.context.web.WebDelegatingSmartContextLoader', parent = [null]], attributes = map['org.springframework.test.context.web.ServletTestExecutionListener.populatedRequestContextHolder' -> true, 'org.springframework.test.context.web.ServletTestExecutionListener.resetRequestContextHolder' -> true]], class annotated with @DirtiesContext [false] with mode [null], method annotated with @DirtiesContext [false] with mode [null].
00:28:53.231 [main] DEBUG org.springframework.test.context.web.ServletTestExecutionListener - Resetting RequestContextHolder for test context [DefaultTestContext@44a9971f testClass = RepositorioCategoriaAlimentoTest, testInstance = com.tallerwebi.dominio.RepositorioCategoriaAlimentoTest@1cdad619, testMethod = testObtenerCategoriasPorNombreExitoso@RepositorioCategoriaAlimentoTest, testException = [null], mergedContextConfiguration = [WebMergedContextConfiguration@2e2cd42c testClass = RepositorioCategoriaAlimentoTest, locations = '{}', classes = '{class com.tallerwebi.integracion.config.SpringWebTestConfig, class com.tallerwebi.integracion.config.HibernateTestConfig}', contextInitializerClasses = '[]', activeProfiles = '{}', propertySourceLocations = '{}', propertySourceProperties = '{}', contextCustomizers = set[[empty]], resourceBasePath = 'src/main/webapp', contextLoader = 'org.springframework.test.context.web.WebDelegatingSmartContextLoader', parent = [null]], attributes = map['org.springframework.test.context.web.ServletTestExecutionListener.populatedRequestContextHolder' -> true, 'org.springframework.test.context.web.ServletTestExecutionListener.resetRequestContextHolder' -> true]].
]]></system-out>
  </testcase>
  <testcase name="testObtenerCategoriasPorNombreFallido" classname="com.tallerwebi.dominio.RepositorioCategoriaAlimentoTest" time="0.004">
    <system-out><![CDATA[00:28:53.232 [main] DEBUG org.springframework.test.context.cache.DefaultCacheAwareContextLoaderDelegate - Retrieved ApplicationContext [1384210339] from cache with key [[WebMergedContextConfiguration@2e2cd42c testClass = RepositorioCategoriaAlimentoTest, locations = '{}', classes = '{class com.tallerwebi.integracion.config.SpringWebTestConfig, class com.tallerwebi.integracion.config.HibernateTestConfig}', contextInitializerClasses = '[]', activeProfiles = '{}', propertySourceLocations = '{}', propertySourceProperties = '{}', contextCustomizers = set[[empty]], resourceBasePath = 'src/main/webapp', contextLoader = 'org.springframework.test.context.web.WebDelegatingSmartContextLoader', parent = [null]]]
00:28:53.232 [main] DEBUG org.springframework.test.context.cache - Spring test ApplicationContext cache statistics: [DefaultContextCache@397dfbe8 size = 1, maxSize = 32, parentContextCount = 0, hitCount = 42, missCount = 1]
00:28:53.232 [main] DEBUG org.springframework.test.context.web.ServletTestExecutionListener - Setting up MockHttpServletRequest, MockHttpServletResponse, ServletWebRequest, and RequestContextHolder for test context [DefaultTestContext@44a9971f testClass = RepositorioCategoriaAlimentoTest, testInstance = com.tallerwebi.dominio.RepositorioCategoriaAlimentoTest@3050d479, testMethod = [null], testException = [null], mergedContextConfiguration = [WebMergedContextConfiguration@2e2cd42c testClass = RepositorioCategoriaAlimentoTest, locations = '{}', classes = '{class com.tallerwebi.integracion.config.SpringWebTestConfig, class com.tallerwebi.integracion.config.HibernateTestConfig}', contextInitializerClasses = '[]', activeProfiles = '{}', propertySourceLocations = '{}', propertySourceProperties = '{}', contextCustomizers = set[[empty]], resourceBasePath = 'src/main/webapp', contextLoader = 'org.springframework.test.context.web.WebDelegatingSmartContextLoader', parent = [null]], attributes = map['org.springframework.test.context.support.DependencyInjectionTestExecutionListener.reinjectDependencies' -> true]].
00:28:53.232 [main] DEBUG org.springframework.test.context.support.DependencyInjectionTestExecutionListener - Performing dependency injection for test context [[DefaultTestContext@44a9971f testClass = RepositorioCategoriaAlimentoTest, testInstance = com.tallerwebi.dominio.RepositorioCategoriaAlimentoTest@3050d479, testMethod = [null], testException = [null], mergedContextConfiguration = [WebMergedContextConfiguration@2e2cd42c testClass = RepositorioCategoriaAlimentoTest, locations = '{}', classes = '{class com.tallerwebi.integracion.config.SpringWebTestConfig, class com.tallerwebi.integracion.config.HibernateTestConfig}', contextInitializerClasses = '[]', activeProfiles = '{}', propertySourceLocations = '{}', propertySourceProperties = '{}', contextCustomizers = set[[empty]], resourceBasePath = 'src/main/webapp', contextLoader = 'org.springframework.test.context.web.WebDelegatingSmartContextLoader', parent = [null]], attributes = map['org.springframework.test.context.web.ServletTestExecutionListener.populatedRequestContextHolder' -> true, 'org.springframework.test.context.web.ServletTestExecutionListener.resetRequestContextHolder' -> true, 'org.springframework.test.context.support.DependencyInjectionTestExecutionListener.reinjectDependencies' -> true]]].
00:28:53.232 [main] DEBUG org.springframework.test.context.cache.DefaultCacheAwareContextLoaderDelegate - Retrieved ApplicationContext [1384210339] from cache with key [[WebMergedContextConfiguration@2e2cd42c testClass = RepositorioCategoriaAlimentoTest, locations = '{}', classes = '{class com.tallerwebi.integracion.config.SpringWebTestConfig, class com.tallerwebi.integracion.config.HibernateTestConfig}', contextInitializerClasses = '[]', activeProfiles = '{}', propertySourceLocations = '{}', propertySourceProperties = '{}', contextCustomizers = set[[empty]], resourceBasePath = 'src/main/webapp', contextLoader = 'org.springframework.test.context.web.WebDelegatingSmartContextLoader', parent = [null]]]
00:28:53.232 [main] DEBUG org.springframework.test.context.cache - Spring test ApplicationContext cache statistics: [DefaultContextCache@397dfbe8 size = 1, maxSize = 32, parentContextCount = 0, hitCount = 43, missCount = 1]
00:28:53.232 [main] DEBUG org.springframework.test.context.cache.DefaultCacheAwareContextLoaderDelegate - Retrieved ApplicationContext [1384210339] from cache with key [[WebMergedContextConfiguration@2e2cd42c testClass = RepositorioCategoriaAlimentoTest, locations = '{}', classes = '{class com.tallerwebi.integracion.config.SpringWebTestConfig, class com.tallerwebi.integracion.config.HibernateTestConfig}', contextInitializerClasses = '[]', activeProfiles = '{}', propertySourceLocations = '{}', propertySourceProperties = '{}', contextCustomizers = set[[empty]], resourceBasePath = 'src/main/webapp', contextLoader = 'org.springframework.test.context.web.WebDelegatingSmartContextLoader', parent = [null]]]
00:28:53.232 [main] DEBUG org.springframework.test.context.cache - Spring test ApplicationContext cache statistics: [DefaultContextCache@397dfbe8 size = 1, maxSize = 32, parentContextCount = 0, hitCount = 44, missCount = 1]
00:28:53.232 [main] DEBUG org.springframework.test.context.support.AbstractDirtiesContextTestExecutionListener - Before test method: context [DefaultTestContext@44a9971f testClass = RepositorioCategoriaAlimentoTest, testInstance = com.tallerwebi.dominio.RepositorioCategoriaAlimentoTest@3050d479, testMethod = testObtenerCategoriasPorNombreFallido@RepositorioCategoriaAlimentoTest, testException = [null], mergedContextConfiguration = [WebMergedContextConfiguration@2e2cd42c testClass = RepositorioCategoriaAlimentoTest, locations = '{}', classes = '{class com.tallerwebi.integracion.config.SpringWebTestConfig, class com.tallerwebi.integracion.config.HibernateTestConfig}', contextInitializerClasses = '[]', activeProfiles = '{}', propertySourceLocations = '{}', propertySourceProperties = '{}', contextCustomizers = set[[empty]], resourceBasePath = 'src/main/webapp', contextLoader = 'org.springframework.test.context.web.WebDelegatingSmartContextLoader', parent = [null]], attributes = map['org.springframework.test.context.web.ServletTestExecutionListener.populatedRequestContextHolder' -> true, 'org.springframework.test.context.web.ServletTestExecutionListener.resetRequestContextHolder' -> true]], class annotated with @DirtiesContext [false] with mode [null], method annotated with @DirtiesContext [false] with mode [null].
00:28:53.232 [main] DEBUG org.springframework.test.context.transaction.TransactionalTestExecutionListener - Explicit transaction definition [PROPAGATION_REQUIRED,ISOLATION_DEFAULT] found for test context [DefaultTestContext@44a9971f testClass = RepositorioCategoriaAlimentoTest, testInstance = com.tallerwebi.dominio.RepositorioCategoriaAlimentoTest@3050d479, testMethod = testObtenerCategoriasPorNombreFallido@RepositorioCategoriaAlimentoTest, testException = [null], mergedContextConfiguration = [WebMergedContextConfiguration@2e2cd42c testClass = RepositorioCategoriaAlimentoTest, locations = '{}', classes = '{class com.tallerwebi.integracion.config.SpringWebTestConfig, class com.tallerwebi.integracion.config.HibernateTestConfig}', contextInitializerClasses = '[]', activeProfiles = '{}', propertySourceLocations = '{}', propertySourceProperties = '{}', contextCustomizers = set[[empty]], resourceBasePath = 'src/main/webapp', contextLoader = 'org.springframework.test.context.web.WebDelegatingSmartContextLoader', parent = [null]], attributes = map['org.springframework.test.context.web.ServletTestExecutionListener.populatedRequestContextHolder' -> true, 'org.springframework.test.context.web.ServletTestExecutionListener.resetRequestContextHolder' -> true]]
00:28:53.232 [main] DEBUG org.springframework.test.context.cache.DefaultCacheAwareContextLoaderDelegate - Retrieved ApplicationContext [1384210339] from cache with key [[WebMergedContextConfiguration@2e2cd42c testClass = RepositorioCategoriaAlimentoTest, locations = '{}', classes = '{class com.tallerwebi.integracion.config.SpringWebTestConfig, class com.tallerwebi.integracion.config.HibernateTestConfig}', contextInitializerClasses = '[]', activeProfiles = '{}', propertySourceLocations = '{}', propertySourceProperties = '{}', contextCustomizers = set[[empty]], resourceBasePath = 'src/main/webapp', contextLoader = 'org.springframework.test.context.web.WebDelegatingSmartContextLoader', parent = [null]]]
00:28:53.232 [main] DEBUG org.springframework.test.context.cache - Spring test ApplicationContext cache statistics: [DefaultContextCache@397dfbe8 size = 1, maxSize = 32, parentContextCount = 0, hitCount = 45, missCount = 1]
00:28:53.232 [main] DEBUG org.springframework.test.context.transaction.TransactionalTestExecutionListener - Method-level @Rollback(true) overrides default rollback [true] for test context [DefaultTestContext@44a9971f testClass = RepositorioCategoriaAlimentoTest, testInstance = com.tallerwebi.dominio.RepositorioCategoriaAlimentoTest@3050d479, testMethod = testObtenerCategoriasPorNombreFallido@RepositorioCategoriaAlimentoTest, testException = [null], mergedContextConfiguration = [WebMergedContextConfiguration@2e2cd42c testClass = RepositorioCategoriaAlimentoTest, locations = '{}', classes = '{class com.tallerwebi.integracion.config.SpringWebTestConfig, class com.tallerwebi.integracion.config.HibernateTestConfig}', contextInitializerClasses = '[]', activeProfiles = '{}', propertySourceLocations = '{}', propertySourceProperties = '{}', contextCustomizers = set[[empty]], resourceBasePath = 'src/main/webapp', contextLoader = 'org.springframework.test.context.web.WebDelegatingSmartContextLoader', parent = [null]], attributes = map['org.springframework.test.context.web.ServletTestExecutionListener.populatedRequestContextHolder' -> true, 'org.springframework.test.context.web.ServletTestExecutionListener.resetRequestContextHolder' -> true]].
00:28:53.232 [main] DEBUG org.springframework.orm.hibernate5.HibernateTransactionManager - Creating new transaction with name [com.tallerwebi.dominio.RepositorioCategoriaAlimentoTest.testObtenerCategoriasPorNombreFallido]: PROPAGATION_REQUIRED,ISOLATION_DEFAULT
00:28:53.232 [main] DEBUG org.springframework.orm.hibernate5.HibernateTransactionManager - Opened new Session [SessionImpl(1551501036<open>)] for Hibernate transaction
00:28:53.234 [main] DEBUG org.hibernate.engine.transaction.internal.TransactionImpl - On TransactionImpl creation, JpaCompliance#isJpaTransactionComplianceEnabled == false
00:28:53.234 [main] DEBUG org.hibernate.engine.transaction.internal.TransactionImpl - begin
00:28:53.234 [main] DEBUG org.springframework.jdbc.datasource.DriverManagerDataSource - Creating new JDBC DriverManager Connection to [jdbc:hsqldb:mem:db_]
00:28:53.234 [main] DEBUG org.springframework.orm.hibernate5.HibernateTransactionManager - Exposing Hibernate transaction as JDBC [org.springframework.orm.hibernate5.HibernateTransactionManager$$Lambda$602/0x0000000801596000@697b48e4]
00:28:53.234 [main] INFO org.springframework.test.context.transaction.TransactionContext - Began transaction (1) for test context [DefaultTestContext@44a9971f testClass = RepositorioCategoriaAlimentoTest, testInstance = com.tallerwebi.dominio.RepositorioCategoriaAlimentoTest@3050d479, testMethod = testObtenerCategoriasPorNombreFallido@RepositorioCategoriaAlimentoTest, testException = [null], mergedContextConfiguration = [WebMergedContextConfiguration@2e2cd42c testClass = RepositorioCategoriaAlimentoTest, locations = '{}', classes = '{class com.tallerwebi.integracion.config.SpringWebTestConfig, class com.tallerwebi.integracion.config.HibernateTestConfig}', contextInitializerClasses = '[]', activeProfiles = '{}', propertySourceLocations = '{}', propertySourceProperties = '{}', contextCustomizers = set[[empty]], resourceBasePath = 'src/main/webapp', contextLoader = 'org.springframework.test.context.web.WebDelegatingSmartContextLoader', parent = [null]], attributes = map['org.springframework.test.context.web.ServletTestExecutionListener.populatedRequestContextHolder' -> true, 'org.springframework.test.context.web.ServletTestExecutionListener.resetRequestContextHolder' -> true]]; transaction manager [org.springframework.orm.hibernate5.HibernateTransactionManager@6ad198c9]; rollback [true]
00:28:53.234 [main] DEBUG org.springframework.test.context.cache.DefaultCacheAwareContextLoaderDelegate - Retrieved ApplicationContext [1384210339] from cache with key [[WebMergedContextConfiguration@2e2cd42c testClass = RepositorioCategoriaAlimentoTest, locations = '{}', classes = '{class com.tallerwebi.integracion.config.SpringWebTestConfig, class com.tallerwebi.integracion.config.HibernateTestConfig}', contextInitializerClasses = '[]', activeProfiles = '{}', propertySourceLocations = '{}', propertySourceProperties = '{}', contextCustomizers = set[[empty]], resourceBasePath = 'src/main/webapp', contextLoader = 'org.springframework.test.context.web.WebDelegatingSmartContextLoader', parent = [null]]]
00:28:53.234 [main] DEBUG org.springframework.test.context.cache - Spring test ApplicationContext cache statistics: [DefaultContextCache@397dfbe8 size = 1, maxSize = 32, parentContextCount = 0, hitCount = 46, missCount = 1]
00:28:53.234 [main] DEBUG org.springframework.test.context.cache.DefaultCacheAwareContextLoaderDelegate - Retrieved ApplicationContext [1384210339] from cache with key [[WebMergedContextConfiguration@2e2cd42c testClass = RepositorioCategoriaAlimentoTest, locations = '{}', classes = '{class com.tallerwebi.integracion.config.SpringWebTestConfig, class com.tallerwebi.integracion.config.HibernateTestConfig}', contextInitializerClasses = '[]', activeProfiles = '{}', propertySourceLocations = '{}', propertySourceProperties = '{}', contextCustomizers = set[[empty]], resourceBasePath = 'src/main/webapp', contextLoader = 'org.springframework.test.context.web.WebDelegatingSmartContextLoader', parent = [null]]]
00:28:53.234 [main] DEBUG org.springframework.test.context.cache - Spring test ApplicationContext cache statistics: [DefaultContextCache@397dfbe8 size = 1, maxSize = 32, parentContextCount = 0, hitCount = 47, missCount = 1]
00:28:53.234 [main] DEBUG org.hibernate.engine.spi.ActionQueue - Executing identity-insert immediately
00:28:53.234 [main] DEBUG org.hibernate.SQL - 
    insert 
    into
        CategoriaAlimento
        (id, imagen, nombre) 
    values
        (default, ?, ?)
Hibernate: 
    insert 
    into
        CategoriaAlimento
        (id, imagen, nombre) 
    values
        (default, ?, ?)
00:28:53.234 [main] DEBUG org.hibernate.id.IdentifierGeneratorHelper - Natively generated identity: 9
00:28:53.234 [main] DEBUG org.hibernate.resource.jdbc.internal.ResourceRegistryStandardImpl - HHH000387: ResultSet's statement was not registered
00:28:53.234 [main] DEBUG org.hibernate.engine.spi.ActionQueue - Executing identity-insert immediately
00:28:53.234 [main] DEBUG org.hibernate.SQL - 
    insert 
    into
        CategoriaAlimento
        (id, imagen, nombre) 
    values
        (default, ?, ?)
Hibernate: 
    insert 
    into
        CategoriaAlimento
        (id, imagen, nombre) 
    values
        (default, ?, ?)
00:28:53.235 [main] DEBUG org.hibernate.id.IdentifierGeneratorHelper - Natively generated identity: 10
00:28:53.235 [main] DEBUG org.hibernate.resource.jdbc.internal.ResourceRegistryStandardImpl - HHH000387: ResultSet's statement was not registered
00:28:53.235 [main] DEBUG org.springframework.orm.hibernate5.HibernateTransactionManager - Found thread-bound Session [SessionImpl(1551501036<open>)] for Hibernate transaction
00:28:53.235 [main] DEBUG org.springframework.orm.hibernate5.HibernateTransactionManager - Participating in existing transaction
00:28:53.235 [main] DEBUG org.hibernate.event.internal.AbstractFlushingEventListener - Processing flush-time cascades
00:28:53.235 [main] DEBUG org.hibernate.event.internal.AbstractFlushingEventListener - Dirty checking collections
00:28:53.235 [main] DEBUG org.hibernate.event.internal.AbstractFlushingEventListener - Flushed: 0 insertions, 0 updates, 0 deletions to 2 objects
00:28:53.235 [main] DEBUG org.hibernate.event.internal.AbstractFlushingEventListener - Flushed: 0 (re)creations, 0 updates, 0 removals to 0 collections
00:28:53.235 [main] DEBUG org.hibernate.internal.util.EntityPrinter - Listing entities:
00:28:53.235 [main] DEBUG org.hibernate.internal.util.EntityPrinter - com.tallerwebi.dominio.CategoriaAlimento{imagen=null, id=10, nombre=verduras, alimentos=null}
00:28:53.235 [main] DEBUG org.hibernate.internal.util.EntityPrinter - com.tallerwebi.dominio.CategoriaAlimento{imagen=null, id=9, nombre=fruta, alimentos=null}
00:28:53.235 [main] DEBUG org.hibernate.SQL - 
    select
        categoriaa0_.id as id1_1_,
        categoriaa0_.imagen as imagen2_1_,
        categoriaa0_.nombre as nombre3_1_ 
    from
        CategoriaAlimento categoriaa0_ 
    where
        lower(categoriaa0_.nombre) like lower(?)
Hibernate: 
    select
        categoriaa0_.id as id1_1_,
        categoriaa0_.imagen as imagen2_1_,
        categoriaa0_.nombre as nombre3_1_ 
    from
        CategoriaAlimento categoriaa0_ 
    where
        lower(categoriaa0_.nombre) like lower(?)
00:28:53.235 [main] DEBUG org.springframework.test.context.cache.DefaultCacheAwareContextLoaderDelegate - Retrieved ApplicationContext [1384210339] from cache with key [[WebMergedContextConfiguration@2e2cd42c testClass = RepositorioCategoriaAlimentoTest, locations = '{}', classes = '{class com.tallerwebi.integracion.config.SpringWebTestConfig, class com.tallerwebi.integracion.config.HibernateTestConfig}', contextInitializerClasses = '[]', activeProfiles = '{}', propertySourceLocations = '{}', propertySourceProperties = '{}', contextCustomizers = set[[empty]], resourceBasePath = 'src/main/webapp', contextLoader = 'org.springframework.test.context.web.WebDelegatingSmartContextLoader', parent = [null]]]
00:28:53.235 [main] DEBUG org.springframework.test.context.cache - Spring test ApplicationContext cache statistics: [DefaultContextCache@397dfbe8 size = 1, maxSize = 32, parentContextCount = 0, hitCount = 48, missCount = 1]
00:28:53.235 [main] DEBUG org.springframework.test.context.cache.DefaultCacheAwareContextLoaderDelegate - Retrieved ApplicationContext [1384210339] from cache with key [[WebMergedContextConfiguration@2e2cd42c testClass = RepositorioCategoriaAlimentoTest, locations = '{}', classes = '{class com.tallerwebi.integracion.config.SpringWebTestConfig, class com.tallerwebi.integracion.config.HibernateTestConfig}', contextInitializerClasses = '[]', activeProfiles = '{}', propertySourceLocations = '{}', propertySourceProperties = '{}', contextCustomizers = set[[empty]], resourceBasePath = 'src/main/webapp', contextLoader = 'org.springframework.test.context.web.WebDelegatingSmartContextLoader', parent = [null]]]
00:28:53.235 [main] DEBUG org.springframework.test.context.cache - Spring test ApplicationContext cache statistics: [DefaultContextCache@397dfbe8 size = 1, maxSize = 32, parentContextCount = 0, hitCount = 49, missCount = 1]
00:28:53.236 [main] DEBUG org.springframework.orm.hibernate5.HibernateTransactionManager - Initiating transaction rollback
00:28:53.236 [main] DEBUG org.springframework.orm.hibernate5.HibernateTransactionManager - Rolling back Hibernate transaction on Session [SessionImpl(1551501036<open>)]
00:28:53.236 [main] DEBUG org.hibernate.engine.transaction.internal.TransactionImpl - rolling back
00:28:53.236 [main] DEBUG org.springframework.orm.hibernate5.HibernateTransactionManager - Closing Hibernate Session [SessionImpl(1551501036<open>)] after transaction
00:28:53.236 [main] INFO org.springframework.test.context.transaction.TransactionContext - Rolled back transaction for test: [DefaultTestContext@44a9971f testClass = RepositorioCategoriaAlimentoTest, testInstance = com.tallerwebi.dominio.RepositorioCategoriaAlimentoTest@3050d479, testMethod = testObtenerCategoriasPorNombreFallido@RepositorioCategoriaAlimentoTest, testException = [null], mergedContextConfiguration = [WebMergedContextConfiguration@2e2cd42c testClass = RepositorioCategoriaAlimentoTest, locations = '{}', classes = '{class com.tallerwebi.integracion.config.SpringWebTestConfig, class com.tallerwebi.integracion.config.HibernateTestConfig}', contextInitializerClasses = '[]', activeProfiles = '{}', propertySourceLocations = '{}', propertySourceProperties = '{}', contextCustomizers = set[[empty]], resourceBasePath = 'src/main/webapp', contextLoader = 'org.springframework.test.context.web.WebDelegatingSmartContextLoader', parent = [null]], attributes = map['org.springframework.test.context.web.ServletTestExecutionListener.populatedRequestContextHolder' -> true, 'org.springframework.test.context.web.ServletTestExecutionListener.resetRequestContextHolder' -> true]]
00:28:53.236 [main] DEBUG org.springframework.test.context.support.AbstractDirtiesContextTestExecutionListener - After test method: context [DefaultTestContext@44a9971f testClass = RepositorioCategoriaAlimentoTest, testInstance = com.tallerwebi.dominio.RepositorioCategoriaAlimentoTest@3050d479, testMethod = testObtenerCategoriasPorNombreFallido@RepositorioCategoriaAlimentoTest, testException = [null], mergedContextConfiguration = [WebMergedContextConfiguration@2e2cd42c testClass = RepositorioCategoriaAlimentoTest, locations = '{}', classes = '{class com.tallerwebi.integracion.config.SpringWebTestConfig, class com.tallerwebi.integracion.config.HibernateTestConfig}', contextInitializerClasses = '[]', activeProfiles = '{}', propertySourceLocations = '{}', propertySourceProperties = '{}', contextCustomizers = set[[empty]], resourceBasePath = 'src/main/webapp', contextLoader = 'org.springframework.test.context.web.WebDelegatingSmartContextLoader', parent = [null]], attributes = map['org.springframework.test.context.web.ServletTestExecutionListener.populatedRequestContextHolder' -> true, 'org.springframework.test.context.web.ServletTestExecutionListener.resetRequestContextHolder' -> true]], class annotated with @DirtiesContext [false] with mode [null], method annotated with @DirtiesContext [false] with mode [null].
00:28:53.236 [main] DEBUG org.springframework.test.context.web.ServletTestExecutionListener - Resetting RequestContextHolder for test context [DefaultTestContext@44a9971f testClass = RepositorioCategoriaAlimentoTest, testInstance = com.tallerwebi.dominio.RepositorioCategoriaAlimentoTest@3050d479, testMethod = testObtenerCategoriasPorNombreFallido@RepositorioCategoriaAlimentoTest, testException = [null], mergedContextConfiguration = [WebMergedContextConfiguration@2e2cd42c testClass = RepositorioCategoriaAlimentoTest, locations = '{}', classes = '{class com.tallerwebi.integracion.config.SpringWebTestConfig, class com.tallerwebi.integracion.config.HibernateTestConfig}', contextInitializerClasses = '[]', activeProfiles = '{}', propertySourceLocations = '{}', propertySourceProperties = '{}', contextCustomizers = set[[empty]], resourceBasePath = 'src/main/webapp', contextLoader = 'org.springframework.test.context.web.WebDelegatingSmartContextLoader', parent = [null]], attributes = map['org.springframework.test.context.web.ServletTestExecutionListener.populatedRequestContextHolder' -> true, 'org.springframework.test.context.web.ServletTestExecutionListener.resetRequestContextHolder' -> true]].
]]></system-out>
  </testcase>
  <testcase name="testObtenerTodosLasCategorias" classname="com.tallerwebi.dominio.RepositorioCategoriaAlimentoTest" time="0.006">
    <system-out><![CDATA[00:28:53.236 [main] DEBUG org.springframework.test.context.cache.DefaultCacheAwareContextLoaderDelegate - Retrieved ApplicationContext [1384210339] from cache with key [[WebMergedContextConfiguration@2e2cd42c testClass = RepositorioCategoriaAlimentoTest, locations = '{}', classes = '{class com.tallerwebi.integracion.config.SpringWebTestConfig, class com.tallerwebi.integracion.config.HibernateTestConfig}', contextInitializerClasses = '[]', activeProfiles = '{}', propertySourceLocations = '{}', propertySourceProperties = '{}', contextCustomizers = set[[empty]], resourceBasePath = 'src/main/webapp', contextLoader = 'org.springframework.test.context.web.WebDelegatingSmartContextLoader', parent = [null]]]
00:28:53.236 [main] DEBUG org.springframework.test.context.cache - Spring test ApplicationContext cache statistics: [DefaultContextCache@397dfbe8 size = 1, maxSize = 32, parentContextCount = 0, hitCount = 50, missCount = 1]
00:28:53.237 [main] DEBUG org.springframework.test.context.web.ServletTestExecutionListener - Setting up MockHttpServletRequest, MockHttpServletResponse, ServletWebRequest, and RequestContextHolder for test context [DefaultTestContext@44a9971f testClass = RepositorioCategoriaAlimentoTest, testInstance = com.tallerwebi.dominio.RepositorioCategoriaAlimentoTest@8c34631, testMethod = [null], testException = [null], mergedContextConfiguration = [WebMergedContextConfiguration@2e2cd42c testClass = RepositorioCategoriaAlimentoTest, locations = '{}', classes = '{class com.tallerwebi.integracion.config.SpringWebTestConfig, class com.tallerwebi.integracion.config.HibernateTestConfig}', contextInitializerClasses = '[]', activeProfiles = '{}', propertySourceLocations = '{}', propertySourceProperties = '{}', contextCustomizers = set[[empty]], resourceBasePath = 'src/main/webapp', contextLoader = 'org.springframework.test.context.web.WebDelegatingSmartContextLoader', parent = [null]], attributes = map['org.springframework.test.context.support.DependencyInjectionTestExecutionListener.reinjectDependencies' -> true]].
00:28:53.237 [main] DEBUG org.springframework.test.context.support.DependencyInjectionTestExecutionListener - Performing dependency injection for test context [[DefaultTestContext@44a9971f testClass = RepositorioCategoriaAlimentoTest, testInstance = com.tallerwebi.dominio.RepositorioCategoriaAlimentoTest@8c34631, testMethod = [null], testException = [null], mergedContextConfiguration = [WebMergedContextConfiguration@2e2cd42c testClass = RepositorioCategoriaAlimentoTest, locations = '{}', classes = '{class com.tallerwebi.integracion.config.SpringWebTestConfig, class com.tallerwebi.integracion.config.HibernateTestConfig}', contextInitializerClasses = '[]', activeProfiles = '{}', propertySourceLocations = '{}', propertySourceProperties = '{}', contextCustomizers = set[[empty]], resourceBasePath = 'src/main/webapp', contextLoader = 'org.springframework.test.context.web.WebDelegatingSmartContextLoader', parent = [null]], attributes = map['org.springframework.test.context.web.ServletTestExecutionListener.populatedRequestContextHolder' -> true, 'org.springframework.test.context.web.ServletTestExecutionListener.resetRequestContextHolder' -> true, 'org.springframework.test.context.support.DependencyInjectionTestExecutionListener.reinjectDependencies' -> true]]].
00:28:53.237 [main] DEBUG org.springframework.test.context.cache.DefaultCacheAwareContextLoaderDelegate - Retrieved ApplicationContext [1384210339] from cache with key [[WebMergedContextConfiguration@2e2cd42c testClass = RepositorioCategoriaAlimentoTest, locations = '{}', classes = '{class com.tallerwebi.integracion.config.SpringWebTestConfig, class com.tallerwebi.integracion.config.HibernateTestConfig}', contextInitializerClasses = '[]', activeProfiles = '{}', propertySourceLocations = '{}', propertySourceProperties = '{}', contextCustomizers = set[[empty]], resourceBasePath = 'src/main/webapp', contextLoader = 'org.springframework.test.context.web.WebDelegatingSmartContextLoader', parent = [null]]]
00:28:53.237 [main] DEBUG org.springframework.test.context.cache - Spring test ApplicationContext cache statistics: [DefaultContextCache@397dfbe8 size = 1, maxSize = 32, parentContextCount = 0, hitCount = 51, missCount = 1]
00:28:53.237 [main] DEBUG org.springframework.test.context.cache.DefaultCacheAwareContextLoaderDelegate - Retrieved ApplicationContext [1384210339] from cache with key [[WebMergedContextConfiguration@2e2cd42c testClass = RepositorioCategoriaAlimentoTest, locations = '{}', classes = '{class com.tallerwebi.integracion.config.SpringWebTestConfig, class com.tallerwebi.integracion.config.HibernateTestConfig}', contextInitializerClasses = '[]', activeProfiles = '{}', propertySourceLocations = '{}', propertySourceProperties = '{}', contextCustomizers = set[[empty]], resourceBasePath = 'src/main/webapp', contextLoader = 'org.springframework.test.context.web.WebDelegatingSmartContextLoader', parent = [null]]]
00:28:53.237 [main] DEBUG org.springframework.test.context.cache - Spring test ApplicationContext cache statistics: [DefaultContextCache@397dfbe8 size = 1, maxSize = 32, parentContextCount = 0, hitCount = 52, missCount = 1]
00:28:53.237 [main] DEBUG org.springframework.test.context.support.AbstractDirtiesContextTestExecutionListener - Before test method: context [DefaultTestContext@44a9971f testClass = RepositorioCategoriaAlimentoTest, testInstance = com.tallerwebi.dominio.RepositorioCategoriaAlimentoTest@8c34631, testMethod = testObtenerTodosLasCategorias@RepositorioCategoriaAlimentoTest, testException = [null], mergedContextConfiguration = [WebMergedContextConfiguration@2e2cd42c testClass = RepositorioCategoriaAlimentoTest, locations = '{}', classes = '{class com.tallerwebi.integracion.config.SpringWebTestConfig, class com.tallerwebi.integracion.config.HibernateTestConfig}', contextInitializerClasses = '[]', activeProfiles = '{}', propertySourceLocations = '{}', propertySourceProperties = '{}', contextCustomizers = set[[empty]], resourceBasePath = 'src/main/webapp', contextLoader = 'org.springframework.test.context.web.WebDelegatingSmartContextLoader', parent = [null]], attributes = map['org.springframework.test.context.web.ServletTestExecutionListener.populatedRequestContextHolder' -> true, 'org.springframework.test.context.web.ServletTestExecutionListener.resetRequestContextHolder' -> true]], class annotated with @DirtiesContext [false] with mode [null], method annotated with @DirtiesContext [false] with mode [null].
00:28:53.237 [main] DEBUG org.springframework.test.context.transaction.TransactionalTestExecutionListener - Explicit transaction definition [PROPAGATION_REQUIRED,ISOLATION_DEFAULT] found for test context [DefaultTestContext@44a9971f testClass = RepositorioCategoriaAlimentoTest, testInstance = com.tallerwebi.dominio.RepositorioCategoriaAlimentoTest@8c34631, testMethod = testObtenerTodosLasCategorias@RepositorioCategoriaAlimentoTest, testException = [null], mergedContextConfiguration = [WebMergedContextConfiguration@2e2cd42c testClass = RepositorioCategoriaAlimentoTest, locations = '{}', classes = '{class com.tallerwebi.integracion.config.SpringWebTestConfig, class com.tallerwebi.integracion.config.HibernateTestConfig}', contextInitializerClasses = '[]', activeProfiles = '{}', propertySourceLocations = '{}', propertySourceProperties = '{}', contextCustomizers = set[[empty]], resourceBasePath = 'src/main/webapp', contextLoader = 'org.springframework.test.context.web.WebDelegatingSmartContextLoader', parent = [null]], attributes = map['org.springframework.test.context.web.ServletTestExecutionListener.populatedRequestContextHolder' -> true, 'org.springframework.test.context.web.ServletTestExecutionListener.resetRequestContextHolder' -> true]]
00:28:53.237 [main] DEBUG org.springframework.test.context.cache.DefaultCacheAwareContextLoaderDelegate - Retrieved ApplicationContext [1384210339] from cache with key [[WebMergedContextConfiguration@2e2cd42c testClass = RepositorioCategoriaAlimentoTest, locations = '{}', classes = '{class com.tallerwebi.integracion.config.SpringWebTestConfig, class com.tallerwebi.integracion.config.HibernateTestConfig}', contextInitializerClasses = '[]', activeProfiles = '{}', propertySourceLocations = '{}', propertySourceProperties = '{}', contextCustomizers = set[[empty]], resourceBasePath = 'src/main/webapp', contextLoader = 'org.springframework.test.context.web.WebDelegatingSmartContextLoader', parent = [null]]]
00:28:53.237 [main] DEBUG org.springframework.test.context.cache - Spring test ApplicationContext cache statistics: [DefaultContextCache@397dfbe8 size = 1, maxSize = 32, parentContextCount = 0, hitCount = 53, missCount = 1]
00:28:53.238 [main] DEBUG org.springframework.test.context.transaction.TransactionalTestExecutionListener - Method-level @Rollback(true) overrides default rollback [true] for test context [DefaultTestContext@44a9971f testClass = RepositorioCategoriaAlimentoTest, testInstance = com.tallerwebi.dominio.RepositorioCategoriaAlimentoTest@8c34631, testMethod = testObtenerTodosLasCategorias@RepositorioCategoriaAlimentoTest, testException = [null], mergedContextConfiguration = [WebMergedContextConfiguration@2e2cd42c testClass = RepositorioCategoriaAlimentoTest, locations = '{}', classes = '{class com.tallerwebi.integracion.config.SpringWebTestConfig, class com.tallerwebi.integracion.config.HibernateTestConfig}', contextInitializerClasses = '[]', activeProfiles = '{}', propertySourceLocations = '{}', propertySourceProperties = '{}', contextCustomizers = set[[empty]], resourceBasePath = 'src/main/webapp', contextLoader = 'org.springframework.test.context.web.WebDelegatingSmartContextLoader', parent = [null]], attributes = map['org.springframework.test.context.web.ServletTestExecutionListener.populatedRequestContextHolder' -> true, 'org.springframework.test.context.web.ServletTestExecutionListener.resetRequestContextHolder' -> true]].
00:28:53.238 [main] DEBUG org.springframework.orm.hibernate5.HibernateTransactionManager - Creating new transaction with name [com.tallerwebi.dominio.RepositorioCategoriaAlimentoTest.testObtenerTodosLasCategorias]: PROPAGATION_REQUIRED,ISOLATION_DEFAULT
00:28:53.238 [main] DEBUG org.springframework.orm.hibernate5.HibernateTransactionManager - Opened new Session [SessionImpl(861286727<open>)] for Hibernate transaction
00:28:53.238 [main] DEBUG org.hibernate.engine.transaction.internal.TransactionImpl - On TransactionImpl creation, JpaCompliance#isJpaTransactionComplianceEnabled == false
00:28:53.238 [main] DEBUG org.hibernate.engine.transaction.internal.TransactionImpl - begin
00:28:53.238 [main] DEBUG org.springframework.jdbc.datasource.DriverManagerDataSource - Creating new JDBC DriverManager Connection to [jdbc:hsqldb:mem:db_]
00:28:53.238 [main] DEBUG org.springframework.orm.hibernate5.HibernateTransactionManager - Exposing Hibernate transaction as JDBC [org.springframework.orm.hibernate5.HibernateTransactionManager$$Lambda$602/0x0000000801596000@33239d72]
00:28:53.238 [main] INFO org.springframework.test.context.transaction.TransactionContext - Began transaction (1) for test context [DefaultTestContext@44a9971f testClass = RepositorioCategoriaAlimentoTest, testInstance = com.tallerwebi.dominio.RepositorioCategoriaAlimentoTest@8c34631, testMethod = testObtenerTodosLasCategorias@RepositorioCategoriaAlimentoTest, testException = [null], mergedContextConfiguration = [WebMergedContextConfiguration@2e2cd42c testClass = RepositorioCategoriaAlimentoTest, locations = '{}', classes = '{class com.tallerwebi.integracion.config.SpringWebTestConfig, class com.tallerwebi.integracion.config.HibernateTestConfig}', contextInitializerClasses = '[]', activeProfiles = '{}', propertySourceLocations = '{}', propertySourceProperties = '{}', contextCustomizers = set[[empty]], resourceBasePath = 'src/main/webapp', contextLoader = 'org.springframework.test.context.web.WebDelegatingSmartContextLoader', parent = [null]], attributes = map['org.springframework.test.context.web.ServletTestExecutionListener.populatedRequestContextHolder' -> true, 'org.springframework.test.context.web.ServletTestExecutionListener.resetRequestContextHolder' -> true]]; transaction manager [org.springframework.orm.hibernate5.HibernateTransactionManager@6ad198c9]; rollback [true]
00:28:53.238 [main] DEBUG org.springframework.test.context.cache.DefaultCacheAwareContextLoaderDelegate - Retrieved ApplicationContext [1384210339] from cache with key [[WebMergedContextConfiguration@2e2cd42c testClass = RepositorioCategoriaAlimentoTest, locations = '{}', classes = '{class com.tallerwebi.integracion.config.SpringWebTestConfig, class com.tallerwebi.integracion.config.HibernateTestConfig}', contextInitializerClasses = '[]', activeProfiles = '{}', propertySourceLocations = '{}', propertySourceProperties = '{}', contextCustomizers = set[[empty]], resourceBasePath = 'src/main/webapp', contextLoader = 'org.springframework.test.context.web.WebDelegatingSmartContextLoader', parent = [null]]]
00:28:53.238 [main] DEBUG org.springframework.test.context.cache - Spring test ApplicationContext cache statistics: [DefaultContextCache@397dfbe8 size = 1, maxSize = 32, parentContextCount = 0, hitCount = 54, missCount = 1]
00:28:53.238 [main] DEBUG org.springframework.test.context.cache.DefaultCacheAwareContextLoaderDelegate - Retrieved ApplicationContext [1384210339] from cache with key [[WebMergedContextConfiguration@2e2cd42c testClass = RepositorioCategoriaAlimentoTest, locations = '{}', classes = '{class com.tallerwebi.integracion.config.SpringWebTestConfig, class com.tallerwebi.integracion.config.HibernateTestConfig}', contextInitializerClasses = '[]', activeProfiles = '{}', propertySourceLocations = '{}', propertySourceProperties = '{}', contextCustomizers = set[[empty]], resourceBasePath = 'src/main/webapp', contextLoader = 'org.springframework.test.context.web.WebDelegatingSmartContextLoader', parent = [null]]]
00:28:53.238 [main] DEBUG org.springframework.test.context.cache - Spring test ApplicationContext cache statistics: [DefaultContextCache@397dfbe8 size = 1, maxSize = 32, parentContextCount = 0, hitCount = 55, missCount = 1]
00:28:53.238 [main] DEBUG org.hibernate.engine.spi.ActionQueue - Executing identity-insert immediately
00:28:53.238 [main] DEBUG org.hibernate.SQL - 
    insert 
    into
        CategoriaAlimento
        (id, imagen, nombre) 
    values
        (default, ?, ?)
Hibernate: 
    insert 
    into
        CategoriaAlimento
        (id, imagen, nombre) 
    values
        (default, ?, ?)
00:28:53.238 [main] DEBUG org.hibernate.id.IdentifierGeneratorHelper - Natively generated identity: 11
00:28:53.238 [main] DEBUG org.hibernate.resource.jdbc.internal.ResourceRegistryStandardImpl - HHH000387: ResultSet's statement was not registered
00:28:53.238 [main] DEBUG org.hibernate.engine.spi.ActionQueue - Executing identity-insert immediately
00:28:53.238 [main] DEBUG org.hibernate.SQL - 
    insert 
    into
        CategoriaAlimento
        (id, imagen, nombre) 
    values
        (default, ?, ?)
Hibernate: 
    insert 
    into
        CategoriaAlimento
        (id, imagen, nombre) 
    values
        (default, ?, ?)
00:28:53.240 [main] DEBUG org.hibernate.id.IdentifierGeneratorHelper - Natively generated identity: 12
00:28:53.240 [main] DEBUG org.hibernate.resource.jdbc.internal.ResourceRegistryStandardImpl - HHH000387: ResultSet's statement was not registered
00:28:53.240 [main] DEBUG org.hibernate.engine.spi.ActionQueue - Executing identity-insert immediately
00:28:53.240 [main] DEBUG org.hibernate.SQL - 
    insert 
    into
        CategoriaAlimento
        (id, imagen, nombre) 
    values
        (default, ?, ?)
Hibernate: 
    insert 
    into
        CategoriaAlimento
        (id, imagen, nombre) 
    values
        (default, ?, ?)
00:28:53.240 [main] DEBUG org.hibernate.id.IdentifierGeneratorHelper - Natively generated identity: 13
00:28:53.240 [main] DEBUG org.hibernate.resource.jdbc.internal.ResourceRegistryStandardImpl - HHH000387: ResultSet's statement was not registered
00:28:53.240 [main] DEBUG org.springframework.orm.hibernate5.HibernateTransactionManager - Found thread-bound Session [SessionImpl(861286727<open>)] for Hibernate transaction
00:28:53.240 [main] DEBUG org.springframework.orm.hibernate5.HibernateTransactionManager - Participating in existing transaction
00:28:53.240 [main] DEBUG org.hibernate.hql.internal.ast.QueryTranslatorImpl - parse() - HQL: from com.tallerwebi.dominio.CategoriaAlimento
00:28:53.241 [main] DEBUG org.hibernate.hql.internal.ast.ErrorTracker - throwQueryException() : no errors
00:28:53.241 [main] DEBUG org.hibernate.hql.internal.ast.QueryTranslatorImpl - --- HQL AST ---
 \-[QUERY] Node: 'query'
    \-[SELECT_FROM] Node: 'SELECT_FROM'
       \-[FROM] Node: 'from'
          \-[RANGE] Node: 'RANGE'
             \-[DOT] Node: '.'
                +-[DOT] Node: '.'
                |  +-[DOT] Node: '.'
                |  |  +-[IDENT] Node: 'com'
                |  |  \-[IDENT] Node: 'tallerwebi'
                |  \-[IDENT] Node: 'dominio'
                \-[IDENT] Node: 'CategoriaAlimento'

00:28:53.241 [main] DEBUG org.hibernate.hql.internal.antlr.HqlSqlBaseWalker - select << begin [level=1, statement=select]
00:28:53.241 [main] DEBUG org.hibernate.hql.internal.ast.tree.FromElement - FromClause{level=1} : com.tallerwebi.dominio.CategoriaAlimento (<no alias>) -> categoriaa0_
00:28:53.241 [main] DEBUG org.hibernate.hql.internal.antlr.HqlSqlBaseWalker - select : finishing up [level=1, statement=select]
00:28:53.241 [main] DEBUG org.hibernate.hql.internal.ast.HqlSqlWalker - processQuery() :  ( SELECT ( FromClause{level=1} CategoriaAlimento categoriaa0_ ) )
00:28:53.241 [main] DEBUG org.hibernate.hql.internal.ast.HqlSqlWalker - Derived SELECT clause created.
00:28:53.241 [main] DEBUG org.hibernate.hql.internal.ast.util.JoinProcessor - Tables referenced from query nodes:
 \-QueryNode
    +-SelectClause
    | referencedTables(entity CategoriaAlimento): [CategoriaAlimento]
    |  +-SelectExpressionImpl
    |  | persister: SingleTableEntityPersister(com.tallerwebi.dominio.CategoriaAlimento)
    |  \-SqlFragment
    \-FromClause
       \-FromElement

00:28:53.241 [main] DEBUG org.hibernate.hql.internal.ast.util.JoinProcessor - Using FROM fragment [CategoriaAlimento categoriaa0_]
00:28:53.241 [main] DEBUG org.hibernate.hql.internal.antlr.HqlSqlBaseWalker - select >> end [level=1, statement=select]
00:28:53.241 [main] DEBUG org.hibernate.hql.internal.ast.QueryTranslatorImpl - --- SQL AST ---
 \-[SELECT] QueryNode: 'SELECT'  querySpaces (CategoriaAlimento)
    +-[SELECT_CLAUSE] SelectClause: '{derived select clause}'
    |  +-[SELECT_EXPR] SelectExpressionImpl: 'categoriaa0_.id as id1_1_' {FromElement{explicit,not a collection join,not a fetch join,fetch non-lazy properties,classAlias=null,role=null,tableName=CategoriaAlimento,tableAlias=categoriaa0_,origin=null,columns={,className=com.tallerwebi.dominio.CategoriaAlimento}}}
    |  \-[SQL_TOKEN] SqlFragment: 'categoriaa0_.imagen as imagen2_1_, categoriaa0_.nombre as nombre3_1_'
    \-[FROM] FromClause: 'from' FromClause{level=1, fromElementCounter=1, fromElements=1, fromElementByClassAlias=[], fromElementByTableAlias=[categoriaa0_], fromElementsByPath=[], collectionJoinFromElementsByPath=[], impliedElements=[]}
       \-[FROM_FRAGMENT] FromElement: 'CategoriaAlimento categoriaa0_' FromElement{explicit,not a collection join,not a fetch join,fetch non-lazy properties,classAlias=null,role=null,tableName=CategoriaAlimento,tableAlias=categoriaa0_,origin=null,columns={,className=com.tallerwebi.dominio.CategoriaAlimento}}

00:28:53.241 [main] DEBUG org.hibernate.hql.internal.ast.ErrorTracker - throwQueryException() : no errors
00:28:53.241 [main] DEBUG org.hibernate.hql.internal.ast.QueryTranslatorImpl - HQL: from com.tallerwebi.dominio.CategoriaAlimento
00:28:53.241 [main] DEBUG org.hibernate.hql.internal.ast.QueryTranslatorImpl - SQL: select categoriaa0_.id as id1_1_, categoriaa0_.imagen as imagen2_1_, categoriaa0_.nombre as nombre3_1_ from CategoriaAlimento categoriaa0_
00:28:53.241 [main] DEBUG org.hibernate.hql.internal.ast.ErrorTracker - throwQueryException() : no errors
00:28:53.241 [main] DEBUG org.hibernate.event.internal.AbstractFlushingEventListener - Processing flush-time cascades
00:28:53.241 [main] DEBUG org.hibernate.event.internal.AbstractFlushingEventListener - Dirty checking collections
00:28:53.241 [main] DEBUG org.hibernate.event.internal.AbstractFlushingEventListener - Flushed: 0 insertions, 0 updates, 0 deletions to 3 objects
00:28:53.241 [main] DEBUG org.hibernate.event.internal.AbstractFlushingEventListener - Flushed: 0 (re)creations, 0 updates, 0 removals to 0 collections
00:28:53.241 [main] DEBUG org.hibernate.internal.util.EntityPrinter - Listing entities:
00:28:53.241 [main] DEBUG org.hibernate.internal.util.EntityPrinter - com.tallerwebi.dominio.CategoriaAlimento{imagen=null, id=11, nombre=fruta, alimentos=null}
00:28:53.241 [main] DEBUG org.hibernate.internal.util.EntityPrinter - com.tallerwebi.dominio.CategoriaAlimento{imagen=null, id=12, nombre=verduras, alimentos=null}
00:28:53.241 [main] DEBUG org.hibernate.internal.util.EntityPrinter - com.tallerwebi.dominio.CategoriaAlimento{imagen=null, id=13, nombre=carne, alimentos=null}
00:28:53.242 [main] DEBUG org.hibernate.SQL - 
    select
        categoriaa0_.id as id1_1_,
        categoriaa0_.imagen as imagen2_1_,
        categoriaa0_.nombre as nombre3_1_ 
    from
        CategoriaAlimento categoriaa0_
Hibernate: 
    select
        categoriaa0_.id as id1_1_,
        categoriaa0_.imagen as imagen2_1_,
        categoriaa0_.nombre as nombre3_1_ 
    from
        CategoriaAlimento categoriaa0_
00:28:53.242 [main] DEBUG org.hibernate.loader.Loader - Result set row: 0
00:28:53.242 [main] DEBUG org.hibernate.loader.Loader - Result row: EntityKey[com.tallerwebi.dominio.CategoriaAlimento#11]
00:28:53.242 [main] DEBUG org.hibernate.loader.Loader - Result set row: 1
00:28:53.242 [main] DEBUG org.hibernate.loader.Loader - Result row: EntityKey[com.tallerwebi.dominio.CategoriaAlimento#12]
00:28:53.242 [main] DEBUG org.hibernate.loader.Loader - Result set row: 2
00:28:53.242 [main] DEBUG org.hibernate.loader.Loader - Result row: EntityKey[com.tallerwebi.dominio.CategoriaAlimento#13]
00:28:53.242 [main] DEBUG org.springframework.test.context.cache.DefaultCacheAwareContextLoaderDelegate - Retrieved ApplicationContext [1384210339] from cache with key [[WebMergedContextConfiguration@2e2cd42c testClass = RepositorioCategoriaAlimentoTest, locations = '{}', classes = '{class com.tallerwebi.integracion.config.SpringWebTestConfig, class com.tallerwebi.integracion.config.HibernateTestConfig}', contextInitializerClasses = '[]', activeProfiles = '{}', propertySourceLocations = '{}', propertySourceProperties = '{}', contextCustomizers = set[[empty]], resourceBasePath = 'src/main/webapp', contextLoader = 'org.springframework.test.context.web.WebDelegatingSmartContextLoader', parent = [null]]]
00:28:53.242 [main] DEBUG org.springframework.test.context.cache - Spring test ApplicationContext cache statistics: [DefaultContextCache@397dfbe8 size = 1, maxSize = 32, parentContextCount = 0, hitCount = 56, missCount = 1]
00:28:53.242 [main] DEBUG org.springframework.test.context.cache.DefaultCacheAwareContextLoaderDelegate - Retrieved ApplicationContext [1384210339] from cache with key [[WebMergedContextConfiguration@2e2cd42c testClass = RepositorioCategoriaAlimentoTest, locations = '{}', classes = '{class com.tallerwebi.integracion.config.SpringWebTestConfig, class com.tallerwebi.integracion.config.HibernateTestConfig}', contextInitializerClasses = '[]', activeProfiles = '{}', propertySourceLocations = '{}', propertySourceProperties = '{}', contextCustomizers = set[[empty]], resourceBasePath = 'src/main/webapp', contextLoader = 'org.springframework.test.context.web.WebDelegatingSmartContextLoader', parent = [null]]]
00:28:53.242 [main] DEBUG org.springframework.test.context.cache - Spring test ApplicationContext cache statistics: [DefaultContextCache@397dfbe8 size = 1, maxSize = 32, parentContextCount = 0, hitCount = 57, missCount = 1]
00:28:53.242 [main] DEBUG org.springframework.orm.hibernate5.HibernateTransactionManager - Initiating transaction rollback
00:28:53.242 [main] DEBUG org.springframework.orm.hibernate5.HibernateTransactionManager - Rolling back Hibernate transaction on Session [SessionImpl(861286727<open>)]
00:28:53.242 [main] DEBUG org.hibernate.engine.transaction.internal.TransactionImpl - rolling back
00:28:53.242 [main] DEBUG org.springframework.orm.hibernate5.HibernateTransactionManager - Closing Hibernate Session [SessionImpl(861286727<open>)] after transaction
00:28:53.242 [main] INFO org.springframework.test.context.transaction.TransactionContext - Rolled back transaction for test: [DefaultTestContext@44a9971f testClass = RepositorioCategoriaAlimentoTest, testInstance = com.tallerwebi.dominio.RepositorioCategoriaAlimentoTest@8c34631, testMethod = testObtenerTodosLasCategorias@RepositorioCategoriaAlimentoTest, testException = [null], mergedContextConfiguration = [WebMergedContextConfiguration@2e2cd42c testClass = RepositorioCategoriaAlimentoTest, locations = '{}', classes = '{class com.tallerwebi.integracion.config.SpringWebTestConfig, class com.tallerwebi.integracion.config.HibernateTestConfig}', contextInitializerClasses = '[]', activeProfiles = '{}', propertySourceLocations = '{}', propertySourceProperties = '{}', contextCustomizers = set[[empty]], resourceBasePath = 'src/main/webapp', contextLoader = 'org.springframework.test.context.web.WebDelegatingSmartContextLoader', parent = [null]], attributes = map['org.springframework.test.context.web.ServletTestExecutionListener.populatedRequestContextHolder' -> true, 'org.springframework.test.context.web.ServletTestExecutionListener.resetRequestContextHolder' -> true]]
00:28:53.242 [main] DEBUG org.springframework.test.context.support.AbstractDirtiesContextTestExecutionListener - After test method: context [DefaultTestContext@44a9971f testClass = RepositorioCategoriaAlimentoTest, testInstance = com.tallerwebi.dominio.RepositorioCategoriaAlimentoTest@8c34631, testMethod = testObtenerTodosLasCategorias@RepositorioCategoriaAlimentoTest, testException = [null], mergedContextConfiguration = [WebMergedContextConfiguration@2e2cd42c testClass = RepositorioCategoriaAlimentoTest, locations = '{}', classes = '{class com.tallerwebi.integracion.config.SpringWebTestConfig, class com.tallerwebi.integracion.config.HibernateTestConfig}', contextInitializerClasses = '[]', activeProfiles = '{}', propertySourceLocations = '{}', propertySourceProperties = '{}', contextCustomizers = set[[empty]], resourceBasePath = 'src/main/webapp', contextLoader = 'org.springframework.test.context.web.WebDelegatingSmartContextLoader', parent = [null]], attributes = map['org.springframework.test.context.web.ServletTestExecutionListener.populatedRequestContextHolder' -> true, 'org.springframework.test.context.web.ServletTestExecutionListener.resetRequestContextHolder' -> true]], class annotated with @DirtiesContext [false] with mode [null], method annotated with @DirtiesContext [false] with mode [null].
00:28:53.242 [main] DEBUG org.springframework.test.context.web.ServletTestExecutionListener - Resetting RequestContextHolder for test context [DefaultTestContext@44a9971f testClass = RepositorioCategoriaAlimentoTest, testInstance = com.tallerwebi.dominio.RepositorioCategoriaAlimentoTest@8c34631, testMethod = testObtenerTodosLasCategorias@RepositorioCategoriaAlimentoTest, testException = [null], mergedContextConfiguration = [WebMergedContextConfiguration@2e2cd42c testClass = RepositorioCategoriaAlimentoTest, locations = '{}', classes = '{class com.tallerwebi.integracion.config.SpringWebTestConfig, class com.tallerwebi.integracion.config.HibernateTestConfig}', contextInitializerClasses = '[]', activeProfiles = '{}', propertySourceLocations = '{}', propertySourceProperties = '{}', contextCustomizers = set[[empty]], resourceBasePath = 'src/main/webapp', contextLoader = 'org.springframework.test.context.web.WebDelegatingSmartContextLoader', parent = [null]], attributes = map['org.springframework.test.context.web.ServletTestExecutionListener.populatedRequestContextHolder' -> true, 'org.springframework.test.context.web.ServletTestExecutionListener.resetRequestContextHolder' -> true]].
]]></system-out>
  </testcase>
</testsuite>