<?xml version="1.0" encoding="UTF-8"?>
<testsuite xmlns:xsi="http://www.w3.org/2001/XMLSchema-instance" xsi:noNamespaceSchemaLocation="https://maven.apache.org/surefire/maven-surefire-plugin/xsd/surefire-test-report-3.0.xsd" version="3.0" name="com.tallerwebi.dominio.RepositorioNotificacionUsuarioTest" time="0.039" tests="4" errors="0" skipped="0" failures="1">
  <properties>
[...]
</properties>
  <testcase name="testNoObtenerUsuarioInexistente" classname="com.tallerwebi.dominio.RepositorioNotificacionUsuarioTest" time="0.006">
    <system-out><![CDATA[00:28:53.293 [main] DEBUG org.springframework.test.context.BootstrapUtils - Instantiating CacheAwareContextLoaderDelegate from class [org.springframework.test.context.cache.DefaultCacheAwareContextLoaderDelegate]
00:28:53.293 [main] DEBUG org.springframework.test.context.BootstrapUtils - Instantiating BootstrapContext using constructor [public org.springframework.test.context.support.DefaultBootstrapContext(java.lang.Class,org.springframework.test.context.CacheAwareContextLoaderDelegate)]
00:28:53.294 [main] DEBUG org.springframework.test.context.BootstrapUtils - Instantiating TestContextBootstrapper for test class [com.tallerwebi.dominio.RepositorioNotificacionUsuarioTest] from class [org.springframework.test.context.web.WebTestContextBootstrapper]
00:28:53.294 [main] DEBUG org.springframework.test.context.support.AbstractDelegatingSmartContextLoader - Delegating to AnnotationConfigWebContextLoader to process context configuration [ContextConfigurationAttributes@43e86c0c declaringClass = 'com.tallerwebi.dominio.RepositorioNotificacionUsuarioTest', classes = '{class com.tallerwebi.integracion.config.SpringWebTestConfig, class com.tallerwebi.integracion.config.HibernateTestConfig}', locations = '{}', inheritLocations = true, initializers = '{}', inheritInitializers = true, name = [null], contextLoaderClass = 'org.springframework.test.context.ContextLoader'].
00:28:53.294 [main] DEBUG org.springframework.test.context.support.ActiveProfilesUtils - Could not find an 'annotation declaring class' for annotation type [org.springframework.test.context.ActiveProfiles] and class [com.tallerwebi.dominio.RepositorioNotificacionUsuarioTest]
00:28:53.294 [main] DEBUG org.springframework.test.context.web.WebTestContextBootstrapper - @TestExecutionListeners is not present for class [com.tallerwebi.dominio.RepositorioNotificacionUsuarioTest]: using defaults.
00:28:53.294 [main] INFO org.springframework.test.context.web.WebTestContextBootstrapper - Loaded default TestExecutionListener class names from location [META-INF/spring.factories]: [org.springframework.test.context.web.ServletTestExecutionListener, org.springframework.test.context.support.DirtiesContextBeforeModesTestExecutionListener, org.springframework.test.context.support.DependencyInjectionTestExecutionListener, org.springframework.test.context.support.DirtiesContextTestExecutionListener, org.springframework.test.context.transaction.TransactionalTestExecutionListener, org.springframework.test.context.jdbc.SqlScriptsTestExecutionListener, org.springframework.test.context.event.EventPublishingTestExecutionListener]
00:28:53.294 [main] INFO org.springframework.test.context.web.WebTestContextBootstrapper - Using TestExecutionListeners: [org.springframework.test.context.web.ServletTestExecutionListener@c6c58ce, org.springframework.test.context.support.DirtiesContextBeforeModesTestExecutionListener@6d4c7248, org.springframework.test.context.support.DependencyInjectionTestExecutionListener@178ebac3, org.springframework.test.context.support.DirtiesContextTestExecutionListener@17063c32, org.springframework.test.context.transaction.TransactionalTestExecutionListener@79c2bc34, org.springframework.test.context.jdbc.SqlScriptsTestExecutionListener@77925f76, org.springframework.test.context.event.EventPublishingTestExecutionListener@15a8bbe5]
00:28:53.294 [main] DEBUG org.springframework.test.context.support.AbstractDirtiesContextTestExecutionListener - Before test class: context [DefaultTestContext@3369e2ce testClass = RepositorioNotificacionUsuarioTest, testInstance = [null], testMethod = [null], testException = [null], mergedContextConfiguration = [WebMergedContextConfiguration@5f26cb8b testClass = RepositorioNotificacionUsuarioTest, locations = '{}', classes = '{class com.tallerwebi.integracion.config.SpringWebTestConfig, class com.tallerwebi.integracion.config.HibernateTestConfig}', contextInitializerClasses = '[]', activeProfiles = '{}', propertySourceLocations = '{}', propertySourceProperties = '{}', contextCustomizers = set[[empty]], resourceBasePath = 'src/main/webapp', contextLoader = 'org.springframework.test.context.web.WebDelegatingSmartContextLoader', parent = [null]], attributes = map[[empty]]], class annotated with @DirtiesContext [false] with mode [null].
00:28:53.294 [main] DEBUG org.springframework.test.context.cache.DefaultCacheAwareContextLoaderDelegate - Retrieved ApplicationContext [1384210339] from cache with key [[WebMergedContextConfiguration@5f26cb8b testClass = RepositorioNotificacionUsuarioTest, locations = '{}', classes = '{class com.tallerwebi.integracion.config.SpringWebTestConfig, class com.tallerwebi.integracion.config.HibernateTestConfig}', contextInitializerClasses = '[]', activeProfiles = '{}', propertySourceLocations = '{}', propertySourceProperties = '{}', contextCustomizers = set[[empty]], resourceBasePath = 'src/main/webapp', contextLoader = 'org.springframework.test.context.web.WebDelegatingSmartContextLoader', parent = [null]]]
00:28:53.294 [main] DEBUG org.springframework.test.context.cache - Spring test ApplicationContext cache statistics: [DefaultContextCache@397dfbe8 size = 1, maxSize = 32, parentContextCount = 0, hitCount = 89, missCount = 1]
00:28:53.295 [main] DEBUG org.springframework.test.context.cache.DefaultCacheAwareContextLoaderDelegate - Retrieved ApplicationContext [1384210339] from cache with key [[WebMergedContextConfiguration@5f26cb8b testClass = RepositorioNotificacionUsuarioTest, locations = '{}', classes = '{class com.tallerwebi.integracion.config.SpringWebTestConfig, class com.tallerwebi.integracion.config.HibernateTestConfig}', contextInitializerClasses = '[]', activeProfiles = '{}', propertySourceLocations = '{}', propertySourceProperties = '{}', contextCustomizers = set[[empty]], resourceBasePath = 'src/main/webapp', contextLoader = 'org.springframework.test.context.web.WebDelegatingSmartContextLoader', parent = [null]]]
00:28:53.295 [main] DEBUG org.springframework.test.context.cache - Spring test ApplicationContext cache statistics: [DefaultContextCache@397dfbe8 size = 1, maxSize = 32, parentContextCount = 0, hitCount = 90, missCount = 1]
00:28:53.295 [main] DEBUG org.springframework.test.context.web.ServletTestExecutionListener - Setting up MockHttpServletRequest, MockHttpServletResponse, ServletWebRequest, and RequestContextHolder for test context [DefaultTestContext@3369e2ce testClass = RepositorioNotificacionUsuarioTest, testInstance = com.tallerwebi.dominio.RepositorioNotificacionUsuarioTest@3a2a56f6, testMethod = [null], testException = [null], mergedContextConfiguration = [WebMergedContextConfiguration@5f26cb8b testClass = RepositorioNotificacionUsuarioTest, locations = '{}', classes = '{class com.tallerwebi.integracion.config.SpringWebTestConfig, class com.tallerwebi.integracion.config.HibernateTestConfig}', contextInitializerClasses = '[]', activeProfiles = '{}', propertySourceLocations = '{}', propertySourceProperties = '{}', contextCustomizers = set[[empty]], resourceBasePath = 'src/main/webapp', contextLoader = 'org.springframework.test.context.web.WebDelegatingSmartContextLoader', parent = [null]], attributes = map[[empty]]].
00:28:53.295 [main] DEBUG org.springframework.test.context.support.DependencyInjectionTestExecutionListener - Performing dependency injection for test context [[DefaultTestContext@3369e2ce testClass = RepositorioNotificacionUsuarioTest, testInstance = com.tallerwebi.dominio.RepositorioNotificacionUsuarioTest@3a2a56f6, testMethod = [null], testException = [null], mergedContextConfiguration = [WebMergedContextConfiguration@5f26cb8b testClass = RepositorioNotificacionUsuarioTest, locations = '{}', classes = '{class com.tallerwebi.integracion.config.SpringWebTestConfig, class com.tallerwebi.integracion.config.HibernateTestConfig}', contextInitializerClasses = '[]', activeProfiles = '{}', propertySourceLocations = '{}', propertySourceProperties = '{}', contextCustomizers = set[[empty]], resourceBasePath = 'src/main/webapp', contextLoader = 'org.springframework.test.context.web.WebDelegatingSmartContextLoader', parent = [null]], attributes = map['org.springframework.test.context.web.ServletTestExecutionListener.populatedRequestContextHolder' -> true, 'org.springframework.test.context.web.ServletTestExecutionListener.resetRequestContextHolder' -> true]]].
00:28:53.295 [main] DEBUG org.springframework.test.context.cache.DefaultCacheAwareContextLoaderDelegate - Retrieved ApplicationContext [1384210339] from cache with key [[WebMergedContextConfiguration@5f26cb8b testClass = RepositorioNotificacionUsuarioTest, locations = '{}', classes = '{class com.tallerwebi.integracion.config.SpringWebTestConfig, class com.tallerwebi.integracion.config.HibernateTestConfig}', contextInitializerClasses = '[]', activeProfiles = '{}', propertySourceLocations = '{}', propertySourceProperties = '{}', contextCustomizers = set[[empty]], resourceBasePath = 'src/main/webapp', contextLoader = 'org.springframework.test.context.web.WebDelegatingSmartContextLoader', parent = [null]]]
00:28:53.295 [main] DEBUG org.springframework.test.context.cache - Spring test ApplicationContext cache statistics: [DefaultContextCache@397dfbe8 size = 1, maxSize = 32, parentContextCount = 0, hitCount = 91, missCount = 1]
00:28:53.295 [main] DEBUG org.springframework.test.context.cache.DefaultCacheAwareContextLoaderDelegate - Retrieved ApplicationContext [1384210339] from cache with key [[WebMergedContextConfiguration@5f26cb8b testClass = RepositorioNotificacionUsuarioTest, locations = '{}', classes = '{class com.tallerwebi.integracion.config.SpringWebTestConfig, class com.tallerwebi.integracion.config.HibernateTestConfig}', contextInitializerClasses = '[]', activeProfiles = '{}', propertySourceLocations = '{}', propertySourceProperties = '{}', contextCustomizers = set[[empty]], resourceBasePath = 'src/main/webapp', contextLoader = 'org.springframework.test.context.web.WebDelegatingSmartContextLoader', parent = [null]]]
00:28:53.295 [main] DEBUG org.springframework.test.context.cache - Spring test ApplicationContext cache statistics: [DefaultContextCache@397dfbe8 size = 1, maxSize = 32, parentContextCount = 0, hitCount = 92, missCount = 1]
00:28:53.296 [main] DEBUG org.springframework.test.context.support.AbstractDirtiesContextTestExecutionListener - Before test method: context [DefaultTestContext@3369e2ce testClass = RepositorioNotificacionUsuarioTest, testInstance = com.tallerwebi.dominio.RepositorioNotificacionUsuarioTest@3a2a56f6, testMethod = testNoObtenerUsuarioInexistente@RepositorioNotificacionUsuarioTest, testException = [null], mergedContextConfiguration = [WebMergedContextConfiguration@5f26cb8b testClass = RepositorioNotificacionUsuarioTest, locations = '{}', classes = '{class com.tallerwebi.integracion.config.SpringWebTestConfig, class com.tallerwebi.integracion.config.HibernateTestConfig}', contextInitializerClasses = '[]', activeProfiles = '{}', propertySourceLocations = '{}', propertySourceProperties = '{}', contextCustomizers = set[[empty]], resourceBasePath = 'src/main/webapp', contextLoader = 'org.springframework.test.context.web.WebDelegatingSmartContextLoader', parent = [null]], attributes = map['org.springframework.test.context.web.ServletTestExecutionListener.populatedRequestContextHolder' -> true, 'org.springframework.test.context.web.ServletTestExecutionListener.resetRequestContextHolder' -> true]], class annotated with @DirtiesContext [false] with mode [null], method annotated with @DirtiesContext [false] with mode [null].
00:28:53.296 [main] DEBUG org.springframework.test.context.transaction.TransactionalTestExecutionListener - Explicit transaction definition [PROPAGATION_REQUIRED,ISOLATION_DEFAULT] found for test context [DefaultTestContext@3369e2ce testClass = RepositorioNotificacionUsuarioTest, testInstance = com.tallerwebi.dominio.RepositorioNotificacionUsuarioTest@3a2a56f6, testMethod = testNoObtenerUsuarioInexistente@RepositorioNotificacionUsuarioTest, testException = [null], mergedContextConfiguration = [WebMergedContextConfiguration@5f26cb8b testClass = RepositorioNotificacionUsuarioTest, locations = '{}', classes = '{class com.tallerwebi.integracion.config.SpringWebTestConfig, class com.tallerwebi.integracion.config.HibernateTestConfig}', contextInitializerClasses = '[]', activeProfiles = '{}', propertySourceLocations = '{}', propertySourceProperties = '{}', contextCustomizers = set[[empty]], resourceBasePath = 'src/main/webapp', contextLoader = 'org.springframework.test.context.web.WebDelegatingSmartContextLoader', parent = [null]], attributes = map['org.springframework.test.context.web.ServletTestExecutionListener.populatedRequestContextHolder' -> true, 'org.springframework.test.context.web.ServletTestExecutionListener.resetRequestContextHolder' -> true]]
00:28:53.296 [main] DEBUG org.springframework.test.context.cache.DefaultCacheAwareContextLoaderDelegate - Retrieved ApplicationContext [1384210339] from cache with key [[WebMergedContextConfiguration@5f26cb8b testClass = RepositorioNotificacionUsuarioTest, locations = '{}', classes = '{class com.tallerwebi.integracion.config.SpringWebTestConfig, class com.tallerwebi.integracion.config.HibernateTestConfig}', contextInitializerClasses = '[]', activeProfiles = '{}', propertySourceLocations = '{}', propertySourceProperties = '{}', contextCustomizers = set[[empty]], resourceBasePath = 'src/main/webapp', contextLoader = 'org.springframework.test.context.web.WebDelegatingSmartContextLoader', parent = [null]]]
00:28:53.296 [main] DEBUG org.springframework.test.context.cache - Spring test ApplicationContext cache statistics: [DefaultContextCache@397dfbe8 size = 1, maxSize = 32, parentContextCount = 0, hitCount = 93, missCount = 1]
00:28:53.296 [main] DEBUG org.springframework.test.context.transaction.TransactionalTestExecutionListener - Method-level @Rollback(true) overrides default rollback [true] for test context [DefaultTestContext@3369e2ce testClass = RepositorioNotificacionUsuarioTest, testInstance = com.tallerwebi.dominio.RepositorioNotificacionUsuarioTest@3a2a56f6, testMethod = testNoObtenerUsuarioInexistente@RepositorioNotificacionUsuarioTest, testException = [null], mergedContextConfiguration = [WebMergedContextConfiguration@5f26cb8b testClass = RepositorioNotificacionUsuarioTest, locations = '{}', classes = '{class com.tallerwebi.integracion.config.SpringWebTestConfig, class com.tallerwebi.integracion.config.HibernateTestConfig}', contextInitializerClasses = '[]', activeProfiles = '{}', propertySourceLocations = '{}', propertySourceProperties = '{}', contextCustomizers = set[[empty]], resourceBasePath = 'src/main/webapp', contextLoader = 'org.springframework.test.context.web.WebDelegatingSmartContextLoader', parent = [null]], attributes = map['org.springframework.test.context.web.ServletTestExecutionListener.populatedRequestContextHolder' -> true, 'org.springframework.test.context.web.ServletTestExecutionListener.resetRequestContextHolder' -> true]].
00:28:53.296 [main] DEBUG org.springframework.orm.hibernate5.HibernateTransactionManager - Creating new transaction with name [com.tallerwebi.dominio.RepositorioNotificacionUsuarioTest.testNoObtenerUsuarioInexistente]: PROPAGATION_REQUIRED,ISOLATION_DEFAULT
00:28:53.296 [main] DEBUG org.springframework.orm.hibernate5.HibernateTransactionManager - Opened new Session [SessionImpl(2141044241<open>)] for Hibernate transaction
00:28:53.296 [main] DEBUG org.hibernate.engine.transaction.internal.TransactionImpl - On TransactionImpl creation, JpaCompliance#isJpaTransactionComplianceEnabled == false
00:28:53.296 [main] DEBUG org.hibernate.engine.transaction.internal.TransactionImpl - begin
00:28:53.296 [main] DEBUG org.springframework.jdbc.datasource.DriverManagerDataSource - Creating new JDBC DriverManager Connection to [jdbc:hsqldb:mem:db_]
00:28:53.297 [main] DEBUG org.springframework.orm.hibernate5.HibernateTransactionManager - Exposing Hibernate transaction as JDBC [org.springframework.orm.hibernate5.HibernateTransactionManager$$Lambda$602/0x0000000801596000@17e8caf2]
00:28:53.297 [main] INFO org.springframework.test.context.transaction.TransactionContext - Began transaction (1) for test context [DefaultTestContext@3369e2ce testClass = RepositorioNotificacionUsuarioTest, testInstance = com.tallerwebi.dominio.RepositorioNotificacionUsuarioTest@3a2a56f6, testMethod = testNoObtenerUsuarioInexistente@RepositorioNotificacionUsuarioTest, testException = [null], mergedContextConfiguration = [WebMergedContextConfiguration@5f26cb8b testClass = RepositorioNotificacionUsuarioTest, locations = '{}', classes = '{class com.tallerwebi.integracion.config.SpringWebTestConfig, class com.tallerwebi.integracion.config.HibernateTestConfig}', contextInitializerClasses = '[]', activeProfiles = '{}', propertySourceLocations = '{}', propertySourceProperties = '{}', contextCustomizers = set[[empty]], resourceBasePath = 'src/main/webapp', contextLoader = 'org.springframework.test.context.web.WebDelegatingSmartContextLoader', parent = [null]], attributes = map['org.springframework.test.context.web.ServletTestExecutionListener.populatedRequestContextHolder' -> true, 'org.springframework.test.context.web.ServletTestExecutionListener.resetRequestContextHolder' -> true]]; transaction manager [org.springframework.orm.hibernate5.HibernateTransactionManager@6ad198c9]; rollback [true]
00:28:53.297 [main] DEBUG org.springframework.test.context.cache.DefaultCacheAwareContextLoaderDelegate - Retrieved ApplicationContext [1384210339] from cache with key [[WebMergedContextConfiguration@5f26cb8b testClass = RepositorioNotificacionUsuarioTest, locations = '{}', classes = '{class com.tallerwebi.integracion.config.SpringWebTestConfig, class com.tallerwebi.integracion.config.HibernateTestConfig}', contextInitializerClasses = '[]', activeProfiles = '{}', propertySourceLocations = '{}', propertySourceProperties = '{}', contextCustomizers = set[[empty]], resourceBasePath = 'src/main/webapp', contextLoader = 'org.springframework.test.context.web.WebDelegatingSmartContextLoader', parent = [null]]]
00:28:53.297 [main] DEBUG org.springframework.test.context.cache - Spring test ApplicationContext cache statistics: [DefaultContextCache@397dfbe8 size = 1, maxSize = 32, parentContextCount = 0, hitCount = 94, missCount = 1]
00:28:53.297 [main] DEBUG org.springframework.test.context.cache.DefaultCacheAwareContextLoaderDelegate - Retrieved ApplicationContext [1384210339] from cache with key [[WebMergedContextConfiguration@5f26cb8b testClass = RepositorioNotificacionUsuarioTest, locations = '{}', classes = '{class com.tallerwebi.integracion.config.SpringWebTestConfig, class com.tallerwebi.integracion.config.HibernateTestConfig}', contextInitializerClasses = '[]', activeProfiles = '{}', propertySourceLocations = '{}', propertySourceProperties = '{}', contextCustomizers = set[[empty]], resourceBasePath = 'src/main/webapp', contextLoader = 'org.springframework.test.context.web.WebDelegatingSmartContextLoader', parent = [null]]]
00:28:53.297 [main] DEBUG org.springframework.test.context.cache - Spring test ApplicationContext cache statistics: [DefaultContextCache@397dfbe8 size = 1, maxSize = 32, parentContextCount = 0, hitCount = 95, missCount = 1]
00:28:53.297 [main] DEBUG org.springframework.orm.hibernate5.HibernateTransactionManager - Found thread-bound Session [SessionImpl(2141044241<open>)] for Hibernate transaction
00:28:53.297 [main] DEBUG org.springframework.orm.hibernate5.HibernateTransactionManager - Participating in existing transaction
00:28:53.298 [main] DEBUG org.hibernate.hql.internal.ast.QueryTranslatorImpl - parse() - HQL: from com.tallerwebi.dominio.NotificacionUsuario nu where nu.notificacion.id=:idNotificacion and nu.usuario.id=:idUsuario
00:28:53.298 [main] DEBUG org.hibernate.hql.internal.ast.ErrorTracker - throwQueryException() : no errors
00:28:53.298 [main] DEBUG org.hibernate.hql.internal.ast.QueryTranslatorImpl - --- HQL AST ---
 \-[QUERY] Node: 'query'
    +-[SELECT_FROM] Node: 'SELECT_FROM'
    |  \-[FROM] Node: 'from'
    |     \-[RANGE] Node: 'RANGE'
    |        +-[DOT] Node: '.'
    |        |  +-[DOT] Node: '.'
    |        |  |  +-[DOT] Node: '.'
    |        |  |  |  +-[IDENT] Node: 'com'
    |        |  |  |  \-[IDENT] Node: 'tallerwebi'
    |        |  |  \-[IDENT] Node: 'dominio'
    |        |  \-[IDENT] Node: 'NotificacionUsuario'
    |        \-[ALIAS] Node: 'nu'
    \-[WHERE] Node: 'where'
       \-[AND] Node: 'and'
          +-[EQ] Node: '='
          |  +-[DOT] Node: '.'
          |  |  +-[DOT] Node: '.'
          |  |  |  +-[IDENT] Node: 'nu'
          |  |  |  \-[IDENT] Node: 'notificacion'
          |  |  \-[IDENT] Node: 'id'
          |  \-[COLON] Node: ':'
          |     \-[IDENT] Node: 'idNotificacion'
          \-[EQ] Node: '='
             +-[DOT] Node: '.'
             |  +-[DOT] Node: '.'
             |  |  +-[IDENT] Node: 'nu'
             |  |  \-[IDENT] Node: 'usuario'
             |  \-[IDENT] Node: 'id'
             \-[COLON] Node: ':'
                \-[IDENT] Node: 'idUsuario'

00:28:53.299 [main] DEBUG org.hibernate.hql.internal.antlr.HqlSqlBaseWalker - select << begin [level=1, statement=select]
00:28:53.299 [main] DEBUG org.hibernate.hql.internal.ast.tree.FromElement - FromClause{level=1} : com.tallerwebi.dominio.NotificacionUsuario (nu) -> notificaci0_
00:28:53.299 [main] DEBUG org.hibernate.hql.internal.ast.tree.FromReferenceNode - Resolved : nu -> notificaci0_.id
00:28:53.299 [main] DEBUG org.hibernate.hql.internal.ast.tree.DotNode - getDataType() : notificacion -> org.hibernate.type.ManyToOneType(com.tallerwebi.dominio.Notificacion)
00:28:53.299 [main] DEBUG org.hibernate.hql.internal.ast.tree.DotNode - dereferenceShortcut() : property id in com.tallerwebi.dominio.NotificacionUsuario does not require a join.
00:28:53.299 [main] DEBUG org.hibernate.hql.internal.ast.tree.DotNode - Unresolved property path is now 'notificacion.id'
00:28:53.299 [main] DEBUG org.hibernate.hql.internal.ast.tree.FromReferenceNode - Resolved : nu.notificacion -> notificaci0_.notificacion_id
00:28:53.299 [main] DEBUG org.hibernate.hql.internal.ast.tree.DotNode - getDataType() : notificacion.id -> org.hibernate.type.LongType@1fd7a37
00:28:53.299 [main] DEBUG org.hibernate.hql.internal.ast.tree.FromReferenceNode - Resolved : nu.notificacion.id -> notificaci0_.notificacion_id
00:28:53.299 [main] DEBUG org.hibernate.hql.internal.ast.tree.FromReferenceNode - Resolved : nu -> notificaci0_.id
00:28:53.299 [main] DEBUG org.hibernate.hql.internal.ast.tree.DotNode - getDataType() : usuario -> org.hibernate.type.ManyToOneType(com.tallerwebi.dominio.Usuario)
00:28:53.299 [main] DEBUG org.hibernate.hql.internal.ast.tree.DotNode - dereferenceShortcut() : property id in com.tallerwebi.dominio.NotificacionUsuario does not require a join.
00:28:53.299 [main] DEBUG org.hibernate.hql.internal.ast.tree.DotNode - Unresolved property path is now 'usuario.id'
00:28:53.299 [main] DEBUG org.hibernate.hql.internal.ast.tree.FromReferenceNode - Resolved : nu.usuario -> notificaci0_.usuario_id
00:28:53.299 [main] DEBUG org.hibernate.hql.internal.ast.tree.DotNode - getDataType() : usuario.id -> org.hibernate.type.LongType@1fd7a37
00:28:53.299 [main] DEBUG org.hibernate.hql.internal.ast.tree.FromReferenceNode - Resolved : nu.usuario.id -> notificaci0_.usuario_id
00:28:53.299 [main] DEBUG org.hibernate.hql.internal.antlr.HqlSqlBaseWalker - select : finishing up [level=1, statement=select]
00:28:53.299 [main] DEBUG org.hibernate.hql.internal.ast.HqlSqlWalker - processQuery() :  ( SELECT ( FromClause{level=1} NotificacionUsuario notificaci0_ ) ( where ( and ( = ( notificaci0_.notificacion_id ( notificaci0_.notificacion_id notificaci0_.id notificacion ) id ) ? ) ( = ( notificaci0_.usuario_id ( notificaci0_.usuario_id notificaci0_.id usuario ) id ) ? ) ) ) )
00:28:53.299 [main] DEBUG org.hibernate.hql.internal.ast.HqlSqlWalker - Derived SELECT clause created.
00:28:53.299 [main] DEBUG org.hibernate.hql.internal.ast.util.JoinProcessor - Tables referenced from query nodes:
 \-QueryNode
    +-SelectClause
    | referencedTables(entity NotificacionUsuario): [NotificacionUsuario]
    |  +-SelectExpressionImpl
    |  | persister: SingleTableEntityPersister(com.tallerwebi.dominio.NotificacionUsuario)
    |  \-SqlFragment
    +-FromClause
    |  \-FromElement
    \-SqlNode
       \-SqlNode
          +-BinaryLogicOperatorNode
          |  +-DotNode
          |  | persister: SingleTableEntityPersister(com.tallerwebi.dominio.NotificacionUsuario)
          |  | path: nu.notificacion.id
          |  |  +-DotNode
          |  |  | persister: SingleTableEntityPersister(com.tallerwebi.dominio.NotificacionUsuario)
          |  |  | path: nu.notificacion
          |  |  |  +-IdentNode
          |  |  |  | persister: SingleTableEntityPersister(com.tallerwebi.dominio.NotificacionUsuario)
          |  |  |  | originalText: nu
          |  |  |  \-IdentNode
          |  |  |    persister: null
          |  |  |    originalText: notificacion
          |  |  \-IdentNode
          |  |    persister: null
          |  |    originalText: id
          |  \-ParameterNode
          \-BinaryLogicOperatorNode
             +-DotNode
             | persister: SingleTableEntityPersister(com.tallerwebi.dominio.NotificacionUsuario)
             | path: nu.usuario.id
             |  +-DotNode
             |  | persister: SingleTableEntityPersister(com.tallerwebi.dominio.NotificacionUsuario)
             |  | path: nu.usuario
             |  |  +-IdentNode
             |  |  | persister: SingleTableEntityPersister(com.tallerwebi.dominio.NotificacionUsuario)
             |  |  | originalText: nu
             |  |  \-IdentNode
             |  |    persister: null
             |  |    originalText: usuario
             |  \-IdentNode
             |    persister: null
             |    originalText: id
             \-ParameterNode

00:28:53.299 [main] DEBUG org.hibernate.hql.internal.ast.util.JoinProcessor - Using FROM fragment [NotificacionUsuario notificaci0_]
00:28:53.299 [main] DEBUG org.hibernate.hql.internal.antlr.HqlSqlBaseWalker - select >> end [level=1, statement=select]
00:28:53.300 [main] DEBUG org.hibernate.hql.internal.ast.QueryTranslatorImpl - --- SQL AST ---
 \-[SELECT] QueryNode: 'SELECT'  querySpaces (NotificacionUsuario)
    +-[SELECT_CLAUSE] SelectClause: '{derived select clause}'
    |  +-[SELECT_EXPR] SelectExpressionImpl: 'notificaci0_.id as id1_10_' {FromElement{explicit,not a collection join,not a fetch join,fetch non-lazy properties,classAlias=nu,role=null,tableName=NotificacionUsuario,tableAlias=notificaci0_,origin=null,columns={,className=com.tallerwebi.dominio.NotificacionUsuario}}}
    |  \-[SQL_TOKEN] SqlFragment: 'notificaci0_.fechaHora as fechahor2_10_, notificaci0_.leida as leida3_10_, notificaci0_.notificacion_id as notifica4_10_, notificaci0_.usuario_id as usuario_5_10_'
    +-[FROM] FromClause: 'from' FromClause{level=1, fromElementCounter=1, fromElements=1, fromElementByClassAlias=[nu], fromElementByTableAlias=[notificaci0_], fromElementsByPath=[], collectionJoinFromElementsByPath=[], impliedElements=[]}
    |  \-[FROM_FRAGMENT] FromElement: 'NotificacionUsuario notificaci0_' FromElement{explicit,not a collection join,not a fetch join,fetch non-lazy properties,classAlias=nu,role=null,tableName=NotificacionUsuario,tableAlias=notificaci0_,origin=null,columns={,className=com.tallerwebi.dominio.NotificacionUsuario}}
    \-[WHERE] SqlNode: 'where'
       \-[AND] SqlNode: 'and'
          +-[EQ] BinaryLogicOperatorNode: '='
          |  +-[DOT] DotNode: 'notificaci0_.notificacion_id' {propertyName=id,dereferenceType=PRIMITIVE,getPropertyPath=notificacion.id,path=nu.notificacion.id,tableAlias=notificaci0_,className=com.tallerwebi.dominio.NotificacionUsuario,classAlias=nu}
          |  |  +-[DOT] DotNode: 'notificaci0_.notificacion_id' {propertyName=id,dereferenceType=UNKNOWN,getPropertyPath=notificacion.id,path=nu.notificacion,tableAlias=notificaci0_,className=com.tallerwebi.dominio.NotificacionUsuario,classAlias=nu}
          |  |  |  +-[ALIAS_REF] IdentNode: 'notificaci0_.id' {alias=nu, className=com.tallerwebi.dominio.NotificacionUsuario, tableAlias=notificaci0_}
          |  |  |  \-[IDENT] IdentNode: 'notificacion' {originalText=notificacion}
          |  |  \-[IDENT] IdentNode: 'id' {originalText=id}
          |  \-[NAMED_PARAM] ParameterNode: '?' {name=idNotificacion, expectedType=org.hibernate.type.LongType@1fd7a37}
          \-[EQ] BinaryLogicOperatorNode: '='
             +-[DOT] DotNode: 'notificaci0_.usuario_id' {propertyName=id,dereferenceType=PRIMITIVE,getPropertyPath=usuario.id,path=nu.usuario.id,tableAlias=notificaci0_,className=com.tallerwebi.dominio.NotificacionUsuario,classAlias=nu}
             |  +-[DOT] DotNode: 'notificaci0_.usuario_id' {propertyName=id,dereferenceType=UNKNOWN,getPropertyPath=usuario.id,path=nu.usuario,tableAlias=notificaci0_,className=com.tallerwebi.dominio.NotificacionUsuario,classAlias=nu}
             |  |  +-[ALIAS_REF] IdentNode: 'notificaci0_.id' {alias=nu, className=com.tallerwebi.dominio.NotificacionUsuario, tableAlias=notificaci0_}
             |  |  \-[IDENT] IdentNode: 'usuario' {originalText=usuario}
             |  \-[IDENT] IdentNode: 'id' {originalText=id}
             \-[NAMED_PARAM] ParameterNode: '?' {name=idUsuario, expectedType=org.hibernate.type.LongType@1fd7a37}

00:28:53.300 [main] DEBUG org.hibernate.hql.internal.ast.ErrorTracker - throwQueryException() : no errors
00:28:53.300 [main] DEBUG org.hibernate.hql.internal.ast.QueryTranslatorImpl - HQL: from com.tallerwebi.dominio.NotificacionUsuario nu where nu.notificacion.id=:idNotificacion and nu.usuario.id=:idUsuario
00:28:53.300 [main] DEBUG org.hibernate.hql.internal.ast.QueryTranslatorImpl - SQL: select notificaci0_.id as id1_10_, notificaci0_.fechaHora as fechahor2_10_, notificaci0_.leida as leida3_10_, notificaci0_.notificacion_id as notifica4_10_, notificaci0_.usuario_id as usuario_5_10_ from NotificacionUsuario notificaci0_ where notificaci0_.notificacion_id=? and notificaci0_.usuario_id=?
00:28:53.300 [main] DEBUG org.hibernate.hql.internal.ast.ErrorTracker - throwQueryException() : no errors
00:28:53.300 [main] DEBUG org.hibernate.SQL - 
    select
        notificaci0_.id as id1_10_,
        notificaci0_.fechaHora as fechahor2_10_,
        notificaci0_.leida as leida3_10_,
        notificaci0_.notificacion_id as notifica4_10_,
        notificaci0_.usuario_id as usuario_5_10_ 
    from
        NotificacionUsuario notificaci0_ 
    where
        notificaci0_.notificacion_id=? 
        and notificaci0_.usuario_id=?
Hibernate: 
    select
        notificaci0_.id as id1_10_,
        notificaci0_.fechaHora as fechahor2_10_,
        notificaci0_.leida as leida3_10_,
        notificaci0_.notificacion_id as notifica4_10_,
        notificaci0_.usuario_id as usuario_5_10_ 
    from
        NotificacionUsuario notificaci0_ 
    where
        notificaci0_.notificacion_id=? 
        and notificaci0_.usuario_id=?
00:28:53.301 [main] DEBUG org.springframework.test.context.cache.DefaultCacheAwareContextLoaderDelegate - Retrieved ApplicationContext [1384210339] from cache with key [[WebMergedContextConfiguration@5f26cb8b testClass = RepositorioNotificacionUsuarioTest, locations = '{}', classes = '{class com.tallerwebi.integracion.config.SpringWebTestConfig, class com.tallerwebi.integracion.config.HibernateTestConfig}', contextInitializerClasses = '[]', activeProfiles = '{}', propertySourceLocations = '{}', propertySourceProperties = '{}', contextCustomizers = set[[empty]], resourceBasePath = 'src/main/webapp', contextLoader = 'org.springframework.test.context.web.WebDelegatingSmartContextLoader', parent = [null]]]
00:28:53.301 [main] DEBUG org.springframework.test.context.cache - Spring test ApplicationContext cache statistics: [DefaultContextCache@397dfbe8 size = 1, maxSize = 32, parentContextCount = 0, hitCount = 96, missCount = 1]
00:28:53.301 [main] DEBUG org.springframework.test.context.cache.DefaultCacheAwareContextLoaderDelegate - Retrieved ApplicationContext [1384210339] from cache with key [[WebMergedContextConfiguration@5f26cb8b testClass = RepositorioNotificacionUsuarioTest, locations = '{}', classes = '{class com.tallerwebi.integracion.config.SpringWebTestConfig, class com.tallerwebi.integracion.config.HibernateTestConfig}', contextInitializerClasses = '[]', activeProfiles = '{}', propertySourceLocations = '{}', propertySourceProperties = '{}', contextCustomizers = set[[empty]], resourceBasePath = 'src/main/webapp', contextLoader = 'org.springframework.test.context.web.WebDelegatingSmartContextLoader', parent = [null]]]
00:28:53.301 [main] DEBUG org.springframework.test.context.cache - Spring test ApplicationContext cache statistics: [DefaultContextCache@397dfbe8 size = 1, maxSize = 32, parentContextCount = 0, hitCount = 97, missCount = 1]
00:28:53.301 [main] DEBUG org.springframework.orm.hibernate5.HibernateTransactionManager - Initiating transaction rollback
00:28:53.301 [main] DEBUG org.springframework.orm.hibernate5.HibernateTransactionManager - Rolling back Hibernate transaction on Session [SessionImpl(2141044241<open>)]
00:28:53.301 [main] DEBUG org.hibernate.engine.transaction.internal.TransactionImpl - rolling back
00:28:53.301 [main] DEBUG org.springframework.orm.hibernate5.HibernateTransactionManager - Closing Hibernate Session [SessionImpl(2141044241<open>)] after transaction
00:28:53.301 [main] INFO org.springframework.test.context.transaction.TransactionContext - Rolled back transaction for test: [DefaultTestContext@3369e2ce testClass = RepositorioNotificacionUsuarioTest, testInstance = com.tallerwebi.dominio.RepositorioNotificacionUsuarioTest@3a2a56f6, testMethod = testNoObtenerUsuarioInexistente@RepositorioNotificacionUsuarioTest, testException = [null], mergedContextConfiguration = [WebMergedContextConfiguration@5f26cb8b testClass = RepositorioNotificacionUsuarioTest, locations = '{}', classes = '{class com.tallerwebi.integracion.config.SpringWebTestConfig, class com.tallerwebi.integracion.config.HibernateTestConfig}', contextInitializerClasses = '[]', activeProfiles = '{}', propertySourceLocations = '{}', propertySourceProperties = '{}', contextCustomizers = set[[empty]], resourceBasePath = 'src/main/webapp', contextLoader = 'org.springframework.test.context.web.WebDelegatingSmartContextLoader', parent = [null]], attributes = map['org.springframework.test.context.web.ServletTestExecutionListener.populatedRequestContextHolder' -> true, 'org.springframework.test.context.web.ServletTestExecutionListener.resetRequestContextHolder' -> true]]
00:28:53.302 [main] DEBUG org.springframework.test.context.support.AbstractDirtiesContextTestExecutionListener - After test method: context [DefaultTestContext@3369e2ce testClass = RepositorioNotificacionUsuarioTest, testInstance = com.tallerwebi.dominio.RepositorioNotificacionUsuarioTest@3a2a56f6, testMethod = testNoObtenerUsuarioInexistente@RepositorioNotificacionUsuarioTest, testException = [null], mergedContextConfiguration = [WebMergedContextConfiguration@5f26cb8b testClass = RepositorioNotificacionUsuarioTest, locations = '{}', classes = '{class com.tallerwebi.integracion.config.SpringWebTestConfig, class com.tallerwebi.integracion.config.HibernateTestConfig}', contextInitializerClasses = '[]', activeProfiles = '{}', propertySourceLocations = '{}', propertySourceProperties = '{}', contextCustomizers = set[[empty]], resourceBasePath = 'src/main/webapp', contextLoader = 'org.springframework.test.context.web.WebDelegatingSmartContextLoader', parent = [null]], attributes = map['org.springframework.test.context.web.ServletTestExecutionListener.populatedRequestContextHolder' -> true, 'org.springframework.test.context.web.ServletTestExecutionListener.resetRequestContextHolder' -> true]], class annotated with @DirtiesContext [false] with mode [null], method annotated with @DirtiesContext [false] with mode [null].
00:28:53.302 [main] DEBUG org.springframework.test.context.web.ServletTestExecutionListener - Resetting RequestContextHolder for test context [DefaultTestContext@3369e2ce testClass = RepositorioNotificacionUsuarioTest, testInstance = com.tallerwebi.dominio.RepositorioNotificacionUsuarioTest@3a2a56f6, testMethod = testNoObtenerUsuarioInexistente@RepositorioNotificacionUsuarioTest, testException = [null], mergedContextConfiguration = [WebMergedContextConfiguration@5f26cb8b testClass = RepositorioNotificacionUsuarioTest, locations = '{}', classes = '{class com.tallerwebi.integracion.config.SpringWebTestConfig, class com.tallerwebi.integracion.config.HibernateTestConfig}', contextInitializerClasses = '[]', activeProfiles = '{}', propertySourceLocations = '{}', propertySourceProperties = '{}', contextCustomizers = set[[empty]], resourceBasePath = 'src/main/webapp', contextLoader = 'org.springframework.test.context.web.WebDelegatingSmartContextLoader', parent = [null]], attributes = map['org.springframework.test.context.web.ServletTestExecutionListener.populatedRequestContextHolder' -> true, 'org.springframework.test.context.web.ServletTestExecutionListener.resetRequestContextHolder' -> true]].
]]></system-out>
  </testcase>
  <testcase name="testObtenerNotificacionUsuarioPorIdNotificacionYIdUsuario" classname="com.tallerwebi.dominio.RepositorioNotificacionUsuarioTest" time="0.007">
    <failure type="org.opentest4j.AssertionFailedError"><![CDATA[org.opentest4j.AssertionFailedError: expected: not <null>
	at com.tallerwebi.dominio.RepositorioNotificacionUsuarioTest.thenObtenerNotificacionUsuario(RepositorioNotificacionUsuarioTest.java:62)
	at com.tallerwebi.dominio.RepositorioNotificacionUsuarioTest.testObtenerNotificacionUsuarioPorIdNotificacionYIdUsuario(RepositorioNotificacionUsuarioTest.java:41)
]]></failure>
    <system-out><![CDATA[00:28:53.302 [main] DEBUG org.springframework.test.context.cache.DefaultCacheAwareContextLoaderDelegate - Retrieved ApplicationContext [1384210339] from cache with key [[WebMergedContextConfiguration@5f26cb8b testClass = RepositorioNotificacionUsuarioTest, locations = '{}', classes = '{class com.tallerwebi.integracion.config.SpringWebTestConfig, class com.tallerwebi.integracion.config.HibernateTestConfig}', contextInitializerClasses = '[]', activeProfiles = '{}', propertySourceLocations = '{}', propertySourceProperties = '{}', contextCustomizers = set[[empty]], resourceBasePath = 'src/main/webapp', contextLoader = 'org.springframework.test.context.web.WebDelegatingSmartContextLoader', parent = [null]]]
00:28:53.302 [main] DEBUG org.springframework.test.context.cache - Spring test ApplicationContext cache statistics: [DefaultContextCache@397dfbe8 size = 1, maxSize = 32, parentContextCount = 0, hitCount = 98, missCount = 1]
00:28:53.302 [main] DEBUG org.springframework.test.context.web.ServletTestExecutionListener - Setting up MockHttpServletRequest, MockHttpServletResponse, ServletWebRequest, and RequestContextHolder for test context [DefaultTestContext@3369e2ce testClass = RepositorioNotificacionUsuarioTest, testInstance = com.tallerwebi.dominio.RepositorioNotificacionUsuarioTest@54b96813, testMethod = [null], testException = [null], mergedContextConfiguration = [WebMergedContextConfiguration@5f26cb8b testClass = RepositorioNotificacionUsuarioTest, locations = '{}', classes = '{class com.tallerwebi.integracion.config.SpringWebTestConfig, class com.tallerwebi.integracion.config.HibernateTestConfig}', contextInitializerClasses = '[]', activeProfiles = '{}', propertySourceLocations = '{}', propertySourceProperties = '{}', contextCustomizers = set[[empty]], resourceBasePath = 'src/main/webapp', contextLoader = 'org.springframework.test.context.web.WebDelegatingSmartContextLoader', parent = [null]], attributes = map['org.springframework.test.context.support.DependencyInjectionTestExecutionListener.reinjectDependencies' -> true]].
00:28:53.302 [main] DEBUG org.springframework.test.context.support.DependencyInjectionTestExecutionListener - Performing dependency injection for test context [[DefaultTestContext@3369e2ce testClass = RepositorioNotificacionUsuarioTest, testInstance = com.tallerwebi.dominio.RepositorioNotificacionUsuarioTest@54b96813, testMethod = [null], testException = [null], mergedContextConfiguration = [WebMergedContextConfiguration@5f26cb8b testClass = RepositorioNotificacionUsuarioTest, locations = '{}', classes = '{class com.tallerwebi.integracion.config.SpringWebTestConfig, class com.tallerwebi.integracion.config.HibernateTestConfig}', contextInitializerClasses = '[]', activeProfiles = '{}', propertySourceLocations = '{}', propertySourceProperties = '{}', contextCustomizers = set[[empty]], resourceBasePath = 'src/main/webapp', contextLoader = 'org.springframework.test.context.web.WebDelegatingSmartContextLoader', parent = [null]], attributes = map['org.springframework.test.context.web.ServletTestExecutionListener.populatedRequestContextHolder' -> true, 'org.springframework.test.context.web.ServletTestExecutionListener.resetRequestContextHolder' -> true, 'org.springframework.test.context.support.DependencyInjectionTestExecutionListener.reinjectDependencies' -> true]]].
00:28:53.302 [main] DEBUG org.springframework.test.context.cache.DefaultCacheAwareContextLoaderDelegate - Retrieved ApplicationContext [1384210339] from cache with key [[WebMergedContextConfiguration@5f26cb8b testClass = RepositorioNotificacionUsuarioTest, locations = '{}', classes = '{class com.tallerwebi.integracion.config.SpringWebTestConfig, class com.tallerwebi.integracion.config.HibernateTestConfig}', contextInitializerClasses = '[]', activeProfiles = '{}', propertySourceLocations = '{}', propertySourceProperties = '{}', contextCustomizers = set[[empty]], resourceBasePath = 'src/main/webapp', contextLoader = 'org.springframework.test.context.web.WebDelegatingSmartContextLoader', parent = [null]]]
00:28:53.302 [main] DEBUG org.springframework.test.context.cache - Spring test ApplicationContext cache statistics: [DefaultContextCache@397dfbe8 size = 1, maxSize = 32, parentContextCount = 0, hitCount = 99, missCount = 1]
00:28:53.302 [main] DEBUG org.springframework.test.context.cache.DefaultCacheAwareContextLoaderDelegate - Retrieved ApplicationContext [1384210339] from cache with key [[WebMergedContextConfiguration@5f26cb8b testClass = RepositorioNotificacionUsuarioTest, locations = '{}', classes = '{class com.tallerwebi.integracion.config.SpringWebTestConfig, class com.tallerwebi.integracion.config.HibernateTestConfig}', contextInitializerClasses = '[]', activeProfiles = '{}', propertySourceLocations = '{}', propertySourceProperties = '{}', contextCustomizers = set[[empty]], resourceBasePath = 'src/main/webapp', contextLoader = 'org.springframework.test.context.web.WebDelegatingSmartContextLoader', parent = [null]]]
00:28:53.302 [main] DEBUG org.springframework.test.context.cache - Spring test ApplicationContext cache statistics: [DefaultContextCache@397dfbe8 size = 1, maxSize = 32, parentContextCount = 0, hitCount = 100, missCount = 1]
00:28:53.302 [main] DEBUG org.springframework.test.context.support.AbstractDirtiesContextTestExecutionListener - Before test method: context [DefaultTestContext@3369e2ce testClass = RepositorioNotificacionUsuarioTest, testInstance = com.tallerwebi.dominio.RepositorioNotificacionUsuarioTest@54b96813, testMethod = testObtenerNotificacionUsuarioPorIdNotificacionYIdUsuario@RepositorioNotificacionUsuarioTest, testException = [null], mergedContextConfiguration = [WebMergedContextConfiguration@5f26cb8b testClass = RepositorioNotificacionUsuarioTest, locations = '{}', classes = '{class com.tallerwebi.integracion.config.SpringWebTestConfig, class com.tallerwebi.integracion.config.HibernateTestConfig}', contextInitializerClasses = '[]', activeProfiles = '{}', propertySourceLocations = '{}', propertySourceProperties = '{}', contextCustomizers = set[[empty]], resourceBasePath = 'src/main/webapp', contextLoader = 'org.springframework.test.context.web.WebDelegatingSmartContextLoader', parent = [null]], attributes = map['org.springframework.test.context.web.ServletTestExecutionListener.populatedRequestContextHolder' -> true, 'org.springframework.test.context.web.ServletTestExecutionListener.resetRequestContextHolder' -> true]], class annotated with @DirtiesContext [false] with mode [null], method annotated with @DirtiesContext [false] with mode [null].
00:28:53.302 [main] DEBUG org.springframework.test.context.transaction.TransactionalTestExecutionListener - Explicit transaction definition [PROPAGATION_REQUIRED,ISOLATION_DEFAULT] found for test context [DefaultTestContext@3369e2ce testClass = RepositorioNotificacionUsuarioTest, testInstance = com.tallerwebi.dominio.RepositorioNotificacionUsuarioTest@54b96813, testMethod = testObtenerNotificacionUsuarioPorIdNotificacionYIdUsuario@RepositorioNotificacionUsuarioTest, testException = [null], mergedContextConfiguration = [WebMergedContextConfiguration@5f26cb8b testClass = RepositorioNotificacionUsuarioTest, locations = '{}', classes = '{class com.tallerwebi.integracion.config.SpringWebTestConfig, class com.tallerwebi.integracion.config.HibernateTestConfig}', contextInitializerClasses = '[]', activeProfiles = '{}', propertySourceLocations = '{}', propertySourceProperties = '{}', contextCustomizers = set[[empty]], resourceBasePath = 'src/main/webapp', contextLoader = 'org.springframework.test.context.web.WebDelegatingSmartContextLoader', parent = [null]], attributes = map['org.springframework.test.context.web.ServletTestExecutionListener.populatedRequestContextHolder' -> true, 'org.springframework.test.context.web.ServletTestExecutionListener.resetRequestContextHolder' -> true]]
00:28:53.302 [main] DEBUG org.springframework.test.context.cache.DefaultCacheAwareContextLoaderDelegate - Retrieved ApplicationContext [1384210339] from cache with key [[WebMergedContextConfiguration@5f26cb8b testClass = RepositorioNotificacionUsuarioTest, locations = '{}', classes = '{class com.tallerwebi.integracion.config.SpringWebTestConfig, class com.tallerwebi.integracion.config.HibernateTestConfig}', contextInitializerClasses = '[]', activeProfiles = '{}', propertySourceLocations = '{}', propertySourceProperties = '{}', contextCustomizers = set[[empty]], resourceBasePath = 'src/main/webapp', contextLoader = 'org.springframework.test.context.web.WebDelegatingSmartContextLoader', parent = [null]]]
00:28:53.302 [main] DEBUG org.springframework.test.context.cache - Spring test ApplicationContext cache statistics: [DefaultContextCache@397dfbe8 size = 1, maxSize = 32, parentContextCount = 0, hitCount = 101, missCount = 1]
00:28:53.302 [main] DEBUG org.springframework.test.context.transaction.TransactionalTestExecutionListener - Method-level @Rollback(true) overrides default rollback [true] for test context [DefaultTestContext@3369e2ce testClass = RepositorioNotificacionUsuarioTest, testInstance = com.tallerwebi.dominio.RepositorioNotificacionUsuarioTest@54b96813, testMethod = testObtenerNotificacionUsuarioPorIdNotificacionYIdUsuario@RepositorioNotificacionUsuarioTest, testException = [null], mergedContextConfiguration = [WebMergedContextConfiguration@5f26cb8b testClass = RepositorioNotificacionUsuarioTest, locations = '{}', classes = '{class com.tallerwebi.integracion.config.SpringWebTestConfig, class com.tallerwebi.integracion.config.HibernateTestConfig}', contextInitializerClasses = '[]', activeProfiles = '{}', propertySourceLocations = '{}', propertySourceProperties = '{}', contextCustomizers = set[[empty]], resourceBasePath = 'src/main/webapp', contextLoader = 'org.springframework.test.context.web.WebDelegatingSmartContextLoader', parent = [null]], attributes = map['org.springframework.test.context.web.ServletTestExecutionListener.populatedRequestContextHolder' -> true, 'org.springframework.test.context.web.ServletTestExecutionListener.resetRequestContextHolder' -> true]].
00:28:53.302 [main] DEBUG org.springframework.orm.hibernate5.HibernateTransactionManager - Creating new transaction with name [com.tallerwebi.dominio.RepositorioNotificacionUsuarioTest.testObtenerNotificacionUsuarioPorIdNotificacionYIdUsuario]: PROPAGATION_REQUIRED,ISOLATION_DEFAULT
00:28:53.302 [main] DEBUG org.springframework.orm.hibernate5.HibernateTransactionManager - Opened new Session [SessionImpl(725418930<open>)] for Hibernate transaction
00:28:53.302 [main] DEBUG org.hibernate.engine.transaction.internal.TransactionImpl - On TransactionImpl creation, JpaCompliance#isJpaTransactionComplianceEnabled == false
00:28:53.302 [main] DEBUG org.hibernate.engine.transaction.internal.TransactionImpl - begin
00:28:53.305 [main] DEBUG org.springframework.jdbc.datasource.DriverManagerDataSource - Creating new JDBC DriverManager Connection to [jdbc:hsqldb:mem:db_]
00:28:53.305 [main] DEBUG org.springframework.orm.hibernate5.HibernateTransactionManager - Exposing Hibernate transaction as JDBC [org.springframework.orm.hibernate5.HibernateTransactionManager$$Lambda$602/0x0000000801596000@542beecb]
00:28:53.305 [main] INFO org.springframework.test.context.transaction.TransactionContext - Began transaction (1) for test context [DefaultTestContext@3369e2ce testClass = RepositorioNotificacionUsuarioTest, testInstance = com.tallerwebi.dominio.RepositorioNotificacionUsuarioTest@54b96813, testMethod = testObtenerNotificacionUsuarioPorIdNotificacionYIdUsuario@RepositorioNotificacionUsuarioTest, testException = [null], mergedContextConfiguration = [WebMergedContextConfiguration@5f26cb8b testClass = RepositorioNotificacionUsuarioTest, locations = '{}', classes = '{class com.tallerwebi.integracion.config.SpringWebTestConfig, class com.tallerwebi.integracion.config.HibernateTestConfig}', contextInitializerClasses = '[]', activeProfiles = '{}', propertySourceLocations = '{}', propertySourceProperties = '{}', contextCustomizers = set[[empty]], resourceBasePath = 'src/main/webapp', contextLoader = 'org.springframework.test.context.web.WebDelegatingSmartContextLoader', parent = [null]], attributes = map['org.springframework.test.context.web.ServletTestExecutionListener.populatedRequestContextHolder' -> true, 'org.springframework.test.context.web.ServletTestExecutionListener.resetRequestContextHolder' -> true]]; transaction manager [org.springframework.orm.hibernate5.HibernateTransactionManager@6ad198c9]; rollback [true]
00:28:53.305 [main] DEBUG org.springframework.test.context.cache.DefaultCacheAwareContextLoaderDelegate - Retrieved ApplicationContext [1384210339] from cache with key [[WebMergedContextConfiguration@5f26cb8b testClass = RepositorioNotificacionUsuarioTest, locations = '{}', classes = '{class com.tallerwebi.integracion.config.SpringWebTestConfig, class com.tallerwebi.integracion.config.HibernateTestConfig}', contextInitializerClasses = '[]', activeProfiles = '{}', propertySourceLocations = '{}', propertySourceProperties = '{}', contextCustomizers = set[[empty]], resourceBasePath = 'src/main/webapp', contextLoader = 'org.springframework.test.context.web.WebDelegatingSmartContextLoader', parent = [null]]]
00:28:53.305 [main] DEBUG org.springframework.test.context.cache - Spring test ApplicationContext cache statistics: [DefaultContextCache@397dfbe8 size = 1, maxSize = 32, parentContextCount = 0, hitCount = 102, missCount = 1]
00:28:53.305 [main] DEBUG org.springframework.test.context.cache.DefaultCacheAwareContextLoaderDelegate - Retrieved ApplicationContext [1384210339] from cache with key [[WebMergedContextConfiguration@5f26cb8b testClass = RepositorioNotificacionUsuarioTest, locations = '{}', classes = '{class com.tallerwebi.integracion.config.SpringWebTestConfig, class com.tallerwebi.integracion.config.HibernateTestConfig}', contextInitializerClasses = '[]', activeProfiles = '{}', propertySourceLocations = '{}', propertySourceProperties = '{}', contextCustomizers = set[[empty]], resourceBasePath = 'src/main/webapp', contextLoader = 'org.springframework.test.context.web.WebDelegatingSmartContextLoader', parent = [null]]]
00:28:53.305 [main] DEBUG org.springframework.test.context.cache - Spring test ApplicationContext cache statistics: [DefaultContextCache@397dfbe8 size = 1, maxSize = 32, parentContextCount = 0, hitCount = 103, missCount = 1]
00:28:53.305 [main] DEBUG org.hibernate.engine.spi.ActionQueue - Executing identity-insert immediately
00:28:53.305 [main] DEBUG org.hibernate.SQL - 
    insert 
    into
        Notificacion
        (id, contenido, titulo) 
    values
        (default, ?, ?)
Hibernate: 
    insert 
    into
        Notificacion
        (id, contenido, titulo) 
    values
        (default, ?, ?)
00:28:53.306 [main] DEBUG org.hibernate.id.IdentifierGeneratorHelper - Natively generated identity: 3
00:28:53.306 [main] DEBUG org.hibernate.resource.jdbc.internal.ResourceRegistryStandardImpl - HHH000387: ResultSet's statement was not registered
00:28:53.306 [main] DEBUG org.hibernate.engine.spi.ActionQueue - Executing identity-insert immediately
00:28:53.306 [main] DEBUG org.hibernate.SQL - 
    insert 
    into
        Usuario
        (id, altura, edad, email, genero, imagen, ingestaCalorica, metaAlcanzarPeso, nivelDeActividad, nombre, password, peso, pesoInicial, premium) 
    values
        (default, ?, ?, ?, ?, ?, ?, ?, ?, ?, ?, ?, ?, ?)
Hibernate: 
    insert 
    into
        Usuario
        (id, altura, edad, email, genero, imagen, ingestaCalorica, metaAlcanzarPeso, nivelDeActividad, nombre, password, peso, pesoInicial, premium) 
    values
        (default, ?, ?, ?, ?, ?, ?, ?, ?, ?, ?, ?, ?, ?)
00:28:53.306 [main] DEBUG org.hibernate.id.IdentifierGeneratorHelper - Natively generated identity: 3
00:28:53.306 [main] DEBUG org.hibernate.resource.jdbc.internal.ResourceRegistryStandardImpl - HHH000387: ResultSet's statement was not registered
00:28:53.306 [main] DEBUG org.hibernate.engine.spi.ActionQueue - Executing identity-insert immediately
00:28:53.306 [main] DEBUG org.hibernate.SQL - 
    insert 
    into
        NotificacionUsuario
        (id, fechaHora, leida, notificacion_id, usuario_id) 
    values
        (default, ?, ?, ?, ?)
Hibernate: 
    insert 
    into
        NotificacionUsuario
        (id, fechaHora, leida, notificacion_id, usuario_id) 
    values
        (default, ?, ?, ?, ?)
00:28:53.307 [main] DEBUG org.hibernate.id.IdentifierGeneratorHelper - Natively generated identity: 1
00:28:53.307 [main] DEBUG org.hibernate.resource.jdbc.internal.ResourceRegistryStandardImpl - HHH000387: ResultSet's statement was not registered
00:28:53.307 [main] DEBUG org.springframework.orm.hibernate5.HibernateTransactionManager - Found thread-bound Session [SessionImpl(725418930<open>)] for Hibernate transaction
00:28:53.307 [main] DEBUG org.springframework.orm.hibernate5.HibernateTransactionManager - Participating in existing transaction
00:28:53.307 [main] DEBUG org.hibernate.event.internal.AbstractFlushingEventListener - Processing flush-time cascades
00:28:53.307 [main] DEBUG org.hibernate.event.internal.AbstractFlushingEventListener - Dirty checking collections
00:28:53.307 [main] DEBUG org.hibernate.engine.internal.Collections - Collection found: [com.tallerwebi.dominio.Usuario.desafiosCompletados#3], was: [<unreferenced>] (initialized)
00:28:53.307 [main] DEBUG org.hibernate.event.internal.AbstractFlushingEventListener - Flushed: 0 insertions, 0 updates, 0 deletions to 3 objects
00:28:53.307 [main] DEBUG org.hibernate.event.internal.AbstractFlushingEventListener - Flushed: 1 (re)creations, 0 updates, 0 removals to 1 collections
00:28:53.307 [main] DEBUG org.hibernate.internal.util.EntityPrinter - Listing entities:
00:28:53.307 [main] DEBUG org.hibernate.internal.util.EntityPrinter - com.tallerwebi.dominio.NotificacionUsuario{fechaHora=null, usuario=com.tallerwebi.dominio.Usuario#3, id=1, leida=false, notificacion=com.tallerwebi.dominio.Notificacion#3}
00:28:53.307 [main] DEBUG org.hibernate.internal.util.EntityPrinter - com.tallerwebi.dominio.Notificacion{contenido=null, titulo=null, id=3}
00:28:53.307 [main] DEBUG org.hibernate.internal.util.EntityPrinter - com.tallerwebi.dominio.Usuario{ingestaCalorica=null, peso=null, desafiosCompletados=[], imagen=null, colaciones=null, edad=null, nombre=null, password=null, premium=false, metaAlcanzarPeso=null, altura=null, genero=null, id=3, nivelDeActividad=null, email=null, pesoInicial=null}
00:28:53.307 [main] DEBUG org.hibernate.SQL - 
    select
        notificaci0_.id as id1_10_,
        notificaci0_.fechaHora as fechahor2_10_,
        notificaci0_.leida as leida3_10_,
        notificaci0_.notificacion_id as notifica4_10_,
        notificaci0_.usuario_id as usuario_5_10_ 
    from
        NotificacionUsuario notificaci0_ 
    where
        notificaci0_.notificacion_id=? 
        and notificaci0_.usuario_id=?
Hibernate: 
    select
        notificaci0_.id as id1_10_,
        notificaci0_.fechaHora as fechahor2_10_,
        notificaci0_.leida as leida3_10_,
        notificaci0_.notificacion_id as notifica4_10_,
        notificaci0_.usuario_id as usuario_5_10_ 
    from
        NotificacionUsuario notificaci0_ 
    where
        notificaci0_.notificacion_id=? 
        and notificaci0_.usuario_id=?
00:28:53.308 [main] DEBUG org.springframework.test.context.cache.DefaultCacheAwareContextLoaderDelegate - Retrieved ApplicationContext [1384210339] from cache with key [[WebMergedContextConfiguration@5f26cb8b testClass = RepositorioNotificacionUsuarioTest, locations = '{}', classes = '{class com.tallerwebi.integracion.config.SpringWebTestConfig, class com.tallerwebi.integracion.config.HibernateTestConfig}', contextInitializerClasses = '[]', activeProfiles = '{}', propertySourceLocations = '{}', propertySourceProperties = '{}', contextCustomizers = set[[empty]], resourceBasePath = 'src/main/webapp', contextLoader = 'org.springframework.test.context.web.WebDelegatingSmartContextLoader', parent = [null]]]
00:28:53.308 [main] DEBUG org.springframework.test.context.cache - Spring test ApplicationContext cache statistics: [DefaultContextCache@397dfbe8 size = 1, maxSize = 32, parentContextCount = 0, hitCount = 104, missCount = 1]
00:28:53.309 [main] DEBUG org.springframework.test.context.cache.DefaultCacheAwareContextLoaderDelegate - Retrieved ApplicationContext [1384210339] from cache with key [[WebMergedContextConfiguration@5f26cb8b testClass = RepositorioNotificacionUsuarioTest, locations = '{}', classes = '{class com.tallerwebi.integracion.config.SpringWebTestConfig, class com.tallerwebi.integracion.config.HibernateTestConfig}', contextInitializerClasses = '[]', activeProfiles = '{}', propertySourceLocations = '{}', propertySourceProperties = '{}', contextCustomizers = set[[empty]], resourceBasePath = 'src/main/webapp', contextLoader = 'org.springframework.test.context.web.WebDelegatingSmartContextLoader', parent = [null]]]
00:28:53.309 [main] DEBUG org.springframework.test.context.cache - Spring test ApplicationContext cache statistics: [DefaultContextCache@397dfbe8 size = 1, maxSize = 32, parentContextCount = 0, hitCount = 105, missCount = 1]
00:28:53.309 [main] DEBUG org.springframework.orm.hibernate5.HibernateTransactionManager - Initiating transaction rollback
00:28:53.309 [main] DEBUG org.springframework.orm.hibernate5.HibernateTransactionManager - Rolling back Hibernate transaction on Session [SessionImpl(725418930<open>)]
00:28:53.309 [main] DEBUG org.hibernate.engine.transaction.internal.TransactionImpl - rolling back
00:28:53.309 [main] DEBUG org.springframework.orm.hibernate5.HibernateTransactionManager - Closing Hibernate Session [SessionImpl(725418930<open>)] after transaction
00:28:53.309 [main] INFO org.springframework.test.context.transaction.TransactionContext - Rolled back transaction for test: [DefaultTestContext@3369e2ce testClass = RepositorioNotificacionUsuarioTest, testInstance = com.tallerwebi.dominio.RepositorioNotificacionUsuarioTest@54b96813, testMethod = testObtenerNotificacionUsuarioPorIdNotificacionYIdUsuario@RepositorioNotificacionUsuarioTest, testException = org.opentest4j.AssertionFailedError: expected: not <null>, mergedContextConfiguration = [WebMergedContextConfiguration@5f26cb8b testClass = RepositorioNotificacionUsuarioTest, locations = '{}', classes = '{class com.tallerwebi.integracion.config.SpringWebTestConfig, class com.tallerwebi.integracion.config.HibernateTestConfig}', contextInitializerClasses = '[]', activeProfiles = '{}', propertySourceLocations = '{}', propertySourceProperties = '{}', contextCustomizers = set[[empty]], resourceBasePath = 'src/main/webapp', contextLoader = 'org.springframework.test.context.web.WebDelegatingSmartContextLoader', parent = [null]], attributes = map['org.springframework.test.context.web.ServletTestExecutionListener.populatedRequestContextHolder' -> true, 'org.springframework.test.context.web.ServletTestExecutionListener.resetRequestContextHolder' -> true]]
00:28:53.309 [main] DEBUG org.springframework.test.context.support.AbstractDirtiesContextTestExecutionListener - After test method: context [DefaultTestContext@3369e2ce testClass = RepositorioNotificacionUsuarioTest, testInstance = com.tallerwebi.dominio.RepositorioNotificacionUsuarioTest@54b96813, testMethod = testObtenerNotificacionUsuarioPorIdNotificacionYIdUsuario@RepositorioNotificacionUsuarioTest, testException = org.opentest4j.AssertionFailedError: expected: not <null>, mergedContextConfiguration = [WebMergedContextConfiguration@5f26cb8b testClass = RepositorioNotificacionUsuarioTest, locations = '{}', classes = '{class com.tallerwebi.integracion.config.SpringWebTestConfig, class com.tallerwebi.integracion.config.HibernateTestConfig}', contextInitializerClasses = '[]', activeProfiles = '{}', propertySourceLocations = '{}', propertySourceProperties = '{}', contextCustomizers = set[[empty]], resourceBasePath = 'src/main/webapp', contextLoader = 'org.springframework.test.context.web.WebDelegatingSmartContextLoader', parent = [null]], attributes = map['org.springframework.test.context.web.ServletTestExecutionListener.populatedRequestContextHolder' -> true, 'org.springframework.test.context.web.ServletTestExecutionListener.resetRequestContextHolder' -> true]], class annotated with @DirtiesContext [false] with mode [null], method annotated with @DirtiesContext [false] with mode [null].
00:28:53.309 [main] DEBUG org.springframework.test.context.web.ServletTestExecutionListener - Resetting RequestContextHolder for test context [DefaultTestContext@3369e2ce testClass = RepositorioNotificacionUsuarioTest, testInstance = com.tallerwebi.dominio.RepositorioNotificacionUsuarioTest@54b96813, testMethod = testObtenerNotificacionUsuarioPorIdNotificacionYIdUsuario@RepositorioNotificacionUsuarioTest, testException = org.opentest4j.AssertionFailedError: expected: not <null>, mergedContextConfiguration = [WebMergedContextConfiguration@5f26cb8b testClass = RepositorioNotificacionUsuarioTest, locations = '{}', classes = '{class com.tallerwebi.integracion.config.SpringWebTestConfig, class com.tallerwebi.integracion.config.HibernateTestConfig}', contextInitializerClasses = '[]', activeProfiles = '{}', propertySourceLocations = '{}', propertySourceProperties = '{}', contextCustomizers = set[[empty]], resourceBasePath = 'src/main/webapp', contextLoader = 'org.springframework.test.context.web.WebDelegatingSmartContextLoader', parent = [null]], attributes = map['org.springframework.test.context.web.ServletTestExecutionListener.populatedRequestContextHolder' -> true, 'org.springframework.test.context.web.ServletTestExecutionListener.resetRequestContextHolder' -> true]].
]]></system-out>
  </testcase>
  <testcase name="testObtenerNotificacionesPorIdUsuario" classname="com.tallerwebi.dominio.RepositorioNotificacionUsuarioTest" time="0.01">
    <system-out><![CDATA[00:28:53.310 [main] DEBUG org.springframework.test.context.cache.DefaultCacheAwareContextLoaderDelegate - Retrieved ApplicationContext [1384210339] from cache with key [[WebMergedContextConfiguration@5f26cb8b testClass = RepositorioNotificacionUsuarioTest, locations = '{}', classes = '{class com.tallerwebi.integracion.config.SpringWebTestConfig, class com.tallerwebi.integracion.config.HibernateTestConfig}', contextInitializerClasses = '[]', activeProfiles = '{}', propertySourceLocations = '{}', propertySourceProperties = '{}', contextCustomizers = set[[empty]], resourceBasePath = 'src/main/webapp', contextLoader = 'org.springframework.test.context.web.WebDelegatingSmartContextLoader', parent = [null]]]
00:28:53.310 [main] DEBUG org.springframework.test.context.cache - Spring test ApplicationContext cache statistics: [DefaultContextCache@397dfbe8 size = 1, maxSize = 32, parentContextCount = 0, hitCount = 106, missCount = 1]
00:28:53.310 [main] DEBUG org.springframework.test.context.web.ServletTestExecutionListener - Setting up MockHttpServletRequest, MockHttpServletResponse, ServletWebRequest, and RequestContextHolder for test context [DefaultTestContext@3369e2ce testClass = RepositorioNotificacionUsuarioTest, testInstance = com.tallerwebi.dominio.RepositorioNotificacionUsuarioTest@63537871, testMethod = [null], testException = [null], mergedContextConfiguration = [WebMergedContextConfiguration@5f26cb8b testClass = RepositorioNotificacionUsuarioTest, locations = '{}', classes = '{class com.tallerwebi.integracion.config.SpringWebTestConfig, class com.tallerwebi.integracion.config.HibernateTestConfig}', contextInitializerClasses = '[]', activeProfiles = '{}', propertySourceLocations = '{}', propertySourceProperties = '{}', contextCustomizers = set[[empty]], resourceBasePath = 'src/main/webapp', contextLoader = 'org.springframework.test.context.web.WebDelegatingSmartContextLoader', parent = [null]], attributes = map['org.springframework.test.context.support.DependencyInjectionTestExecutionListener.reinjectDependencies' -> true]].
00:28:53.310 [main] DEBUG org.springframework.test.context.support.DependencyInjectionTestExecutionListener - Performing dependency injection for test context [[DefaultTestContext@3369e2ce testClass = RepositorioNotificacionUsuarioTest, testInstance = com.tallerwebi.dominio.RepositorioNotificacionUsuarioTest@63537871, testMethod = [null], testException = [null], mergedContextConfiguration = [WebMergedContextConfiguration@5f26cb8b testClass = RepositorioNotificacionUsuarioTest, locations = '{}', classes = '{class com.tallerwebi.integracion.config.SpringWebTestConfig, class com.tallerwebi.integracion.config.HibernateTestConfig}', contextInitializerClasses = '[]', activeProfiles = '{}', propertySourceLocations = '{}', propertySourceProperties = '{}', contextCustomizers = set[[empty]], resourceBasePath = 'src/main/webapp', contextLoader = 'org.springframework.test.context.web.WebDelegatingSmartContextLoader', parent = [null]], attributes = map['org.springframework.test.context.web.ServletTestExecutionListener.populatedRequestContextHolder' -> true, 'org.springframework.test.context.web.ServletTestExecutionListener.resetRequestContextHolder' -> true, 'org.springframework.test.context.support.DependencyInjectionTestExecutionListener.reinjectDependencies' -> true]]].
00:28:53.310 [main] DEBUG org.springframework.test.context.cache.DefaultCacheAwareContextLoaderDelegate - Retrieved ApplicationContext [1384210339] from cache with key [[WebMergedContextConfiguration@5f26cb8b testClass = RepositorioNotificacionUsuarioTest, locations = '{}', classes = '{class com.tallerwebi.integracion.config.SpringWebTestConfig, class com.tallerwebi.integracion.config.HibernateTestConfig}', contextInitializerClasses = '[]', activeProfiles = '{}', propertySourceLocations = '{}', propertySourceProperties = '{}', contextCustomizers = set[[empty]], resourceBasePath = 'src/main/webapp', contextLoader = 'org.springframework.test.context.web.WebDelegatingSmartContextLoader', parent = [null]]]
00:28:53.310 [main] DEBUG org.springframework.test.context.cache - Spring test ApplicationContext cache statistics: [DefaultContextCache@397dfbe8 size = 1, maxSize = 32, parentContextCount = 0, hitCount = 107, missCount = 1]
00:28:53.310 [main] DEBUG org.springframework.test.context.cache.DefaultCacheAwareContextLoaderDelegate - Retrieved ApplicationContext [1384210339] from cache with key [[WebMergedContextConfiguration@5f26cb8b testClass = RepositorioNotificacionUsuarioTest, locations = '{}', classes = '{class com.tallerwebi.integracion.config.SpringWebTestConfig, class com.tallerwebi.integracion.config.HibernateTestConfig}', contextInitializerClasses = '[]', activeProfiles = '{}', propertySourceLocations = '{}', propertySourceProperties = '{}', contextCustomizers = set[[empty]], resourceBasePath = 'src/main/webapp', contextLoader = 'org.springframework.test.context.web.WebDelegatingSmartContextLoader', parent = [null]]]
00:28:53.310 [main] DEBUG org.springframework.test.context.cache - Spring test ApplicationContext cache statistics: [DefaultContextCache@397dfbe8 size = 1, maxSize = 32, parentContextCount = 0, hitCount = 108, missCount = 1]
00:28:53.311 [main] DEBUG org.springframework.test.context.support.AbstractDirtiesContextTestExecutionListener - Before test method: context [DefaultTestContext@3369e2ce testClass = RepositorioNotificacionUsuarioTest, testInstance = com.tallerwebi.dominio.RepositorioNotificacionUsuarioTest@63537871, testMethod = testObtenerNotificacionesPorIdUsuario@RepositorioNotificacionUsuarioTest, testException = [null], mergedContextConfiguration = [WebMergedContextConfiguration@5f26cb8b testClass = RepositorioNotificacionUsuarioTest, locations = '{}', classes = '{class com.tallerwebi.integracion.config.SpringWebTestConfig, class com.tallerwebi.integracion.config.HibernateTestConfig}', contextInitializerClasses = '[]', activeProfiles = '{}', propertySourceLocations = '{}', propertySourceProperties = '{}', contextCustomizers = set[[empty]], resourceBasePath = 'src/main/webapp', contextLoader = 'org.springframework.test.context.web.WebDelegatingSmartContextLoader', parent = [null]], attributes = map['org.springframework.test.context.web.ServletTestExecutionListener.populatedRequestContextHolder' -> true, 'org.springframework.test.context.web.ServletTestExecutionListener.resetRequestContextHolder' -> true]], class annotated with @DirtiesContext [false] with mode [null], method annotated with @DirtiesContext [false] with mode [null].
00:28:53.311 [main] DEBUG org.springframework.test.context.transaction.TransactionalTestExecutionListener - Explicit transaction definition [PROPAGATION_REQUIRED,ISOLATION_DEFAULT] found for test context [DefaultTestContext@3369e2ce testClass = RepositorioNotificacionUsuarioTest, testInstance = com.tallerwebi.dominio.RepositorioNotificacionUsuarioTest@63537871, testMethod = testObtenerNotificacionesPorIdUsuario@RepositorioNotificacionUsuarioTest, testException = [null], mergedContextConfiguration = [WebMergedContextConfiguration@5f26cb8b testClass = RepositorioNotificacionUsuarioTest, locations = '{}', classes = '{class com.tallerwebi.integracion.config.SpringWebTestConfig, class com.tallerwebi.integracion.config.HibernateTestConfig}', contextInitializerClasses = '[]', activeProfiles = '{}', propertySourceLocations = '{}', propertySourceProperties = '{}', contextCustomizers = set[[empty]], resourceBasePath = 'src/main/webapp', contextLoader = 'org.springframework.test.context.web.WebDelegatingSmartContextLoader', parent = [null]], attributes = map['org.springframework.test.context.web.ServletTestExecutionListener.populatedRequestContextHolder' -> true, 'org.springframework.test.context.web.ServletTestExecutionListener.resetRequestContextHolder' -> true]]
00:28:53.311 [main] DEBUG org.springframework.test.context.cache.DefaultCacheAwareContextLoaderDelegate - Retrieved ApplicationContext [1384210339] from cache with key [[WebMergedContextConfiguration@5f26cb8b testClass = RepositorioNotificacionUsuarioTest, locations = '{}', classes = '{class com.tallerwebi.integracion.config.SpringWebTestConfig, class com.tallerwebi.integracion.config.HibernateTestConfig}', contextInitializerClasses = '[]', activeProfiles = '{}', propertySourceLocations = '{}', propertySourceProperties = '{}', contextCustomizers = set[[empty]], resourceBasePath = 'src/main/webapp', contextLoader = 'org.springframework.test.context.web.WebDelegatingSmartContextLoader', parent = [null]]]
00:28:53.311 [main] DEBUG org.springframework.test.context.cache - Spring test ApplicationContext cache statistics: [DefaultContextCache@397dfbe8 size = 1, maxSize = 32, parentContextCount = 0, hitCount = 109, missCount = 1]
00:28:53.311 [main] DEBUG org.springframework.test.context.transaction.TransactionalTestExecutionListener - Method-level @Rollback(true) overrides default rollback [true] for test context [DefaultTestContext@3369e2ce testClass = RepositorioNotificacionUsuarioTest, testInstance = com.tallerwebi.dominio.RepositorioNotificacionUsuarioTest@63537871, testMethod = testObtenerNotificacionesPorIdUsuario@RepositorioNotificacionUsuarioTest, testException = [null], mergedContextConfiguration = [WebMergedContextConfiguration@5f26cb8b testClass = RepositorioNotificacionUsuarioTest, locations = '{}', classes = '{class com.tallerwebi.integracion.config.SpringWebTestConfig, class com.tallerwebi.integracion.config.HibernateTestConfig}', contextInitializerClasses = '[]', activeProfiles = '{}', propertySourceLocations = '{}', propertySourceProperties = '{}', contextCustomizers = set[[empty]], resourceBasePath = 'src/main/webapp', contextLoader = 'org.springframework.test.context.web.WebDelegatingSmartContextLoader', parent = [null]], attributes = map['org.springframework.test.context.web.ServletTestExecutionListener.populatedRequestContextHolder' -> true, 'org.springframework.test.context.web.ServletTestExecutionListener.resetRequestContextHolder' -> true]].
00:28:53.311 [main] DEBUG org.springframework.orm.hibernate5.HibernateTransactionManager - Creating new transaction with name [com.tallerwebi.dominio.RepositorioNotificacionUsuarioTest.testObtenerNotificacionesPorIdUsuario]: PROPAGATION_REQUIRED,ISOLATION_DEFAULT
00:28:53.311 [main] DEBUG org.springframework.orm.hibernate5.HibernateTransactionManager - Opened new Session [SessionImpl(1693127898<open>)] for Hibernate transaction
00:28:53.311 [main] DEBUG org.hibernate.engine.transaction.internal.TransactionImpl - On TransactionImpl creation, JpaCompliance#isJpaTransactionComplianceEnabled == false
00:28:53.311 [main] DEBUG org.hibernate.engine.transaction.internal.TransactionImpl - begin
00:28:53.311 [main] DEBUG org.springframework.jdbc.datasource.DriverManagerDataSource - Creating new JDBC DriverManager Connection to [jdbc:hsqldb:mem:db_]
00:28:53.311 [main] DEBUG org.springframework.orm.hibernate5.HibernateTransactionManager - Exposing Hibernate transaction as JDBC [org.springframework.orm.hibernate5.HibernateTransactionManager$$Lambda$602/0x0000000801596000@25587290]
00:28:53.311 [main] INFO org.springframework.test.context.transaction.TransactionContext - Began transaction (1) for test context [DefaultTestContext@3369e2ce testClass = RepositorioNotificacionUsuarioTest, testInstance = com.tallerwebi.dominio.RepositorioNotificacionUsuarioTest@63537871, testMethod = testObtenerNotificacionesPorIdUsuario@RepositorioNotificacionUsuarioTest, testException = [null], mergedContextConfiguration = [WebMergedContextConfiguration@5f26cb8b testClass = RepositorioNotificacionUsuarioTest, locations = '{}', classes = '{class com.tallerwebi.integracion.config.SpringWebTestConfig, class com.tallerwebi.integracion.config.HibernateTestConfig}', contextInitializerClasses = '[]', activeProfiles = '{}', propertySourceLocations = '{}', propertySourceProperties = '{}', contextCustomizers = set[[empty]], resourceBasePath = 'src/main/webapp', contextLoader = 'org.springframework.test.context.web.WebDelegatingSmartContextLoader', parent = [null]], attributes = map['org.springframework.test.context.web.ServletTestExecutionListener.populatedRequestContextHolder' -> true, 'org.springframework.test.context.web.ServletTestExecutionListener.resetRequestContextHolder' -> true]]; transaction manager [org.springframework.orm.hibernate5.HibernateTransactionManager@6ad198c9]; rollback [true]
00:28:53.312 [main] DEBUG org.springframework.test.context.cache.DefaultCacheAwareContextLoaderDelegate - Retrieved ApplicationContext [1384210339] from cache with key [[WebMergedContextConfiguration@5f26cb8b testClass = RepositorioNotificacionUsuarioTest, locations = '{}', classes = '{class com.tallerwebi.integracion.config.SpringWebTestConfig, class com.tallerwebi.integracion.config.HibernateTestConfig}', contextInitializerClasses = '[]', activeProfiles = '{}', propertySourceLocations = '{}', propertySourceProperties = '{}', contextCustomizers = set[[empty]], resourceBasePath = 'src/main/webapp', contextLoader = 'org.springframework.test.context.web.WebDelegatingSmartContextLoader', parent = [null]]]
00:28:53.312 [main] DEBUG org.springframework.test.context.cache - Spring test ApplicationContext cache statistics: [DefaultContextCache@397dfbe8 size = 1, maxSize = 32, parentContextCount = 0, hitCount = 110, missCount = 1]
00:28:53.312 [main] DEBUG org.springframework.test.context.cache.DefaultCacheAwareContextLoaderDelegate - Retrieved ApplicationContext [1384210339] from cache with key [[WebMergedContextConfiguration@5f26cb8b testClass = RepositorioNotificacionUsuarioTest, locations = '{}', classes = '{class com.tallerwebi.integracion.config.SpringWebTestConfig, class com.tallerwebi.integracion.config.HibernateTestConfig}', contextInitializerClasses = '[]', activeProfiles = '{}', propertySourceLocations = '{}', propertySourceProperties = '{}', contextCustomizers = set[[empty]], resourceBasePath = 'src/main/webapp', contextLoader = 'org.springframework.test.context.web.WebDelegatingSmartContextLoader', parent = [null]]]
00:28:53.312 [main] DEBUG org.springframework.test.context.cache - Spring test ApplicationContext cache statistics: [DefaultContextCache@397dfbe8 size = 1, maxSize = 32, parentContextCount = 0, hitCount = 111, missCount = 1]
00:28:53.312 [main] DEBUG org.hibernate.engine.spi.ActionQueue - Executing identity-insert immediately
00:28:53.312 [main] DEBUG org.hibernate.SQL - 
    insert 
    into
        Usuario
        (id, altura, edad, email, genero, imagen, ingestaCalorica, metaAlcanzarPeso, nivelDeActividad, nombre, password, peso, pesoInicial, premium) 
    values
        (default, ?, ?, ?, ?, ?, ?, ?, ?, ?, ?, ?, ?, ?)
Hibernate: 
    insert 
    into
        Usuario
        (id, altura, edad, email, genero, imagen, ingestaCalorica, metaAlcanzarPeso, nivelDeActividad, nombre, password, peso, pesoInicial, premium) 
    values
        (default, ?, ?, ?, ?, ?, ?, ?, ?, ?, ?, ?, ?, ?)
00:28:53.312 [main] DEBUG org.hibernate.id.IdentifierGeneratorHelper - Natively generated identity: 4
00:28:53.312 [main] DEBUG org.hibernate.resource.jdbc.internal.ResourceRegistryStandardImpl - HHH000387: ResultSet's statement was not registered
[...]
00:28:53.324 [main] DEBUG org.hibernate.engine.spi.ActionQueue - Executing identity-insert immediately
00:28:53.324 [main] DEBUG org.hibernate.SQL - 
    insert 
    into
        Notificacion
        (id, contenido, titulo) 
    values
        (default, ?, ?)
Hibernate: 
    insert 
    into
        Notificacion
        (id, contenido, titulo) 
    values
        (default, ?, ?)
00:28:53.324 [main] DEBUG org.hibernate.id.IdentifierGeneratorHelper - Natively generated identity: 7
00:28:53.324 [main] DEBUG org.hibernate.resource.jdbc.internal.ResourceRegistryStandardImpl - HHH000387: ResultSet's statement was not registered
00:28:53.324 [main] DEBUG org.hibernate.engine.spi.ActionQueue - Executing identity-insert immediately
00:28:53.324 [main] DEBUG org.hibernate.SQL - 
    insert 
    into
        Usuario
        (id, altura, edad, email, genero, imagen, ingestaCalorica, metaAlcanzarPeso, nivelDeActividad, nombre, password, peso, pesoInicial, premium) 
    values
        (default, ?, ?, ?, ?, ?, ?, ?, ?, ?, ?, ?, ?, ?)
Hibernate: 
    insert 
    into
        Usuario
        (id, altura, edad, email, genero, imagen, ingestaCalorica, metaAlcanzarPeso, nivelDeActividad, nombre, password, peso, pesoInicial, premium) 
    values
        (default, ?, ?, ?, ?, ?, ?, ?, ?, ?, ?, ?, ?, ?)
00:28:53.325 [main] DEBUG org.hibernate.id.IdentifierGeneratorHelper - Natively generated identity: 6
00:28:53.325 [main] DEBUG org.hibernate.resource.jdbc.internal.ResourceRegistryStandardImpl - HHH000387: ResultSet's statement was not registered
00:28:53.325 [main] DEBUG org.hibernate.engine.spi.ActionQueue - Executing identity-insert immediately
00:28:53.325 [main] DEBUG org.hibernate.SQL - 
    insert 
    into
        NotificacionUsuario
        (id, fechaHora, leida, notificacion_id, usuario_id) 
    values
        (default, ?, ?, ?, ?)
Hibernate: 
    insert 
    into
        NotificacionUsuario
        (id, fechaHora, leida, notificacion_id, usuario_id) 
    values
        (default, ?, ?, ?, ?)
00:28:53.325 [main] DEBUG org.hibernate.id.IdentifierGeneratorHelper - Natively generated identity: 5
00:28:53.325 [main] DEBUG org.hibernate.resource.jdbc.internal.ResourceRegistryStandardImpl - HHH000387: ResultSet's statement was not registered
00:28:53.325 [main] DEBUG org.hibernate.engine.spi.ActionQueue - Executing identity-insert immediately
00:28:53.325 [main] DEBUG org.hibernate.SQL - 
    insert 
    into
        Notificacion
        (id, contenido, titulo) 
    values
        (default, ?, ?)
Hibernate: 
    insert 
    into
        Notificacion
        (id, contenido, titulo) 
    values
        (default, ?, ?)
00:28:53.325 [main] DEBUG org.hibernate.id.IdentifierGeneratorHelper - Natively generated identity: 8
00:28:53.325 [main] DEBUG org.hibernate.resource.jdbc.internal.ResourceRegistryStandardImpl - HHH000387: ResultSet's statement was not registered
00:28:53.325 [main] DEBUG org.hibernate.engine.spi.ActionQueue - Executing identity-insert immediately
00:28:53.325 [main] DEBUG org.hibernate.SQL - 
    insert 
    into
        Usuario
        (id, altura, edad, email, genero, imagen, ingestaCalorica, metaAlcanzarPeso, nivelDeActividad, nombre, password, peso, pesoInicial, premium) 
    values
        (default, ?, ?, ?, ?, ?, ?, ?, ?, ?, ?, ?, ?, ?)
Hibernate: 
    insert 
    into
        Usuario
        (id, altura, edad, email, genero, imagen, ingestaCalorica, metaAlcanzarPeso, nivelDeActividad, nombre, password, peso, pesoInicial, premium) 
    values
        (default, ?, ?, ?, ?, ?, ?, ?, ?, ?, ?, ?, ?, ?)
00:28:53.325 [main] DEBUG org.hibernate.id.IdentifierGeneratorHelper - Natively generated identity: 7
00:28:53.325 [main] DEBUG org.hibernate.resource.jdbc.internal.ResourceRegistryStandardImpl - HHH000387: ResultSet's statement was not registered
00:28:53.325 [main] DEBUG org.hibernate.engine.spi.ActionQueue - Executing identity-insert immediately
00:28:53.325 [main] DEBUG org.hibernate.SQL - 
    insert 
    into
        NotificacionUsuario
        (id, fechaHora, leida, notificacion_id, usuario_id) 
    values
        (default, ?, ?, ?, ?)
Hibernate: 
    insert 
    into
        NotificacionUsuario
        (id, fechaHora, leida, notificacion_id, usuario_id) 
    values
        (default, ?, ?, ?, ?)
00:28:53.325 [main] DEBUG org.hibernate.id.IdentifierGeneratorHelper - Natively generated identity: 6
00:28:53.325 [main] DEBUG org.hibernate.resource.jdbc.internal.ResourceRegistryStandardImpl - HHH000387: ResultSet's statement was not registered
00:28:53.327 [main] DEBUG org.springframework.orm.hibernate5.HibernateTransactionManager - Found thread-bound Session [SessionImpl(1602711561<open>)] for Hibernate transaction
00:28:53.327 [main] DEBUG org.springframework.orm.hibernate5.HibernateTransactionManager - Participating in existing transaction
00:28:53.327 [main] DEBUG org.hibernate.hql.internal.ast.QueryTranslatorImpl - parse() - HQL: from com.tallerwebi.dominio.NotificacionUsuario
00:28:53.327 [main] DEBUG org.hibernate.hql.internal.ast.ErrorTracker - throwQueryException() : no errors
00:28:53.327 [main] DEBUG org.hibernate.hql.internal.ast.QueryTranslatorImpl - --- HQL AST ---
 \-[QUERY] Node: 'query'
    \-[SELECT_FROM] Node: 'SELECT_FROM'
       \-[FROM] Node: 'from'
          \-[RANGE] Node: 'RANGE'
             \-[DOT] Node: '.'
                +-[DOT] Node: '.'
                |  +-[DOT] Node: '.'
                |  |  +-[IDENT] Node: 'com'
                |  |  \-[IDENT] Node: 'tallerwebi'
                |  \-[IDENT] Node: 'dominio'
                \-[IDENT] Node: 'NotificacionUsuario'

00:28:53.327 [main] DEBUG org.hibernate.hql.internal.antlr.HqlSqlBaseWalker - select << begin [level=1, statement=select]
00:28:53.327 [main] DEBUG org.hibernate.hql.internal.ast.tree.FromElement - FromClause{level=1} : com.tallerwebi.dominio.NotificacionUsuario (<no alias>) -> notificaci0_
00:28:53.327 [main] DEBUG org.hibernate.hql.internal.antlr.HqlSqlBaseWalker - select : finishing up [level=1, statement=select]
00:28:53.327 [main] DEBUG org.hibernate.hql.internal.ast.HqlSqlWalker - processQuery() :  ( SELECT ( FromClause{level=1} NotificacionUsuario notificaci0_ ) )
00:28:53.328 [main] DEBUG org.hibernate.hql.internal.ast.HqlSqlWalker - Derived SELECT clause created.
00:28:53.328 [main] DEBUG org.hibernate.hql.internal.ast.util.JoinProcessor - Tables referenced from query nodes:
 \-QueryNode
    +-SelectClause
    | referencedTables(entity NotificacionUsuario): [NotificacionUsuario]
    |  +-SelectExpressionImpl
    |  | persister: SingleTableEntityPersister(com.tallerwebi.dominio.NotificacionUsuario)
    |  \-SqlFragment
    \-FromClause
       \-FromElement

00:28:53.328 [main] DEBUG org.hibernate.hql.internal.ast.util.JoinProcessor - Using FROM fragment [NotificacionUsuario notificaci0_]
00:28:53.328 [main] DEBUG org.hibernate.hql.internal.antlr.HqlSqlBaseWalker - select >> end [level=1, statement=select]
00:28:53.328 [main] DEBUG org.hibernate.hql.internal.ast.QueryTranslatorImpl - --- SQL AST ---
 \-[SELECT] QueryNode: 'SELECT'  querySpaces (NotificacionUsuario)
    +-[SELECT_CLAUSE] SelectClause: '{derived select clause}'
    |  +-[SELECT_EXPR] SelectExpressionImpl: 'notificaci0_.id as id1_10_' {FromElement{explicit,not a collection join,not a fetch join,fetch non-lazy properties,classAlias=null,role=null,tableName=NotificacionUsuario,tableAlias=notificaci0_,origin=null,columns={,className=com.tallerwebi.dominio.NotificacionUsuario}}}
    |  \-[SQL_TOKEN] SqlFragment: 'notificaci0_.fechaHora as fechahor2_10_, notificaci0_.leida as leida3_10_, notificaci0_.notificacion_id as notifica4_10_, notificaci0_.usuario_id as usuario_5_10_'
    \-[FROM] FromClause: 'from' FromClause{level=1, fromElementCounter=1, fromElements=1, fromElementByClassAlias=[], fromElementByTableAlias=[notificaci0_], fromElementsByPath=[], collectionJoinFromElementsByPath=[], impliedElements=[]}
       \-[FROM_FRAGMENT] FromElement: 'NotificacionUsuario notificaci0_' FromElement{explicit,not a collection join,not a fetch join,fetch non-lazy properties,classAlias=null,role=null,tableName=NotificacionUsuario,tableAlias=notificaci0_,origin=null,columns={,className=com.tallerwebi.dominio.NotificacionUsuario}}

00:28:53.328 [main] DEBUG org.hibernate.hql.internal.ast.ErrorTracker - throwQueryException() : no errors
00:28:53.328 [main] DEBUG org.hibernate.hql.internal.ast.QueryTranslatorImpl - HQL: from com.tallerwebi.dominio.NotificacionUsuario
00:28:53.328 [main] DEBUG org.hibernate.hql.internal.ast.QueryTranslatorImpl - SQL: select notificaci0_.id as id1_10_, notificaci0_.fechaHora as fechahor2_10_, notificaci0_.leida as leida3_10_, notificaci0_.notificacion_id as notifica4_10_, notificaci0_.usuario_id as usuario_5_10_ from NotificacionUsuario notificaci0_
00:28:53.328 [main] DEBUG org.hibernate.hql.internal.ast.ErrorTracker - throwQueryException() : no errors
00:28:53.328 [main] DEBUG org.hibernate.event.internal.AbstractFlushingEventListener - Processing flush-time cascades
00:28:53.328 [main] DEBUG org.hibernate.event.internal.AbstractFlushingEventListener - Dirty checking collections
00:28:53.328 [main] DEBUG org.hibernate.engine.internal.Collections - Collection found: [com.tallerwebi.dominio.Usuario.desafiosCompletados#5], was: [<unreferenced>] (initialized)
00:28:53.328 [main] DEBUG org.hibernate.engine.internal.Collections - Collection found: [com.tallerwebi.dominio.Usuario.desafiosCompletados#6], was: [<unreferenced>] (initialized)
00:28:53.328 [main] DEBUG org.hibernate.engine.internal.Collections - Collection found: [com.tallerwebi.dominio.Usuario.desafiosCompletados#7], was: [<unreferenced>] (initialized)
00:28:53.328 [main] DEBUG org.hibernate.event.internal.AbstractFlushingEventListener - Flushed: 0 insertions, 0 updates, 0 deletions to 9 objects
00:28:53.328 [main] DEBUG org.hibernate.event.internal.AbstractFlushingEventListener - Flushed: 3 (re)creations, 0 updates, 0 removals to 3 collections
00:28:53.328 [main] DEBUG org.hibernate.internal.util.EntityPrinter - Listing entities:
00:28:53.328 [main] DEBUG org.hibernate.internal.util.EntityPrinter - com.tallerwebi.dominio.Notificacion{contenido=null, titulo=null, id=8}
00:28:53.328 [main] DEBUG org.hibernate.internal.util.EntityPrinter - com.tallerwebi.dominio.Notificacion{contenido=null, titulo=null, id=7}
00:28:53.329 [main] DEBUG org.hibernate.internal.util.EntityPrinter - com.tallerwebi.dominio.Notificacion{contenido=null, titulo=null, id=6}
00:28:53.329 [main] DEBUG org.hibernate.internal.util.EntityPrinter - com.tallerwebi.dominio.Usuario{ingestaCalorica=null, peso=null, desafiosCompletados=[], imagen=null, colaciones=null, edad=null, nombre=null, password=null, premium=false, metaAlcanzarPeso=null, altura=null, genero=null, id=5, nivelDeActividad=null, email=null, pesoInicial=null}
00:28:53.329 [main] DEBUG org.hibernate.internal.util.EntityPrinter - com.tallerwebi.dominio.Usuario{ingestaCalorica=null, peso=null, desafiosCompletados=[], imagen=null, colaciones=null, edad=null, nombre=null, password=null, premium=false, metaAlcanzarPeso=null, altura=null, genero=null, id=7, nivelDeActividad=null, email=null, pesoInicial=null}
00:28:53.329 [main] DEBUG org.hibernate.internal.util.EntityPrinter - com.tallerwebi.dominio.Usuario{ingestaCalorica=null, peso=null, desafiosCompletados=[], imagen=null, colaciones=null, edad=null, nombre=null, password=null, premium=false, metaAlcanzarPeso=null, altura=null, genero=null, id=6, nivelDeActividad=null, email=null, pesoInicial=null}
00:28:53.329 [main] DEBUG org.hibernate.internal.util.EntityPrinter - com.tallerwebi.dominio.NotificacionUsuario{fechaHora=null, usuario=com.tallerwebi.dominio.Usuario#5, id=4, leida=false, notificacion=com.tallerwebi.dominio.Notificacion#6}
00:28:53.329 [main] DEBUG org.hibernate.internal.util.EntityPrinter - com.tallerwebi.dominio.NotificacionUsuario{fechaHora=null, usuario=com.tallerwebi.dominio.Usuario#6, id=5, leida=false, notificacion=com.tallerwebi.dominio.Notificacion#7}
00:28:53.329 [main] DEBUG org.hibernate.internal.util.EntityPrinter - com.tallerwebi.dominio.NotificacionUsuario{fechaHora=null, usuario=com.tallerwebi.dominio.Usuario#7, id=6, leida=false, notificacion=com.tallerwebi.dominio.Notificacion#8}
00:28:53.329 [main] DEBUG org.hibernate.SQL - 
    select
        notificaci0_.id as id1_10_,
        notificaci0_.fechaHora as fechahor2_10_,
        notificaci0_.leida as leida3_10_,
        notificaci0_.notificacion_id as notifica4_10_,
        notificaci0_.usuario_id as usuario_5_10_ 
    from
        NotificacionUsuario notificaci0_
Hibernate: 
    select
        notificaci0_.id as id1_10_,
        notificaci0_.fechaHora as fechahor2_10_,
        notificaci0_.leida as leida3_10_,
        notificaci0_.notificacion_id as notifica4_10_,
        notificaci0_.usuario_id as usuario_5_10_ 
    from
        NotificacionUsuario notificaci0_
00:28:53.329 [main] DEBUG org.hibernate.loader.Loader - Result set row: 0
00:28:53.329 [main] DEBUG org.hibernate.loader.Loader - Result row: EntityKey[com.tallerwebi.dominio.NotificacionUsuario#4]
00:28:53.329 [main] DEBUG org.hibernate.loader.Loader - Result set row: 1
00:28:53.329 [main] DEBUG org.hibernate.loader.Loader - Result row: EntityKey[com.tallerwebi.dominio.NotificacionUsuario#5]
00:28:53.329 [main] DEBUG org.hibernate.loader.Loader - Result set row: 2
00:28:53.329 [main] DEBUG org.hibernate.loader.Loader - Result row: EntityKey[com.tallerwebi.dominio.NotificacionUsuario#6]
00:28:53.329 [main] DEBUG org.springframework.test.context.cache.DefaultCacheAwareContextLoaderDelegate - Retrieved ApplicationContext [1384210339] from cache with key [[WebMergedContextConfiguration@5f26cb8b testClass = RepositorioNotificacionUsuarioTest, locations = '{}', classes = '{class com.tallerwebi.integracion.config.SpringWebTestConfig, class com.tallerwebi.integracion.config.HibernateTestConfig}', contextInitializerClasses = '[]', activeProfiles = '{}', propertySourceLocations = '{}', propertySourceProperties = '{}', contextCustomizers = set[[empty]], resourceBasePath = 'src/main/webapp', contextLoader = 'org.springframework.test.context.web.WebDelegatingSmartContextLoader', parent = [null]]]
00:28:53.329 [main] DEBUG org.springframework.test.context.cache - Spring test ApplicationContext cache statistics: [DefaultContextCache@397dfbe8 size = 1, maxSize = 32, parentContextCount = 0, hitCount = 120, missCount = 1]
00:28:53.331 [main] DEBUG org.springframework.test.context.cache.DefaultCacheAwareContextLoaderDelegate - Retrieved ApplicationContext [1384210339] from cache with key [[WebMergedContextConfiguration@5f26cb8b testClass = RepositorioNotificacionUsuarioTest, locations = '{}', classes = '{class com.tallerwebi.integracion.config.SpringWebTestConfig, class com.tallerwebi.integracion.config.HibernateTestConfig}', contextInitializerClasses = '[]', activeProfiles = '{}', propertySourceLocations = '{}', propertySourceProperties = '{}', contextCustomizers = set[[empty]], resourceBasePath = 'src/main/webapp', contextLoader = 'org.springframework.test.context.web.WebDelegatingSmartContextLoader', parent = [null]]]
00:28:53.331 [main] DEBUG org.springframework.test.context.cache - Spring test ApplicationContext cache statistics: [DefaultContextCache@397dfbe8 size = 1, maxSize = 32, parentContextCount = 0, hitCount = 121, missCount = 1]
00:28:53.331 [main] DEBUG org.springframework.orm.hibernate5.HibernateTransactionManager - Initiating transaction rollback
00:28:53.331 [main] DEBUG org.springframework.orm.hibernate5.HibernateTransactionManager - Rolling back Hibernate transaction on Session [SessionImpl(1602711561<open>)]
00:28:53.331 [main] DEBUG org.hibernate.engine.transaction.internal.TransactionImpl - rolling back
00:28:53.331 [main] DEBUG org.springframework.orm.hibernate5.HibernateTransactionManager - Closing Hibernate Session [SessionImpl(1602711561<open>)] after transaction
00:28:53.331 [main] INFO org.springframework.test.context.transaction.TransactionContext - Rolled back transaction for test: [DefaultTestContext@3369e2ce testClass = RepositorioNotificacionUsuarioTest, testInstance = com.tallerwebi.dominio.RepositorioNotificacionUsuarioTest@9fc2f89, testMethod = testObtenerNotificacionesUsuarios@RepositorioNotificacionUsuarioTest, testException = [null], mergedContextConfiguration = [WebMergedContextConfiguration@5f26cb8b testClass = RepositorioNotificacionUsuarioTest, locations = '{}', classes = '{class com.tallerwebi.integracion.config.SpringWebTestConfig, class com.tallerwebi.integracion.config.HibernateTestConfig}', contextInitializerClasses = '[]', activeProfiles = '{}', propertySourceLocations = '{}', propertySourceProperties = '{}', contextCustomizers = set[[empty]], resourceBasePath = 'src/main/webapp', contextLoader = 'org.springframework.test.context.web.WebDelegatingSmartContextLoader', parent = [null]], attributes = map['org.springframework.test.context.web.ServletTestExecutionListener.populatedRequestContextHolder' -> true, 'org.springframework.test.context.web.ServletTestExecutionListener.resetRequestContextHolder' -> true]]
00:28:53.331 [main] DEBUG org.springframework.test.context.support.AbstractDirtiesContextTestExecutionListener - After test method: context [DefaultTestContext@3369e2ce testClass = RepositorioNotificacionUsuarioTest, testInstance = com.tallerwebi.dominio.RepositorioNotificacionUsuarioTest@9fc2f89, testMethod = testObtenerNotificacionesUsuarios@RepositorioNotificacionUsuarioTest, testException = [null], mergedContextConfiguration = [WebMergedContextConfiguration@5f26cb8b testClass = RepositorioNotificacionUsuarioTest, locations = '{}', classes = '{class com.tallerwebi.integracion.config.SpringWebTestConfig, class com.tallerwebi.integracion.config.HibernateTestConfig}', contextInitializerClasses = '[]', activeProfiles = '{}', propertySourceLocations = '{}', propertySourceProperties = '{}', contextCustomizers = set[[empty]], resourceBasePath = 'src/main/webapp', contextLoader = 'org.springframework.test.context.web.WebDelegatingSmartContextLoader', parent = [null]], attributes = map['org.springframework.test.context.web.ServletTestExecutionListener.populatedRequestContextHolder' -> true, 'org.springframework.test.context.web.ServletTestExecutionListener.resetRequestContextHolder' -> true]], class annotated with @DirtiesContext [false] with mode [null], method annotated with @DirtiesContext [false] with mode [null].
00:28:53.331 [main] DEBUG org.springframework.test.context.web.ServletTestExecutionListener - Resetting RequestContextHolder for test context [DefaultTestContext@3369e2ce testClass = RepositorioNotificacionUsuarioTest, testInstance = com.tallerwebi.dominio.RepositorioNotificacionUsuarioTest@9fc2f89, testMethod = testObtenerNotificacionesUsuarios@RepositorioNotificacionUsuarioTest, testException = [null], mergedContextConfiguration = [WebMergedContextConfiguration@5f26cb8b testClass = RepositorioNotificacionUsuarioTest, locations = '{}', classes = '{class com.tallerwebi.integracion.config.SpringWebTestConfig, class com.tallerwebi.integracion.config.HibernateTestConfig}', contextInitializerClasses = '[]', activeProfiles = '{}', propertySourceLocations = '{}', propertySourceProperties = '{}', contextCustomizers = set[[empty]], resourceBasePath = 'src/main/webapp', contextLoader = 'org.springframework.test.context.web.WebDelegatingSmartContextLoader', parent = [null]], attributes = map['org.springframework.test.context.web.ServletTestExecutionListener.populatedRequestContextHolder' -> true, 'org.springframework.test.context.web.ServletTestExecutionListener.resetRequestContextHolder' -> true]].
]]></system-out>
  </testcase>
</testsuite>