<?xml version="1.0" encoding="UTF-8"?>
<testsuite xmlns:xsi="http://www.w3.org/2001/XMLSchema-instance" xsi:noNamespaceSchemaLocation="https://maven.apache.org/surefire/maven-surefire-plugin/xsd/surefire-test-report-3.0.xsd" version="3.0" name="com.tallerwebi.dominio.RepositorioAlimentoTest" time="3.007" tests="4" errors="4" skipped="0" failures="0">
  <properties>
[...]
</properties>
  <testcase name="testNoObtenerAlimentosPorNombreIncorrecto" classname="com.tallerwebi.dominio.RepositorioAlimentoTest" time="0.079">
    <error type="org.hibernate.PropertyValueException"><![CDATA[org.hibernate.PropertyValueException: not-null property references a null or transient value : com.tallerwebi.dominio.Alimento.cantidad
	at com.tallerwebi.dominio.RepositorioAlimentoTest.givenExisteAlimento(RepositorioAlimentoTest.java:57)
	at com.tallerwebi.dominio.RepositorioAlimentoTest.testNoObtenerAlimentosPorNombreIncorrecto(RepositorioAlimentoTest.java:92)
]]></error>
    <system-out><![CDATA[00:28:50.183 [main] DEBUG org.springframework.test.context.BootstrapUtils - Instantiating CacheAwareContextLoaderDelegate from class [org.springframework.test.context.cache.DefaultCacheAwareContextLoaderDelegate]
00:28:50.195 [main] DEBUG org.springframework.test.context.BootstrapUtils - Instantiating BootstrapContext using constructor [public org.springframework.test.context.support.DefaultBootstrapContext(java.lang.Class,org.springframework.test.context.CacheAwareContextLoaderDelegate)]
00:28:50.221 [main] DEBUG org.springframework.test.context.BootstrapUtils - Instantiating TestContextBootstrapper for test class [com.tallerwebi.dominio.RepositorioAlimentoTest] from class [org.springframework.test.context.web.WebTestContextBootstrapper]
00:28:50.238 [main] DEBUG org.springframework.test.context.support.AbstractDelegatingSmartContextLoader - Delegating to AnnotationConfigWebContextLoader to process context configuration [ContextConfigurationAttributes@aba625 declaringClass = 'com.tallerwebi.dominio.RepositorioAlimentoTest', classes = '{class com.tallerwebi.integracion.config.SpringWebTestConfig, class com.tallerwebi.integracion.config.HibernateTestConfig}', locations = '{}', inheritLocations = true, initializers = '{}', inheritInitializers = true, name = [null], contextLoaderClass = 'org.springframework.test.context.ContextLoader'].
00:28:50.251 [main] DEBUG org.springframework.test.context.support.ActiveProfilesUtils - Could not find an 'annotation declaring class' for annotation type [org.springframework.test.context.ActiveProfiles] and class [com.tallerwebi.dominio.RepositorioAlimentoTest]
00:28:50.251 [main] DEBUG org.springframework.test.context.web.WebTestContextBootstrapper - @TestExecutionListeners is not present for class [com.tallerwebi.dominio.RepositorioAlimentoTest]: using defaults.
00:28:50.252 [main] INFO org.springframework.test.context.web.WebTestContextBootstrapper - Loaded default TestExecutionListener class names from location [META-INF/spring.factories]: [org.springframework.test.context.web.ServletTestExecutionListener, org.springframework.test.context.support.DirtiesContextBeforeModesTestExecutionListener, org.springframework.test.context.support.DependencyInjectionTestExecutionListener, org.springframework.test.context.support.DirtiesContextTestExecutionListener, org.springframework.test.context.transaction.TransactionalTestExecutionListener, org.springframework.test.context.jdbc.SqlScriptsTestExecutionListener, org.springframework.test.context.event.EventPublishingTestExecutionListener]
00:28:50.259 [main] INFO org.springframework.test.context.web.WebTestContextBootstrapper - Using TestExecutionListeners: [org.springframework.test.context.web.ServletTestExecutionListener@4bff7da0, org.springframework.test.context.support.DirtiesContextBeforeModesTestExecutionListener@3f1d2e23, org.springframework.test.context.support.DependencyInjectionTestExecutionListener@536dbea0, org.springframework.test.context.support.DirtiesContextTestExecutionListener@47c81abf, org.springframework.test.context.transaction.TransactionalTestExecutionListener@776a6d9b, org.springframework.test.context.jdbc.SqlScriptsTestExecutionListener@21d03963, org.springframework.test.context.event.EventPublishingTestExecutionListener@1f760b47]
00:28:50.261 [main] DEBUG org.springframework.test.context.support.AbstractDirtiesContextTestExecutionListener - Before test class: context [DefaultTestContext@35b74c5c testClass = RepositorioAlimentoTest, testInstance = [null], testMethod = [null], testException = [null], mergedContextConfiguration = [WebMergedContextConfiguration@2e570ded testClass = RepositorioAlimentoTest, locations = '{}', classes = '{class com.tallerwebi.integracion.config.SpringWebTestConfig, class com.tallerwebi.integracion.config.HibernateTestConfig}', contextInitializerClasses = '[]', activeProfiles = '{}', propertySourceLocations = '{}', propertySourceProperties = '{}', contextCustomizers = set[[empty]], resourceBasePath = 'src/main/webapp', contextLoader = 'org.springframework.test.context.web.WebDelegatingSmartContextLoader', parent = [null]], attributes = map[[empty]]], class annotated with @DirtiesContext [false] with mode [null].
00:28:50.268 [main] DEBUG org.springframework.test.context.support.AbstractDelegatingSmartContextLoader - Delegating to AnnotationConfigWebContextLoader to load context from [WebMergedContextConfiguration@2e570ded testClass = RepositorioAlimentoTest, locations = '{}', classes = '{class com.tallerwebi.integracion.config.SpringWebTestConfig, class com.tallerwebi.integracion.config.HibernateTestConfig}', contextInitializerClasses = '[]', activeProfiles = '{}', propertySourceLocations = '{}', propertySourceProperties = '{}', contextCustomizers = set[[empty]], resourceBasePath = 'src/main/webapp', contextLoader = 'org.springframework.test.context.web.WebDelegatingSmartContextLoader', parent = [null]].
00:28:50.268 [main] DEBUG org.springframework.test.context.web.AbstractGenericWebContextLoader - Loading WebApplicationContext for merged context configuration [WebMergedContextConfiguration@2e570ded testClass = RepositorioAlimentoTest, locations = '{}', classes = '{class com.tallerwebi.integracion.config.SpringWebTestConfig, class com.tallerwebi.integracion.config.HibernateTestConfig}', contextInitializerClasses = '[]', activeProfiles = '{}', propertySourceLocations = '{}', propertySourceProperties = '{}', contextCustomizers = set[[empty]], resourceBasePath = 'src/main/webapp', contextLoader = 'org.springframework.test.context.web.WebDelegatingSmartContextLoader', parent = [null]].
00:28:50.303 [main] DEBUG org.springframework.web.context.support.StandardServletEnvironment - Activating profiles []
00:28:50.303 [main] DEBUG org.springframework.test.context.web.AnnotationConfigWebContextLoader - Registering annotated classes: {class com.tallerwebi.integracion.config.SpringWebTestConfig, class com.tallerwebi.integracion.config.HibernateTestConfig}
00:28:50.330 [main] DEBUG org.springframework.web.context.support.GenericWebApplicationContext - Refreshing org.springframework.web.context.support.GenericWebApplicationContext@52815fa3
00:28:50.342 [main] DEBUG org.springframework.beans.factory.support.DefaultListableBeanFactory - Creating shared instance of singleton bean 'org.springframework.context.annotation.internalConfigurationAnnotationProcessor'
00:28:50.383 [main] DEBUG org.springframework.context.annotation.ClassPathBeanDefinitionScanner - Identified candidate component class: file [C:\Users\Admin\Downloads\grupo4-main\grupo4-main\Fatloss\target\test-classes\com\tallerwebi\presentacion\ControladorPerfilTest.class]
00:28:50.387 [main] DEBUG org.springframework.context.annotation.ClassPathBeanDefinitionScanner - Identified candidate component class: file [C:\Users\Admin\Downloads\grupo4-main\grupo4-main\Fatloss\target\classes\com\tallerwebi\presentacion\ControladorAlimentos.class]
00:28:50.388 [main] DEBUG org.springframework.context.annotation.ClassPathBeanDefinitionScanner - Identified candidate component class: file [C:\Users\Admin\Downloads\grupo4-main\grupo4-main\Fatloss\target\classes\com\tallerwebi\presentacion\ControladorCalendario.class]
00:28:50.389 [main] DEBUG org.springframework.context.annotation.ClassPathBeanDefinitionScanner - Identified candidate component class: file [C:\Users\Admin\Downloads\grupo4-main\grupo4-main\Fatloss\target\classes\com\tallerwebi\presentacion\ControladorComunidad.class]
00:28:50.390 [main] DEBUG org.springframework.context.annotation.ClassPathBeanDefinitionScanner - Identified candidate component class: file [C:\Users\Admin\Downloads\grupo4-main\grupo4-main\Fatloss\target\classes\com\tallerwebi\presentacion\ControladorEjercicio.class]
00:28:50.390 [main] DEBUG org.springframework.context.annotation.ClassPathBeanDefinitionScanner - Identified candidate component class: file [C:\Users\Admin\Downloads\grupo4-main\grupo4-main\Fatloss\target\classes\com\tallerwebi\presentacion\ControladorEstadisticaUsuario.class]
00:28:50.390 [main] DEBUG org.springframework.context.annotation.ClassPathBeanDefinitionScanner - Identified candidate component class: file [C:\Users\Admin\Downloads\grupo4-main\grupo4-main\Fatloss\target\classes\com\tallerwebi\presentacion\ControladorHome.class]
00:28:50.391 [main] DEBUG org.springframework.context.annotation.ClassPathBeanDefinitionScanner - Identified candidate component class: file [C:\Users\Admin\Downloads\grupo4-main\grupo4-main\Fatloss\target\classes\com\tallerwebi\presentacion\ControladorMisAlimentos.class]
00:28:50.392 [main] DEBUG org.springframework.context.annotation.ClassPathBeanDefinitionScanner - Identified candidate component class: file [C:\Users\Admin\Downloads\grupo4-main\grupo4-main\Fatloss\target\classes\com\tallerwebi\presentacion\ControladorPago.class]
00:28:50.394 [main] DEBUG org.springframework.context.annotation.ClassPathBeanDefinitionScanner - Identified candidate component class: file [C:\Users\Admin\Downloads\grupo4-main\grupo4-main\Fatloss\target\classes\com\tallerwebi\presentacion\ControladorPerfil.class]
00:28:50.394 [main] DEBUG org.springframework.context.annotation.ClassPathBeanDefinitionScanner - Identified candidate component class: file [C:\Users\Admin\Downloads\grupo4-main\grupo4-main\Fatloss\target\classes\com\tallerwebi\presentacion\ControladorRecetas.class]
00:28:50.395 [main] DEBUG org.springframework.context.annotation.ClassPathBeanDefinitionScanner - Identified candidate component class: file [C:\Users\Admin\Downloads\grupo4-main\grupo4-main\Fatloss\target\classes\com\tallerwebi\presentacion\ControladorRegistro.class]
00:28:50.397 [main] DEBUG org.springframework.context.annotation.ClassPathBeanDefinitionScanner - Identified candidate component class: file [C:\Users\Admin\Downloads\grupo4-main\grupo4-main\Fatloss\target\classes\com\tallerwebi\presentacion\GlobalExceptionHandler.class]
00:28:50.425 [main] DEBUG org.springframework.context.annotation.ClassPathBeanDefinitionScanner - Identified candidate component class: file [C:\Users\Admin\Downloads\grupo4-main\grupo4-main\Fatloss\target\classes\com\tallerwebi\infraestructura\RepositorioAlimentoImpl.class]
00:28:50.426 [main] DEBUG org.springframework.context.annotation.ClassPathBeanDefinitionScanner - Identified candidate component class: file [C:\Users\Admin\Downloads\grupo4-main\grupo4-main\Fatloss\target\classes\com\tallerwebi\infraestructura\RepositorioCategoriaAlimentoImpl.class]
00:28:50.426 [main] DEBUG org.springframework.context.annotation.ClassPathBeanDefinitionScanner - Identified candidate component class: file [C:\Users\Admin\Downloads\grupo4-main\grupo4-main\Fatloss\target\classes\com\tallerwebi\infraestructura\RepositorioColacionImpl.class]
00:28:50.426 [main] DEBUG org.springframework.context.annotation.ClassPathBeanDefinitionScanner - Identified candidate component class: file [C:\Users\Admin\Downloads\grupo4-main\grupo4-main\Fatloss\target\classes\com\tallerwebi\infraestructura\RepositorioComunidadImpl.class]
00:28:50.427 [main] DEBUG org.springframework.context.annotation.ClassPathBeanDefinitionScanner - Identified candidate component class: file [C:\Users\Admin\Downloads\grupo4-main\grupo4-main\Fatloss\target\classes\com\tallerwebi\infraestructura\RepositorioDesafioImpl.class]
00:28:50.428 [main] DEBUG org.springframework.context.annotation.ClassPathBeanDefinitionScanner - Identified candidate component class: file [C:\Users\Admin\Downloads\grupo4-main\grupo4-main\Fatloss\target\classes\com\tallerwebi\infraestructura\RepositorioDesafioUsuarioImpl.class]
00:28:50.428 [main] DEBUG org.springframework.context.annotation.ClassPathBeanDefinitionScanner - Identified candidate component class: file [C:\Users\Admin\Downloads\grupo4-main\grupo4-main\Fatloss\target\classes\com\tallerwebi\infraestructura\RepositorioEjercicioImpl.class]
00:28:50.428 [main] DEBUG org.springframework.context.annotation.ClassPathBeanDefinitionScanner - Identified candidate component class: file [C:\Users\Admin\Downloads\grupo4-main\grupo4-main\Fatloss\target\classes\com\tallerwebi\infraestructura\RepositorioEjercicioUsuarioImpl.class]
00:28:50.428 [main] DEBUG org.springframework.context.annotation.ClassPathBeanDefinitionScanner - Identified candidate component class: file [C:\Users\Admin\Downloads\grupo4-main\grupo4-main\Fatloss\target\classes\com\tallerwebi\infraestructura\RepositorioHistorialPesoUsuarioImpl.class]
00:28:50.429 [main] DEBUG org.springframework.context.annotation.ClassPathBeanDefinitionScanner - Identified candidate component class: file [C:\Users\Admin\Downloads\grupo4-main\grupo4-main\Fatloss\target\classes\com\tallerwebi\infraestructura\RepositorioMacronutrienteImpl.class]
00:28:50.429 [main] DEBUG org.springframework.context.annotation.ClassPathBeanDefinitionScanner - Identified candidate component class: file [C:\Users\Admin\Downloads\grupo4-main\grupo4-main\Fatloss\target\classes\com\tallerwebi\infraestructura\RepositorioNotificacionImpl.class]
00:28:50.429 [main] DEBUG org.springframework.context.annotation.ClassPathBeanDefinitionScanner - Identified candidate component class: file [C:\Users\Admin\Downloads\grupo4-main\grupo4-main\Fatloss\target\classes\com\tallerwebi\infraestructura\RepositorioNotificacionUsuarioImpl.class]
00:28:50.429 [main] DEBUG org.springframework.context.annotation.ClassPathBeanDefinitionScanner - Identified candidate component class: file [C:\Users\Admin\Downloads\grupo4-main\grupo4-main\Fatloss\target\classes\com\tallerwebi\infraestructura\RepositorioPagoImpl.class]
00:28:50.430 [main] DEBUG org.springframework.context.annotation.ClassPathBeanDefinitionScanner - Identified candidate component class: file [C:\Users\Admin\Downloads\grupo4-main\grupo4-main\Fatloss\target\classes\com\tallerwebi\infraestructura\RepositorioRecetaFavoritoImpl.class]
00:28:50.430 [main] DEBUG org.springframework.context.annotation.ClassPathBeanDefinitionScanner - Identified candidate component class: file [C:\Users\Admin\Downloads\grupo4-main\grupo4-main\Fatloss\target\classes\com\tallerwebi\infraestructura\RepositorioRecetaImpl.class]
00:28:50.430 [main] DEBUG org.springframework.context.annotation.ClassPathBeanDefinitionScanner - Identified candidate component class: file [C:\Users\Admin\Downloads\grupo4-main\grupo4-main\Fatloss\target\classes\com\tallerwebi\infraestructura\RepositorioUsuarioFollowImpl.class]
00:28:50.430 [main] DEBUG org.springframework.context.annotation.ClassPathBeanDefinitionScanner - Identified candidate component class: file [C:\Users\Admin\Downloads\grupo4-main\grupo4-main\Fatloss\target\classes\com\tallerwebi\infraestructura\RepositorioUsuarioImpl.class]
00:28:50.431 [main] DEBUG org.springframework.context.annotation.ClassPathBeanDefinitionScanner - Identified candidate component class: file [C:\Users\Admin\Downloads\grupo4-main\grupo4-main\Fatloss\target\classes\com\tallerwebi\infraestructura\ServicioAlimentoImpl.class]
00:28:50.432 [main] DEBUG org.springframework.context.annotation.ClassPathBeanDefinitionScanner - Identified candidate component class: file [C:\Users\Admin\Downloads\grupo4-main\grupo4-main\Fatloss\target\classes\com\tallerwebi\infraestructura\ServicioCalendarioImpl.class]
00:28:50.432 [main] DEBUG org.springframework.context.annotation.ClassPathBeanDefinitionScanner - Identified candidate component class: file [C:\Users\Admin\Downloads\grupo4-main\grupo4-main\Fatloss\target\classes\com\tallerwebi\infraestructura\ServicioCategoriaAlimentoImpl.class]
00:28:50.432 [main] DEBUG org.springframework.context.annotation.ClassPathBeanDefinitionScanner - Identified candidate component class: file [C:\Users\Admin\Downloads\grupo4-main\grupo4-main\Fatloss\target\classes\com\tallerwebi\infraestructura\ServicioColacionImpl.class]
00:28:50.432 [main] DEBUG org.springframework.context.annotation.ClassPathBeanDefinitionScanner - Identified candidate component class: file [C:\Users\Admin\Downloads\grupo4-main\grupo4-main\Fatloss\target\classes\com\tallerwebi\infraestructura\ServicioComunidadImpl.class]
00:28:50.432 [main] DEBUG org.springframework.context.annotation.ClassPathBeanDefinitionScanner - Identified candidate component class: file [C:\Users\Admin\Downloads\grupo4-main\grupo4-main\Fatloss\target\classes\com\tallerwebi\infraestructura\ServicioDatosUsuarioImpl.class]
00:28:50.433 [main] DEBUG org.springframework.context.annotation.ClassPathBeanDefinitionScanner - Identified candidate component class: file [C:\Users\Admin\Downloads\grupo4-main\grupo4-main\Fatloss\target\classes\com\tallerwebi\infraestructura\ServicioDesafioImpl.class]
00:28:50.433 [main] DEBUG org.springframework.context.annotation.ClassPathBeanDefinitionScanner - Identified candidate component class: file [C:\Users\Admin\Downloads\grupo4-main\grupo4-main\Fatloss\target\classes\com\tallerwebi\infraestructura\ServicioEjercicioImpl.class]
00:28:50.433 [main] DEBUG org.springframework.context.annotation.ClassPathBeanDefinitionScanner - Identified candidate component class: file [C:\Users\Admin\Downloads\grupo4-main\grupo4-main\Fatloss\target\classes\com\tallerwebi\infraestructura\ServicioFollowImpl.class]
00:28:50.433 [main] DEBUG org.springframework.context.annotation.ClassPathBeanDefinitionScanner - Identified candidate component class: file [C:\Users\Admin\Downloads\grupo4-main\grupo4-main\Fatloss\target\classes\com\tallerwebi\infraestructura\ServicioLoginImpl.class]
00:28:50.433 [main] DEBUG org.springframework.context.annotation.ClassPathBeanDefinitionScanner - Identified candidate component class: file [C:\Users\Admin\Downloads\grupo4-main\grupo4-main\Fatloss\target\classes\com\tallerwebi\infraestructura\ServicioNotificacionImpl.class]
00:28:50.434 [main] DEBUG org.springframework.context.annotation.ClassPathBeanDefinitionScanner - Identified candidate component class: file [C:\Users\Admin\Downloads\grupo4-main\grupo4-main\Fatloss\target\classes\com\tallerwebi\infraestructura\ServicioPagoImpl.class]
00:28:50.434 [main] DEBUG org.springframework.context.annotation.ClassPathBeanDefinitionScanner - Identified candidate component class: file [C:\Users\Admin\Downloads\grupo4-main\grupo4-main\Fatloss\target\classes\com\tallerwebi\infraestructura\ServicioRecetaImpl.class]
00:28:50.573 [main] DEBUG org.springframework.beans.factory.support.DefaultListableBeanFactory - Creating shared instance of singleton bean 'org.springframework.context.event.internalEventListenerProcessor'
00:28:50.573 [main] DEBUG org.springframework.beans.factory.support.DefaultListableBeanFactory - Creating shared instance of singleton bean 'org.springframework.context.event.internalEventListenerFactory'
00:28:50.573 [main] DEBUG org.springframework.beans.factory.support.DefaultListableBeanFactory - Creating shared instance of singleton bean 'org.springframework.transaction.config.internalTransactionalEventListenerFactory'
00:28:50.576 [main] DEBUG org.springframework.beans.factory.support.DefaultListableBeanFactory - Creating shared instance of singleton bean 'org.springframework.context.annotation.internalAutowiredAnnotationProcessor'
00:28:50.577 [main] DEBUG org.springframework.beans.factory.support.DefaultListableBeanFactory - Creating shared instance of singleton bean 'org.springframework.context.annotation.internalCommonAnnotationProcessor'
00:28:50.579 [main] DEBUG org.springframework.beans.factory.support.DefaultListableBeanFactory - Creating shared instance of singleton bean 'org.springframework.context.annotation.internalPersistenceAnnotationProcessor'
00:28:50.580 [main] DEBUG org.springframework.beans.factory.support.DefaultListableBeanFactory - Creating shared instance of singleton bean 'org.springframework.aop.config.internalAutoProxyCreator'
00:28:50.615 [main] DEBUG org.springframework.ui.context.support.UiApplicationContextUtils - Unable to locate ThemeSource with name 'themeSource': using default [org.springframework.ui.context.support.ResourceBundleThemeSource@3d6300e8]
00:28:50.616 [main] DEBUG org.springframework.beans.factory.support.DefaultListableBeanFactory - Creating shared instance of singleton bean 'springWebTestConfig'
00:28:50.621 [main] DEBUG org.springframework.beans.factory.support.DefaultListableBeanFactory - Creating shared instance of singleton bean 'org.springframework.transaction.config.internalTransactionAdvisor'
00:28:50.621 [main] DEBUG org.springframework.beans.factory.support.DefaultListableBeanFactory - Creating shared instance of singleton bean 'org.springframework.transaction.annotation.ProxyTransactionManagementConfiguration'
00:28:50.629 [main] DEBUG org.springframework.beans.factory.support.DefaultListableBeanFactory - Creating shared instance of singleton bean 'transactionAttributeSource'
00:28:50.629 [main] DEBUG org.springframework.beans.factory.support.DefaultListableBeanFactory - Creating shared instance of singleton bean 'transactionInterceptor'
00:28:50.629 [main] DEBUG org.springframework.beans.factory.support.DefaultListableBeanFactory - Autowiring by type from bean name 'transactionInterceptor' via factory method to bean named 'transactionAttributeSource'
00:28:50.633 [main] DEBUG org.springframework.beans.factory.support.DefaultListableBeanFactory - Autowiring by type from bean name 'org.springframework.transaction.config.internalTransactionAdvisor' via factory method to bean named 'transactionAttributeSource'
00:28:50.633 [main] DEBUG org.springframework.beans.factory.support.DefaultListableBeanFactory - Autowiring by type from bean name 'org.springframework.transaction.config.internalTransactionAdvisor' via factory method to bean named 'transactionInterceptor'
00:28:50.638 [main] DEBUG org.springframework.beans.factory.support.DefaultListableBeanFactory - Creating shared instance of singleton bean 'hibernateTestConfig'
00:28:50.639 [main] DEBUG org.springframework.beans.factory.support.DefaultListableBeanFactory - Creating shared instance of singleton bean 'controladorPerfilTest'
00:28:51.566 [main] DEBUG org.springframework.beans.factory.support.DefaultListableBeanFactory - Creating shared instance of singleton bean 'controladorAlimentos'
00:28:51.570 [main] DEBUG org.springframework.beans.factory.support.DefaultListableBeanFactory - Creating shared instance of singleton bean 'servicioCategoriaAlimento'
00:28:51.572 [main] DEBUG org.springframework.beans.factory.support.DefaultListableBeanFactory - Creating shared instance of singleton bean 'repositorioCategoriaAlimento'
00:28:51.573 [main] DEBUG org.springframework.beans.factory.support.DefaultListableBeanFactory - Creating shared instance of singleton bean 'sessionFactory'
00:28:51.574 [main] DEBUG org.springframework.beans.factory.support.DefaultListableBeanFactory - Creating shared instance of singleton bean 'dataSource'
00:28:51.588 [main] DEBUG org.springframework.jdbc.datasource.DriverManagerDataSource - Loaded JDBC driver: org.hsqldb.jdbcDriver
00:28:51.591 [main] DEBUG org.springframework.beans.factory.support.DefaultListableBeanFactory - Autowiring by type from bean name 'sessionFactory' via factory method to bean named 'dataSource'
00:28:51.616 [main] DEBUG org.jboss.logging - Logging Provider: org.jboss.logging.Slf4jLoggerProvider
00:28:51.625 [main] DEBUG org.hibernate.integrator.internal.IntegratorServiceImpl - Adding Integrator [org.hibernate.cfg.beanvalidation.BeanValidationIntegrator].
00:28:51.625 [main] DEBUG org.hibernate.integrator.internal.IntegratorServiceImpl - Adding Integrator [org.hibernate.secure.spi.JaccIntegrator].
00:28:51.628 [main] DEBUG org.hibernate.integrator.internal.IntegratorServiceImpl - Adding Integrator [org.hibernate.cache.internal.CollectionCacheInvalidator].
00:28:51.643 [main] INFO org.hibernate.Version - HHH000412: Hibernate ORM core version 5.4.24.Final
00:28:51.644 [main] DEBUG org.hibernate.cfg.Environment - HHH000206: hibernate.properties not found
00:28:51.688 [main] DEBUG org.hibernate.cfg.Configuration - Building session factory using internal StandardServiceRegistryBuilder
00:28:51.692 [main] DEBUG org.hibernate.service.spi.ServiceBinding - Overriding existing service binding [org.hibernate.secure.spi.JaccService]
00:28:51.692 [main] DEBUG org.hibernate.cfg.Configuration - Building session factory using provided StandardServiceRegistry
00:28:51.702 [main] DEBUG org.hibernate.cache.internal.RegionFactoryInitiator - Cannot default RegionFactory based on registered strategies as `[]` RegionFactory strategies were registered
00:28:51.702 [main] DEBUG org.hibernate.cache.internal.RegionFactoryInitiator - Cache region factory : org.hibernate.cache.internal.NoCachingRegionFactory
00:28:51.717 [main] INFO org.hibernate.annotations.common.Version - HCANN000001: Hibernate Commons Annotations {5.1.2.Final}
00:28:51.746 [main] DEBUG org.hibernate.type.BasicTypeRegistry - Adding type registration boolean -> org.hibernate.type.BooleanType@7412a438
00:28:51.746 [main] DEBUG org.hibernate.type.BasicTypeRegistry - Adding type registration boolean -> org.hibernate.type.BooleanType@7412a438
00:28:51.746 [main] DEBUG org.hibernate.type.BasicTypeRegistry - Adding type registration java.lang.Boolean -> org.hibernate.type.BooleanType@7412a438
00:28:51.747 [main] DEBUG org.hibernate.type.BasicTypeRegistry - Adding type registration numeric_boolean -> org.hibernate.type.NumericBooleanType@1150d471
00:28:51.747 [main] DEBUG org.hibernate.type.BasicTypeRegistry - Adding type registration true_false -> org.hibernate.type.TrueFalseType@16a5c7e4
00:28:51.747 [main] DEBUG org.hibernate.type.BasicTypeRegistry - Adding type registration yes_no -> org.hibernate.type.YesNoType@3a00b15d
00:28:51.748 [main] DEBUG org.hibernate.type.BasicTypeRegistry - Adding type registration byte -> org.hibernate.type.ByteType@71179b6f
00:28:51.748 [main] DEBUG org.hibernate.type.BasicTypeRegistry - Adding type registration byte -> org.hibernate.type.ByteType@71179b6f
00:28:51.748 [main] DEBUG org.hibernate.type.BasicTypeRegistry - Adding type registration java.lang.Byte -> org.hibernate.type.ByteType@71179b6f
00:28:51.749 [main] DEBUG org.hibernate.type.BasicTypeRegistry - Adding type registration character -> org.hibernate.type.CharacterType@4ac8768e
00:28:51.749 [main] DEBUG org.hibernate.type.BasicTypeRegistry - Adding type registration char -> org.hibernate.type.CharacterType@4ac8768e
00:28:51.749 [main] DEBUG org.hibernate.type.BasicTypeRegistry - Adding type registration java.lang.Character -> org.hibernate.type.CharacterType@4ac8768e
00:28:51.749 [main] DEBUG org.hibernate.type.BasicTypeRegistry - Adding type registration short -> org.hibernate.type.ShortType@5cff6b74
00:28:51.749 [main] DEBUG org.hibernate.type.BasicTypeRegistry - Adding type registration short -> org.hibernate.type.ShortType@5cff6b74
00:28:51.749 [main] DEBUG org.hibernate.type.BasicTypeRegistry - Adding type registration java.lang.Short -> org.hibernate.type.ShortType@5cff6b74
00:28:51.751 [main] DEBUG org.hibernate.type.BasicTypeRegistry - Adding type registration integer -> org.hibernate.type.IntegerType@6a32191e
00:28:51.751 [main] DEBUG org.hibernate.type.BasicTypeRegistry - Adding type registration int -> org.hibernate.type.IntegerType@6a32191e
00:28:51.751 [main] DEBUG org.hibernate.type.BasicTypeRegistry - Adding type registration java.lang.Integer -> org.hibernate.type.IntegerType@6a32191e
00:28:51.752 [main] DEBUG org.hibernate.type.BasicTypeRegistry - Adding type registration long -> org.hibernate.type.LongType@1fd7a37
00:28:51.752 [main] DEBUG org.hibernate.type.BasicTypeRegistry - Adding type registration long -> org.hibernate.type.LongType@1fd7a37
00:28:51.752 [main] DEBUG org.hibernate.type.BasicTypeRegistry - Adding type registration java.lang.Long -> org.hibernate.type.LongType@1fd7a37
00:28:51.753 [main] DEBUG org.hibernate.type.BasicTypeRegistry - Adding type registration float -> org.hibernate.type.FloatType@65ef48f2
00:28:51.753 [main] DEBUG org.hibernate.type.BasicTypeRegistry - Adding type registration float -> org.hibernate.type.FloatType@65ef48f2
00:28:51.753 [main] DEBUG org.hibernate.type.BasicTypeRegistry - Adding type registration java.lang.Float -> org.hibernate.type.FloatType@65ef48f2
00:28:51.753 [main] DEBUG org.hibernate.type.BasicTypeRegistry - Adding type registration double -> org.hibernate.type.DoubleType@9687f55
00:28:51.753 [main] DEBUG org.hibernate.type.BasicTypeRegistry - Adding type registration double -> org.hibernate.type.DoubleType@9687f55
00:28:51.753 [main] DEBUG org.hibernate.type.BasicTypeRegistry - Adding type registration java.lang.Double -> org.hibernate.type.DoubleType@9687f55
00:28:51.755 [main] DEBUG org.hibernate.type.BasicTypeRegistry - Adding type registration big_decimal -> org.hibernate.type.BigDecimalType@4b8137c5
00:28:51.755 [main] DEBUG org.hibernate.type.BasicTypeRegistry - Adding type registration java.math.BigDecimal -> org.hibernate.type.BigDecimalType@4b8137c5
00:28:51.755 [main] DEBUG org.hibernate.type.BasicTypeRegistry - Adding type registration big_integer -> org.hibernate.type.BigIntegerType@29896529
00:28:51.755 [main] DEBUG org.hibernate.type.BasicTypeRegistry - Adding type registration java.math.BigInteger -> org.hibernate.type.BigIntegerType@29896529
00:28:51.756 [main] DEBUG org.hibernate.type.BasicTypeRegistry - Adding type registration string -> org.hibernate.type.StringType@4cb957b8
00:28:51.756 [main] DEBUG org.hibernate.type.BasicTypeRegistry - Adding type registration java.lang.String -> org.hibernate.type.StringType@4cb957b8
00:28:51.756 [main] DEBUG org.hibernate.type.BasicTypeRegistry - Adding type registration nstring -> org.hibernate.type.StringNVarcharType@6ecc02bb
00:28:51.757 [main] DEBUG org.hibernate.type.BasicTypeRegistry - Adding type registration ncharacter -> org.hibernate.type.CharacterNCharType@773014d3
00:28:51.757 [main] DEBUG org.hibernate.type.BasicTypeRegistry - Adding type registration url -> org.hibernate.type.UrlType@67bb4dcd
00:28:51.757 [main] DEBUG org.hibernate.type.BasicTypeRegistry - Adding type registration java.net.URL -> org.hibernate.type.UrlType@67bb4dcd
00:28:51.758 [main] DEBUG org.hibernate.type.BasicTypeRegistry - Adding type registration Duration -> org.hibernate.type.DurationType@270a620
00:28:51.758 [main] DEBUG org.hibernate.type.BasicTypeRegistry - Adding type registration java.time.Duration -> org.hibernate.type.DurationType@270a620
00:28:51.761 [main] DEBUG org.hibernate.type.BasicTypeRegistry - Adding type registration Instant -> org.hibernate.type.InstantType@19fd43da
00:28:51.761 [main] DEBUG org.hibernate.type.BasicTypeRegistry - Adding type registration java.time.Instant -> org.hibernate.type.InstantType@19fd43da
00:28:51.762 [main] DEBUG org.hibernate.type.BasicTypeRegistry - Adding type registration LocalDateTime -> org.hibernate.type.LocalDateTimeType@604d23fa
00:28:51.762 [main] DEBUG org.hibernate.type.BasicTypeRegistry - Adding type registration java.time.LocalDateTime -> org.hibernate.type.LocalDateTimeType@604d23fa
00:28:51.763 [main] DEBUG org.hibernate.type.BasicTypeRegistry - Adding type registration LocalDate -> org.hibernate.type.LocalDateType@68ab6ab0
00:28:51.763 [main] DEBUG org.hibernate.type.BasicTypeRegistry - Adding type registration java.time.LocalDate -> org.hibernate.type.LocalDateType@68ab6ab0
00:28:51.763 [main] DEBUG org.hibernate.type.BasicTypeRegistry - Adding type registration LocalTime -> org.hibernate.type.LocalTimeType@abad89c
00:28:51.763 [main] DEBUG org.hibernate.type.BasicTypeRegistry - Adding type registration java.time.LocalTime -> org.hibernate.type.LocalTimeType@abad89c
00:28:51.765 [main] DEBUG org.hibernate.type.BasicTypeRegistry - Adding type registration OffsetDateTime -> org.hibernate.type.OffsetDateTimeType@75aea2ba
00:28:51.765 [main] DEBUG org.hibernate.type.BasicTypeRegistry - Adding type registration java.time.OffsetDateTime -> org.hibernate.type.OffsetDateTimeType@75aea2ba
00:28:51.766 [main] DEBUG org.hibernate.type.BasicTypeRegistry - Adding type registration OffsetTime -> org.hibernate.type.OffsetTimeType@162c1dfb
00:28:51.766 [main] DEBUG org.hibernate.type.BasicTypeRegistry - Adding type registration java.time.OffsetTime -> org.hibernate.type.OffsetTimeType@162c1dfb
00:28:51.767 [main] DEBUG org.hibernate.type.BasicTypeRegistry - Adding type registration ZonedDateTime -> org.hibernate.type.ZonedDateTimeType@7a9ceddf
00:28:51.767 [main] DEBUG org.hibernate.type.BasicTypeRegistry - Adding type registration java.time.ZonedDateTime -> org.hibernate.type.ZonedDateTimeType@7a9ceddf
00:28:51.769 [main] DEBUG org.hibernate.type.BasicTypeRegistry - Adding type registration date -> org.hibernate.type.DateType@61ff6a49
00:28:51.769 [main] DEBUG org.hibernate.type.BasicTypeRegistry - Adding type registration java.sql.Date -> org.hibernate.type.DateType@61ff6a49
00:28:51.770 [main] DEBUG org.hibernate.type.BasicTypeRegistry - Adding type registration time -> org.hibernate.type.TimeType@1ca3d25b
00:28:51.770 [main] DEBUG org.hibernate.type.BasicTypeRegistry - Adding type registration java.sql.Time -> org.hibernate.type.TimeType@1ca3d25b
00:28:51.771 [main] DEBUG org.hibernate.type.BasicTypeRegistry - Adding type registration timestamp -> org.hibernate.type.TimestampType@61a2aeb7
00:28:51.771 [main] DEBUG org.hibernate.type.BasicTypeRegistry - Adding type registration java.sql.Timestamp -> org.hibernate.type.TimestampType@61a2aeb7
00:28:51.771 [main] DEBUG org.hibernate.type.BasicTypeRegistry - Adding type registration java.util.Date -> org.hibernate.type.TimestampType@61a2aeb7
00:28:51.772 [main] DEBUG org.hibernate.type.BasicTypeRegistry - Adding type registration dbtimestamp -> org.hibernate.type.DbTimestampType@62b09715
00:28:51.773 [main] DEBUG org.hibernate.type.BasicTypeRegistry - Adding type registration calendar -> org.hibernate.type.CalendarType@6f5d0190
00:28:51.773 [main] DEBUG org.hibernate.type.BasicTypeRegistry - Adding type registration java.util.Calendar -> org.hibernate.type.CalendarType@6f5d0190
00:28:51.773 [main] DEBUG org.hibernate.type.BasicTypeRegistry - Adding type registration java.util.GregorianCalendar -> org.hibernate.type.CalendarType@6f5d0190
00:28:51.773 [main] DEBUG org.hibernate.type.BasicTypeRegistry - Adding type registration calendar_date -> org.hibernate.type.CalendarDateType@1e5eb20a
00:28:51.773 [main] DEBUG org.hibernate.type.BasicTypeRegistry - Adding type registration calendar_time -> org.hibernate.type.CalendarTimeType@ac91282
00:28:51.774 [main] DEBUG org.hibernate.type.BasicTypeRegistry - Adding type registration locale -> org.hibernate.type.LocaleType@47829d6d
00:28:51.774 [main] DEBUG org.hibernate.type.BasicTypeRegistry - Adding type registration java.util.Locale -> org.hibernate.type.LocaleType@47829d6d
00:28:51.775 [main] DEBUG org.hibernate.type.BasicTypeRegistry - Adding type registration currency -> org.hibernate.type.CurrencyType@59fc6d05
00:28:51.775 [main] DEBUG org.hibernate.type.BasicTypeRegistry - Adding type registration java.util.Currency -> org.hibernate.type.CurrencyType@59fc6d05
00:28:51.775 [main] DEBUG org.hibernate.type.BasicTypeRegistry - Adding type registration timezone -> org.hibernate.type.TimeZoneType@4391a2d8
00:28:51.775 [main] DEBUG org.hibernate.type.BasicTypeRegistry - Adding type registration java.util.TimeZone -> org.hibernate.type.TimeZoneType@4391a2d8
00:28:51.775 [main] DEBUG org.hibernate.type.BasicTypeRegistry - Adding type registration class -> org.hibernate.type.ClassType@1e3df614
00:28:51.775 [main] DEBUG org.hibernate.type.BasicTypeRegistry - Adding type registration java.lang.Class -> org.hibernate.type.ClassType@1e3df614
00:28:51.776 [main] DEBUG org.hibernate.type.BasicTypeRegistry - Adding type registration uuid-binary -> org.hibernate.type.UUIDBinaryType@64bebd55
00:28:51.776 [main] DEBUG org.hibernate.type.BasicTypeRegistry - Adding type registration java.util.UUID -> org.hibernate.type.UUIDBinaryType@64bebd55
00:28:51.777 [main] DEBUG org.hibernate.type.BasicTypeRegistry - Adding type registration uuid-char -> org.hibernate.type.UUIDCharType@66f5a02e
00:28:51.777 [main] DEBUG org.hibernate.type.BasicTypeRegistry - Adding type registration binary -> org.hibernate.type.BinaryType@15a3b42
00:28:51.777 [main] DEBUG org.hibernate.type.BasicTypeRegistry - Adding type registration byte[] -> org.hibernate.type.BinaryType@15a3b42
00:28:51.777 [main] DEBUG org.hibernate.type.BasicTypeRegistry - Adding type registration [B -> org.hibernate.type.BinaryType@15a3b42
00:28:51.778 [main] DEBUG org.hibernate.type.BasicTypeRegistry - Adding type registration wrapper-binary -> org.hibernate.type.WrapperBinaryType@5af5d76f
00:28:51.778 [main] DEBUG org.hibernate.type.BasicTypeRegistry - Adding type registration Byte[] -> org.hibernate.type.WrapperBinaryType@5af5d76f
00:28:51.778 [main] DEBUG org.hibernate.type.BasicTypeRegistry - Adding type registration [Ljava.lang.Byte; -> org.hibernate.type.WrapperBinaryType@5af5d76f
00:28:51.778 [main] DEBUG org.hibernate.type.BasicTypeRegistry - Adding type registration row_version -> org.hibernate.type.RowVersionType@766a52f5
00:28:51.779 [main] DEBUG org.hibernate.type.BasicTypeRegistry - Adding type registration image -> org.hibernate.type.ImageType@58fd1214
00:28:51.779 [main] DEBUG org.hibernate.type.BasicTypeRegistry - Adding type registration characters -> org.hibernate.type.CharArrayType@157d3a45
00:28:51.779 [main] DEBUG org.hibernate.type.BasicTypeRegistry - Adding type registration char[] -> org.hibernate.type.CharArrayType@157d3a45
00:28:51.779 [main] DEBUG org.hibernate.type.BasicTypeRegistry - Adding type registration [C -> org.hibernate.type.CharArrayType@157d3a45
00:28:51.780 [main] DEBUG org.hibernate.type.BasicTypeRegistry - Adding type registration wrapper-characters -> org.hibernate.type.CharacterArrayType@5d878b25
00:28:51.780 [main] DEBUG org.hibernate.type.BasicTypeRegistry - Adding type registration [Ljava.lang.Character; -> org.hibernate.type.CharacterArrayType@5d878b25
00:28:51.780 [main] DEBUG org.hibernate.type.BasicTypeRegistry - Adding type registration Character[] -> org.hibernate.type.CharacterArrayType@5d878b25
00:28:51.780 [main] DEBUG org.hibernate.type.BasicTypeRegistry - Adding type registration text -> org.hibernate.type.TextType@575cabf0
00:28:51.780 [main] DEBUG org.hibernate.type.BasicTypeRegistry - Adding type registration ntext -> org.hibernate.type.NTextType@1f992a3a
00:28:51.781 [main] DEBUG org.hibernate.type.BasicTypeRegistry - Adding type registration blob -> org.hibernate.type.BlobType@78a8978a
00:28:51.781 [main] DEBUG org.hibernate.type.BasicTypeRegistry - Adding type registration java.sql.Blob -> org.hibernate.type.BlobType@78a8978a
00:28:51.781 [main] DEBUG org.hibernate.type.BasicTypeRegistry - Adding type registration materialized_blob -> org.hibernate.type.MaterializedBlobType@29bcf51d
00:28:51.782 [main] DEBUG org.hibernate.type.BasicTypeRegistry - Adding type registration clob -> org.hibernate.type.ClobType@45e617c4
00:28:51.782 [main] DEBUG org.hibernate.type.BasicTypeRegistry - Adding type registration java.sql.Clob -> org.hibernate.type.ClobType@45e617c4
00:28:51.783 [main] DEBUG org.hibernate.type.BasicTypeRegistry - Adding type registration nclob -> org.hibernate.type.NClobType@422ab737
00:28:51.783 [main] DEBUG org.hibernate.type.BasicTypeRegistry - Adding type registration java.sql.NClob -> org.hibernate.type.NClobType@422ab737
00:28:51.783 [main] DEBUG org.hibernate.type.BasicTypeRegistry - Adding type registration materialized_clob -> org.hibernate.type.MaterializedClobType@6dce59e
00:28:51.783 [main] DEBUG org.hibernate.type.BasicTypeRegistry - Adding type registration materialized_nclob -> org.hibernate.type.MaterializedNClobType@691124ee
00:28:51.785 [main] DEBUG org.hibernate.type.BasicTypeRegistry - Adding type registration serializable -> org.hibernate.type.SerializableType@122635ef
00:28:51.787 [main] DEBUG org.hibernate.type.BasicTypeRegistry - Adding type registration object -> org.hibernate.type.ObjectType@59a2388e
00:28:51.787 [main] DEBUG org.hibernate.type.BasicTypeRegistry - Adding type registration java.lang.Object -> org.hibernate.type.ObjectType@59a2388e
00:28:51.787 [main] DEBUG org.hibernate.type.BasicTypeRegistry - Adding type registration imm_date -> org.hibernate.type.AdaptedImmutableType@6518fdfd
00:28:51.787 [main] DEBUG org.hibernate.type.BasicTypeRegistry - Adding type registration imm_time -> org.hibernate.type.AdaptedImmutableType@11d2dd2d
00:28:51.787 [main] DEBUG org.hibernate.type.BasicTypeRegistry - Adding type registration imm_timestamp -> org.hibernate.type.AdaptedImmutableType@cde8c6c
00:28:51.787 [main] DEBUG org.hibernate.type.BasicTypeRegistry - Adding type registration imm_dbtimestamp -> org.hibernate.type.AdaptedImmutableType@174721c4
00:28:51.787 [main] DEBUG org.hibernate.type.BasicTypeRegistry - Adding type registration imm_calendar -> org.hibernate.type.AdaptedImmutableType@3592c1c4
00:28:51.787 [main] DEBUG org.hibernate.type.BasicTypeRegistry - Adding type registration imm_calendar_date -> org.hibernate.type.AdaptedImmutableType@322e49ee
00:28:51.787 [main] DEBUG org.hibernate.type.BasicTypeRegistry - Adding type registration imm_binary -> org.hibernate.type.AdaptedImmutableType@4aeb0e2b
00:28:51.788 [main] DEBUG org.hibernate.type.BasicTypeRegistry - Adding type registration imm_serializable -> org.hibernate.type.AdaptedImmutableType@648c5fb3
00:28:51.825 [main] DEBUG org.hibernate.id.factory.internal.DefaultIdentifierGeneratorFactory - Registering IdentifierGenerator strategy [uuid2] -> [org.hibernate.id.UUIDGenerator]
00:28:51.826 [main] DEBUG org.hibernate.id.factory.internal.DefaultIdentifierGeneratorFactory - Registering IdentifierGenerator strategy [guid] -> [org.hibernate.id.GUIDGenerator]
00:28:51.827 [main] DEBUG org.hibernate.id.factory.internal.DefaultIdentifierGeneratorFactory - Registering IdentifierGenerator strategy [uuid] -> [org.hibernate.id.UUIDHexGenerator]
00:28:51.827 [main] DEBUG org.hibernate.id.factory.internal.DefaultIdentifierGeneratorFactory - Registering IdentifierGenerator strategy [uuid.hex] -> [org.hibernate.id.UUIDHexGenerator]
00:28:51.827 [main] DEBUG org.hibernate.id.factory.internal.DefaultIdentifierGeneratorFactory - Registering IdentifierGenerator strategy [assigned] -> [org.hibernate.id.Assigned]
00:28:51.828 [main] DEBUG org.hibernate.id.factory.internal.DefaultIdentifierGeneratorFactory - Registering IdentifierGenerator strategy [identity] -> [org.hibernate.id.IdentityGenerator]
00:28:51.828 [main] DEBUG org.hibernate.id.factory.internal.DefaultIdentifierGeneratorFactory - Registering IdentifierGenerator strategy [select] -> [org.hibernate.id.SelectGenerator]
00:28:51.829 [main] DEBUG org.hibernate.id.factory.internal.DefaultIdentifierGeneratorFactory - Registering IdentifierGenerator strategy [sequence] -> [org.hibernate.id.enhanced.SequenceStyleGenerator]
00:28:51.831 [main] DEBUG org.hibernate.id.factory.internal.DefaultIdentifierGeneratorFactory - Registering IdentifierGenerator strategy [seqhilo] -> [org.hibernate.id.SequenceHiLoGenerator]
00:28:51.832 [main] DEBUG org.hibernate.id.factory.internal.DefaultIdentifierGeneratorFactory - Registering IdentifierGenerator strategy [increment] -> [org.hibernate.id.IncrementGenerator]
00:28:51.832 [main] DEBUG org.hibernate.id.factory.internal.DefaultIdentifierGeneratorFactory - Registering IdentifierGenerator strategy [foreign] -> [org.hibernate.id.ForeignGenerator]
00:28:51.832 [main] DEBUG org.hibernate.id.factory.internal.DefaultIdentifierGeneratorFactory - Registering IdentifierGenerator strategy [sequence-identity] -> [org.hibernate.id.SequenceIdentityGenerator]
00:28:51.832 [main] DEBUG org.hibernate.id.factory.internal.DefaultIdentifierGeneratorFactory - Registering IdentifierGenerator strategy [enhanced-sequence] -> [org.hibernate.id.enhanced.SequenceStyleGenerator]
00:28:51.833 [main] DEBUG org.hibernate.id.factory.internal.DefaultIdentifierGeneratorFactory - Registering IdentifierGenerator strategy [enhanced-table] -> [org.hibernate.id.enhanced.TableGenerator]
00:28:51.838 [main] DEBUG org.springframework.jdbc.datasource.DriverManagerDataSource - Creating new JDBC DriverManager Connection to [jdbc:hsqldb:mem:db_]
00:28:52.006 [main] DEBUG org.hibernate.engine.jdbc.env.internal.JdbcEnvironmentInitiator - Database ->
       name : HSQL Database Engine
    version : 2.3.2
      major : 2
      minor : 3
00:28:52.006 [main] DEBUG org.hibernate.engine.jdbc.env.internal.JdbcEnvironmentInitiator - Driver ->
       name : HSQL Database Engine Driver
    version : 2.3.2
      major : 2
      minor : 3
00:28:52.006 [main] DEBUG org.hibernate.engine.jdbc.env.internal.JdbcEnvironmentInitiator - JDBC version : 4.0
00:28:52.013 [main] INFO org.hibernate.dialect.Dialect - HHH000400: Using dialect: org.hibernate.dialect.HSQLDialect
00:28:52.027 [main] DEBUG org.hibernate.engine.jdbc.env.spi.IdentifierHelperBuilder - JDBC driver metadata reported database stores quoted identifiers in neither upper, lower nor mixed case
00:28:52.048 [main] DEBUG org.hibernate.boot.model.relational.Namespace - Created database namespace [logicalName=Name{catalog=null, schema=null}, physicalName=Name{catalog=null, schema=null}]
00:28:52.051 [main] DEBUG org.hibernate.type.spi.TypeConfiguration$Scope - Scoping TypeConfiguration [org.hibernate.type.spi.TypeConfiguration@4ffced4e] to MetadataBuildingContext [org.hibernate.boot.internal.MetadataBuildingContextRootImpl@6094de13]
00:28:52.083 [main] DEBUG org.hibernate.cfg.AnnotationBinder - Binding entity from annotated class: com.tallerwebi.dominio.Alimento
00:28:52.092 [main] DEBUG org.hibernate.cfg.Ejb3Column - Binding column: Ejb3DiscriminatorColumn{logicalColumnName'DTYPE', discriminatorTypeName='string'}
00:28:52.095 [main] DEBUG org.hibernate.cfg.annotations.EntityBinder - Import with entity name Alimento
00:28:52.099 [main] DEBUG org.hibernate.cfg.annotations.EntityBinder - Bind entity com.tallerwebi.dominio.Alimento on table Alimento
00:28:52.123 [main] DEBUG org.hibernate.cfg.Ejb3Column - Binding column: Ejb3Column{table=org.hibernate.mapping.Table(Alimento), mappingColumn=id, insertable=true, updatable=true, unique=false}
00:28:52.125 [main] DEBUG org.hibernate.boot.internal.ClassLoaderAccessImpl - Not known whether passed class name [com.tallerwebi.dominio.Alimento] is safe
00:28:52.125 [main] DEBUG org.hibernate.boot.internal.ClassLoaderAccessImpl - No temp ClassLoader provided; using live ClassLoader for loading potentially unsafe class : com.tallerwebi.dominio.Alimento
00:28:52.127 [main] DEBUG org.hibernate.cfg.annotations.PropertyBinder - MetadataSourceProcessor property id with lazy=false
00:28:52.128 [main] DEBUG org.hibernate.cfg.AbstractPropertyHolder - Attempting to locate auto-apply AttributeConverter for property [com.tallerwebi.dominio.Alimento:id]
00:28:52.130 [main] DEBUG org.hibernate.cfg.annotations.SimpleValueBinder - building SimpleValue for id
00:28:52.131 [main] DEBUG org.hibernate.cfg.annotations.PropertyBinder - Building property id
00:28:52.133 [main] DEBUG org.hibernate.cfg.BinderHelper - #makeIdGenerator(org.hibernate.mapping.SimpleValue([org.hibernate.mapping.Column(id)]), id, identity, , ...)
00:28:52.134 [main] DEBUG org.hibernate.cfg.Ejb3Column - Binding column: Ejb3Column{table=org.hibernate.mapping.Table(Alimento), mappingColumn=azucar, insertable=true, updatable=true, unique=false}
00:28:52.134 [main] DEBUG org.hibernate.cfg.annotations.PropertyBinder - MetadataSourceProcessor property azucar with lazy=false
00:28:52.134 [main] DEBUG org.hibernate.cfg.AbstractPropertyHolder - Attempting to locate auto-apply AttributeConverter for property [com.tallerwebi.dominio.Alimento:azucar]
00:28:52.134 [main] DEBUG org.hibernate.cfg.annotations.SimpleValueBinder - building SimpleValue for azucar
00:28:52.134 [main] DEBUG org.hibernate.cfg.annotations.PropertyBinder - Building property azucar
00:28:52.134 [main] DEBUG org.hibernate.cfg.Ejb3Column - Binding column: Ejb3Column{table=org.hibernate.mapping.Table(Alimento), mappingColumn=baseAzucar, insertable=true, updatable=true, unique=false}
00:28:52.134 [main] DEBUG org.hibernate.cfg.annotations.PropertyBinder - MetadataSourceProcessor property baseAzucar with lazy=false
00:28:52.134 [main] DEBUG org.hibernate.cfg.AbstractPropertyHolder - Attempting to locate auto-apply AttributeConverter for property [com.tallerwebi.dominio.Alimento:baseAzucar]
00:28:52.134 [main] DEBUG org.hibernate.cfg.annotations.SimpleValueBinder - building SimpleValue for baseAzucar
00:28:52.134 [main] DEBUG org.hibernate.cfg.annotations.PropertyBinder - Building property baseAzucar
00:28:52.134 [main] DEBUG org.hibernate.cfg.Ejb3Column - Binding column: Ejb3Column{table=org.hibernate.mapping.Table(Alimento), mappingColumn=baseCalorias, insertable=true, updatable=true, unique=false}
00:28:52.134 [main] DEBUG org.hibernate.cfg.annotations.PropertyBinder - MetadataSourceProcessor property baseCalorias with lazy=false
00:28:52.134 [main] DEBUG org.hibernate.cfg.AbstractPropertyHolder - Attempting to locate auto-apply AttributeConverter for property [com.tallerwebi.dominio.Alimento:baseCalorias]
00:28:52.134 [main] DEBUG org.hibernate.cfg.annotations.SimpleValueBinder - building SimpleValue for baseCalorias
00:28:52.134 [main] DEBUG org.hibernate.cfg.annotations.PropertyBinder - Building property baseCalorias
00:28:52.134 [main] DEBUG org.hibernate.cfg.Ejb3Column - Binding column: Ejb3Column{table=org.hibernate.mapping.Table(Alimento), mappingColumn=baseCarbohidratos, insertable=true, updatable=true, unique=false}
00:28:52.134 [main] DEBUG org.hibernate.cfg.annotations.PropertyBinder - MetadataSourceProcessor property baseCarbohidratos with lazy=false
00:28:52.134 [main] DEBUG org.hibernate.cfg.AbstractPropertyHolder - Attempting to locate auto-apply AttributeConverter for property [com.tallerwebi.dominio.Alimento:baseCarbohidratos]
00:28:52.134 [main] DEBUG org.hibernate.cfg.annotations.SimpleValueBinder - building SimpleValue for baseCarbohidratos
00:28:52.135 [main] DEBUG org.hibernate.cfg.annotations.PropertyBinder - Building property baseCarbohidratos
00:28:52.135 [main] DEBUG org.hibernate.cfg.Ejb3Column - Binding column: Ejb3Column{table=org.hibernate.mapping.Table(Alimento), mappingColumn=baseColesterol, insertable=true, updatable=true, unique=false}
00:28:52.135 [main] DEBUG org.hibernate.cfg.annotations.PropertyBinder - MetadataSourceProcessor property baseColesterol with lazy=false
00:28:52.135 [main] DEBUG org.hibernate.cfg.AbstractPropertyHolder - Attempting to locate auto-apply AttributeConverter for property [com.tallerwebi.dominio.Alimento:baseColesterol]
00:28:52.135 [main] DEBUG org.hibernate.cfg.annotations.SimpleValueBinder - building SimpleValue for baseColesterol
00:28:52.135 [main] DEBUG org.hibernate.cfg.annotations.PropertyBinder - Building property baseColesterol
00:28:52.135 [main] DEBUG org.hibernate.cfg.Ejb3Column - Binding column: Ejb3Column{table=org.hibernate.mapping.Table(Alimento), mappingColumn=baseEnergia, insertable=true, updatable=true, unique=false}
00:28:52.135 [main] DEBUG org.hibernate.cfg.annotations.PropertyBinder - MetadataSourceProcessor property baseEnergia with lazy=false
00:28:52.135 [main] DEBUG org.hibernate.cfg.AbstractPropertyHolder - Attempting to locate auto-apply AttributeConverter for property [com.tallerwebi.dominio.Alimento:baseEnergia]
00:28:52.135 [main] DEBUG org.hibernate.cfg.annotations.SimpleValueBinder - building SimpleValue for baseEnergia
00:28:52.135 [main] DEBUG org.hibernate.cfg.annotations.PropertyBinder - Building property baseEnergia
00:28:52.135 [main] DEBUG org.hibernate.cfg.Ejb3Column - Binding column: Ejb3Column{table=org.hibernate.mapping.Table(Alimento), mappingColumn=baseFibra, insertable=true, updatable=true, unique=false}
00:28:52.135 [main] DEBUG org.hibernate.cfg.annotations.PropertyBinder - MetadataSourceProcessor property baseFibra with lazy=false
00:28:52.135 [main] DEBUG org.hibernate.cfg.AbstractPropertyHolder - Attempting to locate auto-apply AttributeConverter for property [com.tallerwebi.dominio.Alimento:baseFibra]
00:28:52.135 [main] DEBUG org.hibernate.cfg.annotations.SimpleValueBinder - building SimpleValue for baseFibra
00:28:52.135 [main] DEBUG org.hibernate.cfg.annotations.PropertyBinder - Building property baseFibra
00:28:52.135 [main] DEBUG org.hibernate.cfg.Ejb3Column - Binding column: Ejb3Column{table=org.hibernate.mapping.Table(Alimento), mappingColumn=baseGrasa, insertable=true, updatable=true, unique=false}
00:28:52.135 [main] DEBUG org.hibernate.cfg.annotations.PropertyBinder - MetadataSourceProcessor property baseGrasa with lazy=false
00:28:52.135 [main] DEBUG org.hibernate.cfg.AbstractPropertyHolder - Attempting to locate auto-apply AttributeConverter for property [com.tallerwebi.dominio.Alimento:baseGrasa]
00:28:52.135 [main] DEBUG org.hibernate.cfg.annotations.SimpleValueBinder - building SimpleValue for baseGrasa
00:28:52.135 [main] DEBUG org.hibernate.cfg.annotations.PropertyBinder - Building property baseGrasa
00:28:52.135 [main] DEBUG org.hibernate.cfg.Ejb3Column - Binding column: Ejb3Column{table=org.hibernate.mapping.Table(Alimento), mappingColumn=baseGrasaMonoinsaturada, insertable=true, updatable=true, unique=false}
00:28:52.135 [main] DEBUG org.hibernate.cfg.annotations.PropertyBinder - MetadataSourceProcessor property baseGrasaMonoinsaturada with lazy=false
00:28:52.135 [main] DEBUG org.hibernate.cfg.AbstractPropertyHolder - Attempting to locate auto-apply AttributeConverter for property [com.tallerwebi.dominio.Alimento:baseGrasaMonoinsaturada]
00:28:52.135 [main] DEBUG org.hibernate.cfg.annotations.SimpleValueBinder - building SimpleValue for baseGrasaMonoinsaturada
00:28:52.135 [main] DEBUG org.hibernate.cfg.annotations.PropertyBinder - Building property baseGrasaMonoinsaturada
00:28:52.135 [main] DEBUG org.hibernate.cfg.Ejb3Column - Binding column: Ejb3Column{table=org.hibernate.mapping.Table(Alimento), mappingColumn=baseGrasaPoliinsaturada, insertable=true, updatable=true, unique=false}
00:28:52.135 [main] DEBUG org.hibernate.cfg.annotations.PropertyBinder - MetadataSourceProcessor property baseGrasaPoliinsaturada with lazy=false
00:28:52.135 [main] DEBUG org.hibernate.cfg.AbstractPropertyHolder - Attempting to locate auto-apply AttributeConverter for property [com.tallerwebi.dominio.Alimento:baseGrasaPoliinsaturada]
00:28:52.135 [main] DEBUG org.hibernate.cfg.annotations.SimpleValueBinder - building SimpleValue for baseGrasaPoliinsaturada
00:28:52.136 [main] DEBUG org.hibernate.cfg.annotations.PropertyBinder - Building property baseGrasaPoliinsaturada
00:28:52.136 [main] DEBUG org.hibernate.cfg.Ejb3Column - Binding column: Ejb3Column{table=org.hibernate.mapping.Table(Alimento), mappingColumn=baseGrasaSaturada, insertable=true, updatable=true, unique=false}
00:28:52.136 [main] DEBUG org.hibernate.cfg.annotations.PropertyBinder - MetadataSourceProcessor property baseGrasaSaturada with lazy=false
00:28:52.136 [main] DEBUG org.hibernate.cfg.AbstractPropertyHolder - Attempting to locate auto-apply AttributeConverter for property [com.tallerwebi.dominio.Alimento:baseGrasaSaturada]
00:28:52.136 [main] DEBUG org.hibernate.cfg.annotations.SimpleValueBinder - building SimpleValue for baseGrasaSaturada
00:28:52.136 [main] DEBUG org.hibernate.cfg.annotations.PropertyBinder - Building property baseGrasaSaturada
00:28:52.136 [main] DEBUG org.hibernate.cfg.Ejb3Column - Binding column: Ejb3Column{table=org.hibernate.mapping.Table(Alimento), mappingColumn=basePotasio, insertable=true, updatable=true, unique=false}
00:28:52.136 [main] DEBUG org.hibernate.cfg.annotations.PropertyBinder - MetadataSourceProcessor property basePotasio with lazy=false
00:28:52.136 [main] DEBUG org.hibernate.cfg.AbstractPropertyHolder - Attempting to locate auto-apply AttributeConverter for property [com.tallerwebi.dominio.Alimento:basePotasio]
00:28:52.136 [main] DEBUG org.hibernate.cfg.annotations.SimpleValueBinder - building SimpleValue for basePotasio
00:28:52.136 [main] DEBUG org.hibernate.cfg.annotations.PropertyBinder - Building property basePotasio
00:28:52.136 [main] DEBUG org.hibernate.cfg.Ejb3Column - Binding column: Ejb3Column{table=org.hibernate.mapping.Table(Alimento), mappingColumn=baseProteina, insertable=true, updatable=true, unique=false}
00:28:52.136 [main] DEBUG org.hibernate.cfg.annotations.PropertyBinder - MetadataSourceProcessor property baseProteina with lazy=false
00:28:52.136 [main] DEBUG org.hibernate.cfg.AbstractPropertyHolder - Attempting to locate auto-apply AttributeConverter for property [com.tallerwebi.dominio.Alimento:baseProteina]
00:28:52.136 [main] DEBUG org.hibernate.cfg.annotations.SimpleValueBinder - building SimpleValue for baseProteina
00:28:52.136 [main] DEBUG org.hibernate.cfg.annotations.PropertyBinder - Building property baseProteina
00:28:52.136 [main] DEBUG org.hibernate.cfg.Ejb3Column - Binding column: Ejb3Column{table=org.hibernate.mapping.Table(Alimento), mappingColumn=baseSodio, insertable=true, updatable=true, unique=false}
00:28:52.136 [main] DEBUG org.hibernate.cfg.annotations.PropertyBinder - MetadataSourceProcessor property baseSodio with lazy=false
00:28:52.136 [main] DEBUG org.hibernate.cfg.AbstractPropertyHolder - Attempting to locate auto-apply AttributeConverter for property [com.tallerwebi.dominio.Alimento:baseSodio]
00:28:52.137 [main] DEBUG org.hibernate.cfg.annotations.SimpleValueBinder - building SimpleValue for baseSodio
00:28:52.137 [main] DEBUG org.hibernate.cfg.annotations.PropertyBinder - Building property baseSodio
00:28:52.137 [main] DEBUG org.hibernate.cfg.Ejb3Column - Binding column: Ejb3Column{table=org.hibernate.mapping.Table(Alimento), mappingColumn=calorias, insertable=true, updatable=true, unique=false}
00:28:52.137 [main] DEBUG org.hibernate.cfg.annotations.PropertyBinder - MetadataSourceProcessor property calorias with lazy=false
00:28:52.137 [main] DEBUG org.hibernate.cfg.AbstractPropertyHolder - Attempting to locate auto-apply AttributeConverter for property [com.tallerwebi.dominio.Alimento:calorias]
00:28:52.137 [main] DEBUG org.hibernate.cfg.annotations.SimpleValueBinder - building SimpleValue for calorias
00:28:52.137 [main] DEBUG org.hibernate.cfg.annotations.PropertyBinder - Building property calorias
00:28:52.137 [main] DEBUG org.hibernate.cfg.Ejb3Column - Binding column: Ejb3Column{table=org.hibernate.mapping.Table(Alimento), mappingColumn=cantidad, insertable=true, updatable=true, unique=false}
00:28:52.137 [main] DEBUG org.hibernate.cfg.annotations.PropertyBinder - MetadataSourceProcessor property cantidad with lazy=false
00:28:52.137 [main] DEBUG org.hibernate.cfg.AbstractPropertyHolder - Attempting to locate auto-apply AttributeConverter for property [com.tallerwebi.dominio.Alimento:cantidad]
00:28:52.137 [main] DEBUG org.hibernate.cfg.annotations.SimpleValueBinder - building SimpleValue for cantidad
00:28:52.137 [main] DEBUG org.hibernate.cfg.annotations.PropertyBinder - Building property cantidad
00:28:52.137 [main] DEBUG org.hibernate.cfg.Ejb3Column - Binding column: Ejb3Column{table=org.hibernate.mapping.Table(Alimento), mappingColumn=carbohidratos, insertable=true, updatable=true, unique=false}
00:28:52.137 [main] DEBUG org.hibernate.cfg.annotations.PropertyBinder - MetadataSourceProcessor property carbohidratos with lazy=false
00:28:52.137 [main] DEBUG org.hibernate.cfg.AbstractPropertyHolder - Attempting to locate auto-apply AttributeConverter for property [com.tallerwebi.dominio.Alimento:carbohidratos]
00:28:52.137 [main] DEBUG org.hibernate.cfg.annotations.SimpleValueBinder - building SimpleValue for carbohidratos
00:28:52.137 [main] DEBUG org.hibernate.cfg.annotations.PropertyBinder - Building property carbohidratos
00:28:52.139 [main] DEBUG org.hibernate.cfg.Ejb3Column - Binding column: Ejb3JoinColumn{logicalColumnName='categoria_id', referencedColumn='', mappedBy=''}
00:28:52.139 [main] DEBUG org.hibernate.cfg.Ejb3Column - Binding column: Ejb3Column{table=org.hibernate.mapping.Table(Alimento), mappingColumn=categoria, insertable=true, updatable=true, unique=false}
00:28:52.141 [main] DEBUG org.hibernate.cfg.annotations.PropertyBinder - Building property categoria
00:28:52.141 [main] DEBUG org.hibernate.cfg.Ejb3Column - Binding column: Ejb3JoinColumn{logicalColumnName='null', referencedColumn='null', mappedBy='alimentos'}
00:28:52.141 [main] DEBUG org.hibernate.cfg.Ejb3Column - Binding column: Ejb3Column{table=org.hibernate.mapping.Table(Alimento), mappingColumn=colaciones, insertable=true, updatable=true, unique=false}
00:28:52.142 [main] DEBUG org.hibernate.cfg.Ejb3Column - Binding column: Ejb3Column{table=org.hibernate.mapping.Table(Alimento), mappingColumn=null, insertable=true, updatable=true, unique=false}
00:28:52.148 [main] DEBUG org.hibernate.cfg.Ejb3Column - Binding column: Ejb3Column{table=org.hibernate.mapping.Table(Alimento), mappingColumn=element, insertable=true, updatable=true, unique=false}
00:28:52.148 [main] DEBUG org.hibernate.cfg.Ejb3Column - Binding column: Ejb3Column{table=org.hibernate.mapping.Table(Alimento), mappingColumn=colaciones_KEY, insertable=true, updatable=true, unique=false}
00:28:52.148 [main] DEBUG org.hibernate.cfg.Ejb3Column - Binding column: Ejb3JoinColumn{logicalColumnName='colaciones_KEY', referencedColumn='null', mappedBy='null'}
00:28:52.148 [main] DEBUG org.hibernate.cfg.Ejb3Column - Binding column: Ejb3JoinColumn{logicalColumnName='null', referencedColumn='null', mappedBy='alimentos'}
00:28:52.148 [main] DEBUG org.hibernate.cfg.Ejb3Column - Binding column: Ejb3JoinColumn{logicalColumnName='null', referencedColumn='null', mappedBy='alimentos'}
00:28:52.150 [main] DEBUG org.hibernate.cfg.annotations.CollectionBinder - Collection role: com.tallerwebi.dominio.Alimento.colaciones
00:28:52.151 [main] DEBUG org.hibernate.cfg.annotations.PropertyBinder - Building property colaciones
00:28:52.151 [main] DEBUG org.hibernate.cfg.Ejb3Column - Binding column: Ejb3Column{table=org.hibernate.mapping.Table(Alimento), mappingColumn=colesterol, insertable=true, updatable=true, unique=false}
00:28:52.151 [main] DEBUG org.hibernate.cfg.annotations.PropertyBinder - MetadataSourceProcessor property colesterol with lazy=false
00:28:52.151 [main] DEBUG org.hibernate.cfg.AbstractPropertyHolder - Attempting to locate auto-apply AttributeConverter for property [com.tallerwebi.dominio.Alimento:colesterol]
00:28:52.151 [main] DEBUG org.hibernate.cfg.annotations.SimpleValueBinder - building SimpleValue for colesterol
00:28:52.151 [main] DEBUG org.hibernate.cfg.annotations.PropertyBinder - Building property colesterol
00:28:52.151 [main] DEBUG org.hibernate.cfg.Ejb3Column - Binding column: Ejb3Column{table=org.hibernate.mapping.Table(Alimento), mappingColumn=energia, insertable=true, updatable=true, unique=false}
00:28:52.151 [main] DEBUG org.hibernate.cfg.annotations.PropertyBinder - MetadataSourceProcessor property energia with lazy=false
00:28:52.151 [main] DEBUG org.hibernate.cfg.AbstractPropertyHolder - Attempting to locate auto-apply AttributeConverter for property [com.tallerwebi.dominio.Alimento:energia]
00:28:52.151 [main] DEBUG org.hibernate.cfg.annotations.SimpleValueBinder - building SimpleValue for energia
00:28:52.151 [main] DEBUG org.hibernate.cfg.annotations.PropertyBinder - Building property energia
00:28:52.151 [main] DEBUG org.hibernate.cfg.Ejb3Column - Binding column: Ejb3Column{table=org.hibernate.mapping.Table(Alimento), mappingColumn=esPersonalizado, insertable=true, updatable=true, unique=false}
00:28:52.151 [main] DEBUG org.hibernate.cfg.annotations.PropertyBinder - MetadataSourceProcessor property esPersonalizado with lazy=false
00:28:52.151 [main] DEBUG org.hibernate.cfg.AbstractPropertyHolder - Attempting to locate auto-apply AttributeConverter for property [com.tallerwebi.dominio.Alimento:esPersonalizado]
00:28:52.152 [main] DEBUG org.hibernate.cfg.annotations.SimpleValueBinder - building SimpleValue for esPersonalizado
00:28:52.152 [main] DEBUG org.hibernate.cfg.annotations.PropertyBinder - Building property esPersonalizado
00:28:52.152 [main] DEBUG org.hibernate.cfg.Ejb3Column - Binding column: Ejb3Column{table=org.hibernate.mapping.Table(Alimento), mappingColumn=fibra, insertable=true, updatable=true, unique=false}
00:28:52.152 [main] DEBUG org.hibernate.cfg.annotations.PropertyBinder - MetadataSourceProcessor property fibra with lazy=false
00:28:52.152 [main] DEBUG org.hibernate.cfg.AbstractPropertyHolder - Attempting to locate auto-apply AttributeConverter for property [com.tallerwebi.dominio.Alimento:fibra]
00:28:52.152 [main] DEBUG org.hibernate.cfg.annotations.SimpleValueBinder - building SimpleValue for fibra
00:28:52.152 [main] DEBUG org.hibernate.cfg.annotations.PropertyBinder - Building property fibra
00:28:52.152 [main] DEBUG org.hibernate.cfg.Ejb3Column - Binding column: Ejb3Column{table=org.hibernate.mapping.Table(Alimento), mappingColumn=grasa, insertable=true, updatable=true, unique=false}
00:28:52.152 [main] DEBUG org.hibernate.cfg.annotations.PropertyBinder - MetadataSourceProcessor property grasa with lazy=false
00:28:52.152 [main] DEBUG org.hibernate.cfg.AbstractPropertyHolder - Attempting to locate auto-apply AttributeConverter for property [com.tallerwebi.dominio.Alimento:grasa]
00:28:52.152 [main] DEBUG org.hibernate.cfg.annotations.SimpleValueBinder - building SimpleValue for grasa
00:28:52.152 [main] DEBUG org.hibernate.cfg.annotations.PropertyBinder - Building property grasa
00:28:52.152 [main] DEBUG org.hibernate.cfg.Ejb3Column - Binding column: Ejb3Column{table=org.hibernate.mapping.Table(Alimento), mappingColumn=grasaMonoinsaturada, insertable=true, updatable=true, unique=false}
00:28:52.152 [main] DEBUG org.hibernate.cfg.annotations.PropertyBinder - MetadataSourceProcessor property grasaMonoinsaturada with lazy=false
00:28:52.152 [main] DEBUG org.hibernate.cfg.AbstractPropertyHolder - Attempting to locate auto-apply AttributeConverter for property [com.tallerwebi.dominio.Alimento:grasaMonoinsaturada]
00:28:52.152 [main] DEBUG org.hibernate.cfg.annotations.SimpleValueBinder - building SimpleValue for grasaMonoinsaturada
00:28:52.152 [main] DEBUG org.hibernate.cfg.annotations.PropertyBinder - Building property grasaMonoinsaturada
00:28:52.152 [main] DEBUG org.hibernate.cfg.Ejb3Column - Binding column: Ejb3Column{table=org.hibernate.mapping.Table(Alimento), mappingColumn=grasaPoliinsaturada, insertable=true, updatable=true, unique=false}
00:28:52.152 [main] DEBUG org.hibernate.cfg.annotations.PropertyBinder - MetadataSourceProcessor property grasaPoliinsaturada with lazy=false
00:28:52.152 [main] DEBUG org.hibernate.cfg.AbstractPropertyHolder - Attempting to locate auto-apply AttributeConverter for property [com.tallerwebi.dominio.Alimento:grasaPoliinsaturada]
00:28:52.152 [main] DEBUG org.hibernate.cfg.annotations.SimpleValueBinder - building SimpleValue for grasaPoliinsaturada
00:28:52.152 [main] DEBUG org.hibernate.cfg.annotations.PropertyBinder - Building property grasaPoliinsaturada
00:28:52.152 [main] DEBUG org.hibernate.cfg.Ejb3Column - Binding column: Ejb3Column{table=org.hibernate.mapping.Table(Alimento), mappingColumn=grasaSaturada, insertable=true, updatable=true, unique=false}
00:28:52.152 [main] DEBUG org.hibernate.cfg.annotations.PropertyBinder - MetadataSourceProcessor property grasaSaturada with lazy=false
00:28:52.153 [main] DEBUG org.hibernate.cfg.AbstractPropertyHolder - Attempting to locate auto-apply AttributeConverter for property [com.tallerwebi.dominio.Alimento:grasaSaturada]
00:28:52.153 [main] DEBUG org.hibernate.cfg.annotations.SimpleValueBinder - building SimpleValue for grasaSaturada
00:28:52.153 [main] DEBUG org.hibernate.cfg.annotations.PropertyBinder - Building property grasaSaturada
00:28:52.153 [main] DEBUG org.hibernate.cfg.Ejb3Column - Binding column: Ejb3Column{table=org.hibernate.mapping.Table(Alimento), mappingColumn=imagen, insertable=true, updatable=true, unique=false}
00:28:52.153 [main] DEBUG org.hibernate.cfg.annotations.PropertyBinder - MetadataSourceProcessor property imagen with lazy=false
00:28:52.153 [main] DEBUG org.hibernate.cfg.AbstractPropertyHolder - Attempting to locate auto-apply AttributeConverter for property [com.tallerwebi.dominio.Alimento:imagen]
00:28:52.153 [main] DEBUG org.hibernate.cfg.annotations.SimpleValueBinder - building SimpleValue for imagen
00:28:52.153 [main] DEBUG org.hibernate.cfg.annotations.PropertyBinder - Building property imagen
00:28:52.153 [main] DEBUG org.hibernate.cfg.Ejb3Column - Binding column: Ejb3Column{table=org.hibernate.mapping.Table(Alimento), mappingColumn=nombre, insertable=true, updatable=true, unique=false}
00:28:52.153 [main] DEBUG org.hibernate.cfg.annotations.PropertyBinder - MetadataSourceProcessor property nombre with lazy=false
00:28:52.153 [main] DEBUG org.hibernate.cfg.AbstractPropertyHolder - Attempting to locate auto-apply AttributeConverter for property [com.tallerwebi.dominio.Alimento:nombre]
00:28:52.153 [main] DEBUG org.hibernate.cfg.annotations.SimpleValueBinder - building SimpleValue for nombre
00:28:52.153 [main] DEBUG org.hibernate.cfg.annotations.PropertyBinder - Building property nombre
00:28:52.153 [main] DEBUG org.hibernate.cfg.Ejb3Column - Binding column: Ejb3Column{table=org.hibernate.mapping.Table(Alimento), mappingColumn=potasio, insertable=true, updatable=true, unique=false}
00:28:52.153 [main] DEBUG org.hibernate.cfg.annotations.PropertyBinder - MetadataSourceProcessor property potasio with lazy=false
00:28:52.153 [main] DEBUG org.hibernate.cfg.AbstractPropertyHolder - Attempting to locate auto-apply AttributeConverter for property [com.tallerwebi.dominio.Alimento:potasio]
00:28:52.153 [main] DEBUG org.hibernate.cfg.annotations.SimpleValueBinder - building SimpleValue for potasio
00:28:52.153 [main] DEBUG org.hibernate.cfg.annotations.PropertyBinder - Building property potasio
00:28:52.153 [main] DEBUG org.hibernate.cfg.Ejb3Column - Binding column: Ejb3Column{table=org.hibernate.mapping.Table(Alimento), mappingColumn=proteina, insertable=true, updatable=true, unique=false}
00:28:52.153 [main] DEBUG org.hibernate.cfg.annotations.PropertyBinder - MetadataSourceProcessor property proteina with lazy=false
00:28:52.153 [main] DEBUG org.hibernate.cfg.AbstractPropertyHolder - Attempting to locate auto-apply AttributeConverter for property [com.tallerwebi.dominio.Alimento:proteina]
00:28:52.153 [main] DEBUG org.hibernate.cfg.annotations.SimpleValueBinder - building SimpleValue for proteina
00:28:52.153 [main] DEBUG org.hibernate.cfg.annotations.PropertyBinder - Building property proteina
00:28:52.153 [main] DEBUG org.hibernate.cfg.Ejb3Column - Binding column: Ejb3Column{table=org.hibernate.mapping.Table(Alimento), mappingColumn=sodio, insertable=true, updatable=true, unique=false}
00:28:52.153 [main] DEBUG org.hibernate.cfg.annotations.PropertyBinder - MetadataSourceProcessor property sodio with lazy=false
00:28:52.153 [main] DEBUG org.hibernate.cfg.AbstractPropertyHolder - Attempting to locate auto-apply AttributeConverter for property [com.tallerwebi.dominio.Alimento:sodio]
00:28:52.153 [main] DEBUG org.hibernate.cfg.annotations.SimpleValueBinder - building SimpleValue for sodio
00:28:52.153 [main] DEBUG org.hibernate.cfg.annotations.PropertyBinder - Building property sodio
00:28:52.155 [main] DEBUG org.hibernate.cfg.AnnotationBinder - Binding entity from annotated class: com.tallerwebi.dominio.CategoriaAlimento
00:28:52.155 [main] DEBUG org.hibernate.cfg.Ejb3Column - Binding column: Ejb3DiscriminatorColumn{logicalColumnName'DTYPE', discriminatorTypeName='string'}
00:28:52.155 [main] DEBUG org.hibernate.cfg.annotations.EntityBinder - Import with entity name CategoriaAlimento
00:28:52.155 [main] DEBUG org.hibernate.cfg.annotations.EntityBinder - Bind entity com.tallerwebi.dominio.CategoriaAlimento on table CategoriaAlimento
00:28:52.155 [main] DEBUG org.hibernate.cfg.Ejb3Column - Binding column: Ejb3Column{table=org.hibernate.mapping.Table(CategoriaAlimento), mappingColumn=id, insertable=true, updatable=true, unique=false}
00:28:52.155 [main] DEBUG org.hibernate.boot.internal.ClassLoaderAccessImpl - Not known whether passed class name [com.tallerwebi.dominio.CategoriaAlimento] is safe
00:28:52.155 [main] DEBUG org.hibernate.boot.internal.ClassLoaderAccessImpl - No temp ClassLoader provided; using live ClassLoader for loading potentially unsafe class : com.tallerwebi.dominio.CategoriaAlimento
00:28:52.155 [main] DEBUG org.hibernate.cfg.annotations.PropertyBinder - MetadataSourceProcessor property id with lazy=false
00:28:52.155 [main] DEBUG org.hibernate.cfg.AbstractPropertyHolder - Attempting to locate auto-apply AttributeConverter for property [com.tallerwebi.dominio.CategoriaAlimento:id]
00:28:52.155 [main] DEBUG org.hibernate.cfg.annotations.SimpleValueBinder - building SimpleValue for id
00:28:52.155 [main] DEBUG org.hibernate.cfg.annotations.PropertyBinder - Building property id
00:28:52.157 [main] DEBUG org.hibernate.cfg.BinderHelper - #makeIdGenerator(org.hibernate.mapping.SimpleValue([org.hibernate.mapping.Column(id)]), id, identity, , ...)
00:28:52.157 [main] DEBUG org.hibernate.cfg.Ejb3Column - Binding column: Ejb3JoinColumn{logicalColumnName='null', referencedColumn='null', mappedBy='categoria'}
00:28:52.157 [main] DEBUG org.hibernate.cfg.Ejb3Column - Binding column: Ejb3Column{table=org.hibernate.mapping.Table(CategoriaAlimento), mappingColumn=alimentos, insertable=true, updatable=true, unique=false}
00:28:52.157 [main] DEBUG org.hibernate.cfg.Ejb3Column - Binding column: Ejb3Column{table=org.hibernate.mapping.Table(CategoriaAlimento), mappingColumn=null, insertable=true, updatable=true, unique=false}
00:28:52.157 [main] DEBUG org.hibernate.cfg.Ejb3Column - Binding column: Ejb3Column{table=org.hibernate.mapping.Table(CategoriaAlimento), mappingColumn=element, insertable=true, updatable=true, unique=false}
00:28:52.157 [main] DEBUG org.hibernate.cfg.Ejb3Column - Binding column: Ejb3Column{table=org.hibernate.mapping.Table(CategoriaAlimento), mappingColumn=alimentos_KEY, insertable=true, updatable=true, unique=false}
00:28:52.157 [main] DEBUG org.hibernate.cfg.Ejb3Column - Binding column: Ejb3JoinColumn{logicalColumnName='alimentos_KEY', referencedColumn='null', mappedBy='null'}
00:28:52.157 [main] DEBUG org.hibernate.cfg.Ejb3Column - Binding column: Ejb3JoinColumn{logicalColumnName='null', referencedColumn='null', mappedBy='categoria'}
00:28:52.157 [main] DEBUG org.hibernate.cfg.Ejb3Column - Binding column: Ejb3JoinColumn{logicalColumnName='null', referencedColumn='null', mappedBy='categoria'}
00:28:52.157 [main] DEBUG org.hibernate.cfg.annotations.CollectionBinder - Collection role: com.tallerwebi.dominio.CategoriaAlimento.alimentos
00:28:52.157 [main] DEBUG org.hibernate.cfg.annotations.PropertyBinder - Building property alimentos
00:28:52.157 [main] DEBUG org.hibernate.cfg.Ejb3Column - Binding column: Ejb3Column{table=org.hibernate.mapping.Table(CategoriaAlimento), mappingColumn=imagen, insertable=true, updatable=true, unique=false}
00:28:52.157 [main] DEBUG org.hibernate.cfg.annotations.PropertyBinder - MetadataSourceProcessor property imagen with lazy=false
00:28:52.157 [main] DEBUG org.hibernate.cfg.AbstractPropertyHolder - Attempting to locate auto-apply AttributeConverter for property [com.tallerwebi.dominio.CategoriaAlimento:imagen]
00:28:52.157 [main] DEBUG org.hibernate.cfg.annotations.SimpleValueBinder - building SimpleValue for imagen
00:28:52.157 [main] DEBUG org.hibernate.cfg.annotations.PropertyBinder - Building property imagen
00:28:52.157 [main] DEBUG org.hibernate.cfg.Ejb3Column - Binding column: Ejb3Column{table=org.hibernate.mapping.Table(CategoriaAlimento), mappingColumn=nombre, insertable=true, updatable=true, unique=false}
00:28:52.157 [main] DEBUG org.hibernate.cfg.annotations.PropertyBinder - MetadataSourceProcessor property nombre with lazy=false
00:28:52.157 [main] DEBUG org.hibernate.cfg.AbstractPropertyHolder - Attempting to locate auto-apply AttributeConverter for property [com.tallerwebi.dominio.CategoriaAlimento:nombre]
00:28:52.157 [main] DEBUG org.hibernate.cfg.annotations.SimpleValueBinder - building SimpleValue for nombre
00:28:52.157 [main] DEBUG org.hibernate.cfg.annotations.PropertyBinder - Building property nombre
00:28:52.157 [main] DEBUG org.hibernate.cfg.AnnotationBinder - Binding entity from annotated class: com.tallerwebi.dominio.Colacion
00:28:52.157 [main] DEBUG org.hibernate.cfg.Ejb3Column - Binding column: Ejb3DiscriminatorColumn{logicalColumnName'DTYPE', discriminatorTypeName='string'}
00:28:52.157 [main] DEBUG org.hibernate.cfg.annotations.EntityBinder - Import with entity name Colacion
00:28:52.157 [main] DEBUG org.hibernate.cfg.annotations.EntityBinder - Bind entity com.tallerwebi.dominio.Colacion on table Colacion
00:28:52.159 [main] DEBUG org.hibernate.cfg.Ejb3Column - Binding column: Ejb3Column{table=org.hibernate.mapping.Table(Colacion), mappingColumn=id, insertable=true, updatable=true, unique=false}
00:28:52.159 [main] DEBUG org.hibernate.boot.internal.ClassLoaderAccessImpl - Not known whether passed class name [com.tallerwebi.dominio.Colacion] is safe
00:28:52.159 [main] DEBUG org.hibernate.boot.internal.ClassLoaderAccessImpl - No temp ClassLoader provided; using live ClassLoader for loading potentially unsafe class : com.tallerwebi.dominio.Colacion
00:28:52.159 [main] DEBUG org.hibernate.cfg.annotations.PropertyBinder - MetadataSourceProcessor property id with lazy=false
00:28:52.159 [main] DEBUG org.hibernate.cfg.AbstractPropertyHolder - Attempting to locate auto-apply AttributeConverter for property [com.tallerwebi.dominio.Colacion:id]
00:28:52.159 [main] DEBUG org.hibernate.cfg.annotations.SimpleValueBinder - building SimpleValue for id
00:28:52.159 [main] DEBUG org.hibernate.cfg.annotations.PropertyBinder - Building property id
00:28:52.159 [main] DEBUG org.hibernate.cfg.BinderHelper - #makeIdGenerator(org.hibernate.mapping.SimpleValue([org.hibernate.mapping.Column(id)]), id, identity, , ...)
00:28:52.159 [main] DEBUG org.hibernate.cfg.Ejb3Column - Binding column: Ejb3JoinColumn{logicalColumnName='alimento_id', referencedColumn='', mappedBy=''}
00:28:52.159 [main] DEBUG org.hibernate.cfg.Ejb3Column - Binding column: Ejb3Column{table=org.hibernate.mapping.Table(Colacion), mappingColumn=alimentos, insertable=true, updatable=true, unique=false}
00:28:52.160 [main] DEBUG org.hibernate.cfg.annotations.PropertyBinder - Building property alimentos
[...]
00:28:53.121 [main] DEBUG org.springframework.test.context.support.DependencyInjectionTestExecutionListener - Performing dependency injection for test context [[DefaultTestContext@35b74c5c testClass = RepositorioAlimentoTest, testInstance = com.tallerwebi.dominio.RepositorioAlimentoTest@50f13494, testMethod = [null], testException = [null], mergedContextConfiguration = [WebMergedContextConfiguration@2e570ded testClass = RepositorioAlimentoTest, locations = '{}', classes = '{class com.tallerwebi.integracion.config.SpringWebTestConfig, class com.tallerwebi.integracion.config.HibernateTestConfig}', contextInitializerClasses = '[]', activeProfiles = '{}', propertySourceLocations = '{}', propertySourceProperties = '{}', contextCustomizers = set[[empty]], resourceBasePath = 'src/main/webapp', contextLoader = 'org.springframework.test.context.web.WebDelegatingSmartContextLoader', parent = [null]], attributes = map['org.springframework.test.context.web.ServletTestExecutionListener.populatedRequestContextHolder' -> true, 'org.springframework.test.context.web.ServletTestExecutionListener.resetRequestContextHolder' -> true, 'org.springframework.test.context.support.DependencyInjectionTestExecutionListener.reinjectDependencies' -> true]]].
00:28:53.121 [main] DEBUG org.springframework.test.context.cache.DefaultCacheAwareContextLoaderDelegate - Retrieved ApplicationContext [1384210339] from cache with key [[WebMergedContextConfiguration@2e570ded testClass = RepositorioAlimentoTest, locations = '{}', classes = '{class com.tallerwebi.integracion.config.SpringWebTestConfig, class com.tallerwebi.integracion.config.HibernateTestConfig}', contextInitializerClasses = '[]', activeProfiles = '{}', propertySourceLocations = '{}', propertySourceProperties = '{}', contextCustomizers = set[[empty]], resourceBasePath = 'src/main/webapp', contextLoader = 'org.springframework.test.context.web.WebDelegatingSmartContextLoader', parent = [null]]]
00:28:53.121 [main] DEBUG org.springframework.test.context.cache - Spring test ApplicationContext cache statistics: [DefaultContextCache@397dfbe8 size = 1, maxSize = 32, parentContextCount = 0, hitCount = 25, missCount = 1]
00:28:53.121 [main] DEBUG org.springframework.test.context.cache.DefaultCacheAwareContextLoaderDelegate - Retrieved ApplicationContext [1384210339] from cache with key [[WebMergedContextConfiguration@2e570ded testClass = RepositorioAlimentoTest, locations = '{}', classes = '{class com.tallerwebi.integracion.config.SpringWebTestConfig, class com.tallerwebi.integracion.config.HibernateTestConfig}', contextInitializerClasses = '[]', activeProfiles = '{}', propertySourceLocations = '{}', propertySourceProperties = '{}', contextCustomizers = set[[empty]], resourceBasePath = 'src/main/webapp', contextLoader = 'org.springframework.test.context.web.WebDelegatingSmartContextLoader', parent = [null]]]
00:28:53.121 [main] DEBUG org.springframework.test.context.cache - Spring test ApplicationContext cache statistics: [DefaultContextCache@397dfbe8 size = 1, maxSize = 32, parentContextCount = 0, hitCount = 26, missCount = 1]
00:28:53.122 [main] DEBUG org.springframework.test.context.support.AbstractDirtiesContextTestExecutionListener - Before test method: context [DefaultTestContext@35b74c5c testClass = RepositorioAlimentoTest, testInstance = com.tallerwebi.dominio.RepositorioAlimentoTest@50f13494, testMethod = testNoObtenerAlimentosPorIdCategoriaIncorrecto@RepositorioAlimentoTest, testException = [null], mergedContextConfiguration = [WebMergedContextConfiguration@2e570ded testClass = RepositorioAlimentoTest, locations = '{}', classes = '{class com.tallerwebi.integracion.config.SpringWebTestConfig, class com.tallerwebi.integracion.config.HibernateTestConfig}', contextInitializerClasses = '[]', activeProfiles = '{}', propertySourceLocations = '{}', propertySourceProperties = '{}', contextCustomizers = set[[empty]], resourceBasePath = 'src/main/webapp', contextLoader = 'org.springframework.test.context.web.WebDelegatingSmartContextLoader', parent = [null]], attributes = map['org.springframework.test.context.web.ServletTestExecutionListener.populatedRequestContextHolder' -> true, 'org.springframework.test.context.web.ServletTestExecutionListener.resetRequestContextHolder' -> true]], class annotated with @DirtiesContext [false] with mode [null], method annotated with @DirtiesContext [false] with mode [null].
00:28:53.122 [main] DEBUG org.springframework.test.context.transaction.TransactionalTestExecutionListener - Explicit transaction definition [PROPAGATION_REQUIRED,ISOLATION_DEFAULT] found for test context [DefaultTestContext@35b74c5c testClass = RepositorioAlimentoTest, testInstance = com.tallerwebi.dominio.RepositorioAlimentoTest@50f13494, testMethod = testNoObtenerAlimentosPorIdCategoriaIncorrecto@RepositorioAlimentoTest, testException = [null], mergedContextConfiguration = [WebMergedContextConfiguration@2e570ded testClass = RepositorioAlimentoTest, locations = '{}', classes = '{class com.tallerwebi.integracion.config.SpringWebTestConfig, class com.tallerwebi.integracion.config.HibernateTestConfig}', contextInitializerClasses = '[]', activeProfiles = '{}', propertySourceLocations = '{}', propertySourceProperties = '{}', contextCustomizers = set[[empty]], resourceBasePath = 'src/main/webapp', contextLoader = 'org.springframework.test.context.web.WebDelegatingSmartContextLoader', parent = [null]], attributes = map['org.springframework.test.context.web.ServletTestExecutionListener.populatedRequestContextHolder' -> true, 'org.springframework.test.context.web.ServletTestExecutionListener.resetRequestContextHolder' -> true]]
00:28:53.122 [main] DEBUG org.springframework.test.context.cache.DefaultCacheAwareContextLoaderDelegate - Retrieved ApplicationContext [1384210339] from cache with key [[WebMergedContextConfiguration@2e570ded testClass = RepositorioAlimentoTest, locations = '{}', classes = '{class com.tallerwebi.integracion.config.SpringWebTestConfig, class com.tallerwebi.integracion.config.HibernateTestConfig}', contextInitializerClasses = '[]', activeProfiles = '{}', propertySourceLocations = '{}', propertySourceProperties = '{}', contextCustomizers = set[[empty]], resourceBasePath = 'src/main/webapp', contextLoader = 'org.springframework.test.context.web.WebDelegatingSmartContextLoader', parent = [null]]]
00:28:53.122 [main] DEBUG org.springframework.test.context.cache - Spring test ApplicationContext cache statistics: [DefaultContextCache@397dfbe8 size = 1, maxSize = 32, parentContextCount = 0, hitCount = 27, missCount = 1]
00:28:53.122 [main] DEBUG org.springframework.test.context.transaction.TransactionalTestExecutionListener - Method-level @Rollback(true) overrides default rollback [true] for test context [DefaultTestContext@35b74c5c testClass = RepositorioAlimentoTest, testInstance = com.tallerwebi.dominio.RepositorioAlimentoTest@50f13494, testMethod = testNoObtenerAlimentosPorIdCategoriaIncorrecto@RepositorioAlimentoTest, testException = [null], mergedContextConfiguration = [WebMergedContextConfiguration@2e570ded testClass = RepositorioAlimentoTest, locations = '{}', classes = '{class com.tallerwebi.integracion.config.SpringWebTestConfig, class com.tallerwebi.integracion.config.HibernateTestConfig}', contextInitializerClasses = '[]', activeProfiles = '{}', propertySourceLocations = '{}', propertySourceProperties = '{}', contextCustomizers = set[[empty]], resourceBasePath = 'src/main/webapp', contextLoader = 'org.springframework.test.context.web.WebDelegatingSmartContextLoader', parent = [null]], attributes = map['org.springframework.test.context.web.ServletTestExecutionListener.populatedRequestContextHolder' -> true, 'org.springframework.test.context.web.ServletTestExecutionListener.resetRequestContextHolder' -> true]].
00:28:53.122 [main] DEBUG org.springframework.orm.hibernate5.HibernateTransactionManager - Creating new transaction with name [com.tallerwebi.dominio.RepositorioAlimentoTest.testNoObtenerAlimentosPorIdCategoriaIncorrecto]: PROPAGATION_REQUIRED,ISOLATION_DEFAULT
00:28:53.122 [main] DEBUG org.springframework.orm.hibernate5.HibernateTransactionManager - Opened new Session [SessionImpl(1942002328<open>)] for Hibernate transaction
00:28:53.122 [main] DEBUG org.hibernate.engine.transaction.internal.TransactionImpl - On TransactionImpl creation, JpaCompliance#isJpaTransactionComplianceEnabled == false
00:28:53.122 [main] DEBUG org.hibernate.engine.transaction.internal.TransactionImpl - begin
00:28:53.122 [main] DEBUG org.springframework.jdbc.datasource.DriverManagerDataSource - Creating new JDBC DriverManager Connection to [jdbc:hsqldb:mem:db_]
00:28:53.124 [main] DEBUG org.springframework.orm.hibernate5.HibernateTransactionManager - Exposing Hibernate transaction as JDBC [org.springframework.orm.hibernate5.HibernateTransactionManager$$Lambda$602/0x0000000801596000@6f2bf657]
00:28:53.124 [main] INFO org.springframework.test.context.transaction.TransactionContext - Began transaction (1) for test context [DefaultTestContext@35b74c5c testClass = RepositorioAlimentoTest, testInstance = com.tallerwebi.dominio.RepositorioAlimentoTest@50f13494, testMethod = testNoObtenerAlimentosPorIdCategoriaIncorrecto@RepositorioAlimentoTest, testException = [null], mergedContextConfiguration = [WebMergedContextConfiguration@2e570ded testClass = RepositorioAlimentoTest, locations = '{}', classes = '{class com.tallerwebi.integracion.config.SpringWebTestConfig, class com.tallerwebi.integracion.config.HibernateTestConfig}', contextInitializerClasses = '[]', activeProfiles = '{}', propertySourceLocations = '{}', propertySourceProperties = '{}', contextCustomizers = set[[empty]], resourceBasePath = 'src/main/webapp', contextLoader = 'org.springframework.test.context.web.WebDelegatingSmartContextLoader', parent = [null]], attributes = map['org.springframework.test.context.web.ServletTestExecutionListener.populatedRequestContextHolder' -> true, 'org.springframework.test.context.web.ServletTestExecutionListener.resetRequestContextHolder' -> true]]; transaction manager [org.springframework.orm.hibernate5.HibernateTransactionManager@6ad198c9]; rollback [true]
00:28:53.124 [main] DEBUG org.springframework.test.context.cache.DefaultCacheAwareContextLoaderDelegate - Retrieved ApplicationContext [1384210339] from cache with key [[WebMergedContextConfiguration@2e570ded testClass = RepositorioAlimentoTest, locations = '{}', classes = '{class com.tallerwebi.integracion.config.SpringWebTestConfig, class com.tallerwebi.integracion.config.HibernateTestConfig}', contextInitializerClasses = '[]', activeProfiles = '{}', propertySourceLocations = '{}', propertySourceProperties = '{}', contextCustomizers = set[[empty]], resourceBasePath = 'src/main/webapp', contextLoader = 'org.springframework.test.context.web.WebDelegatingSmartContextLoader', parent = [null]]]
00:28:53.124 [main] DEBUG org.springframework.test.context.cache - Spring test ApplicationContext cache statistics: [DefaultContextCache@397dfbe8 size = 1, maxSize = 32, parentContextCount = 0, hitCount = 28, missCount = 1]
00:28:53.124 [main] DEBUG org.springframework.test.context.cache.DefaultCacheAwareContextLoaderDelegate - Retrieved ApplicationContext [1384210339] from cache with key [[WebMergedContextConfiguration@2e570ded testClass = RepositorioAlimentoTest, locations = '{}', classes = '{class com.tallerwebi.integracion.config.SpringWebTestConfig, class com.tallerwebi.integracion.config.HibernateTestConfig}', contextInitializerClasses = '[]', activeProfiles = '{}', propertySourceLocations = '{}', propertySourceProperties = '{}', contextCustomizers = set[[empty]], resourceBasePath = 'src/main/webapp', contextLoader = 'org.springframework.test.context.web.WebDelegatingSmartContextLoader', parent = [null]]]
00:28:53.124 [main] DEBUG org.springframework.test.context.cache - Spring test ApplicationContext cache statistics: [DefaultContextCache@397dfbe8 size = 1, maxSize = 32, parentContextCount = 0, hitCount = 29, missCount = 1]
00:28:53.124 [main] DEBUG org.hibernate.engine.spi.ActionQueue - Executing identity-insert immediately
00:28:53.124 [main] DEBUG org.hibernate.SQL - 
    insert 
    into
        CategoriaAlimento
        (id, imagen, nombre) 
    values
        (default, ?, ?)
Hibernate: 
    insert 
    into
        CategoriaAlimento
        (id, imagen, nombre) 
    values
        (default, ?, ?)
00:28:53.125 [main] DEBUG org.hibernate.id.IdentifierGeneratorHelper - Natively generated identity: 4
00:28:53.125 [main] DEBUG org.hibernate.resource.jdbc.internal.ResourceRegistryStandardImpl - HHH000387: ResultSet's statement was not registered
00:28:53.125 [main] DEBUG org.hibernate.engine.spi.ActionQueue - Executing identity-insert immediately
00:28:53.125 [main] DEBUG org.hibernate.SQL - 
    insert 
    into
        CategoriaAlimento
        (id, imagen, nombre) 
    values
        (default, ?, ?)
Hibernate: 
    insert 
    into
        CategoriaAlimento
        (id, imagen, nombre) 
    values
        (default, ?, ?)
00:28:53.125 [main] DEBUG org.hibernate.id.IdentifierGeneratorHelper - Natively generated identity: 5
00:28:53.125 [main] DEBUG org.hibernate.resource.jdbc.internal.ResourceRegistryStandardImpl - HHH000387: ResultSet's statement was not registered
00:28:53.125 [main] DEBUG org.hibernate.engine.spi.ActionQueue - Executing identity-insert immediately
00:28:53.125 [main] DEBUG org.springframework.test.context.cache.DefaultCacheAwareContextLoaderDelegate - Retrieved ApplicationContext [1384210339] from cache with key [[WebMergedContextConfiguration@2e570ded testClass = RepositorioAlimentoTest, locations = '{}', classes = '{class com.tallerwebi.integracion.config.SpringWebTestConfig, class com.tallerwebi.integracion.config.HibernateTestConfig}', contextInitializerClasses = '[]', activeProfiles = '{}', propertySourceLocations = '{}', propertySourceProperties = '{}', contextCustomizers = set[[empty]], resourceBasePath = 'src/main/webapp', contextLoader = 'org.springframework.test.context.web.WebDelegatingSmartContextLoader', parent = [null]]]
00:28:53.125 [main] DEBUG org.springframework.test.context.cache - Spring test ApplicationContext cache statistics: [DefaultContextCache@397dfbe8 size = 1, maxSize = 32, parentContextCount = 0, hitCount = 30, missCount = 1]
00:28:53.125 [main] DEBUG org.springframework.test.context.cache.DefaultCacheAwareContextLoaderDelegate - Retrieved ApplicationContext [1384210339] from cache with key [[WebMergedContextConfiguration@2e570ded testClass = RepositorioAlimentoTest, locations = '{}', classes = '{class com.tallerwebi.integracion.config.SpringWebTestConfig, class com.tallerwebi.integracion.config.HibernateTestConfig}', contextInitializerClasses = '[]', activeProfiles = '{}', propertySourceLocations = '{}', propertySourceProperties = '{}', contextCustomizers = set[[empty]], resourceBasePath = 'src/main/webapp', contextLoader = 'org.springframework.test.context.web.WebDelegatingSmartContextLoader', parent = [null]]]
00:28:53.125 [main] DEBUG org.springframework.test.context.cache - Spring test ApplicationContext cache statistics: [DefaultContextCache@397dfbe8 size = 1, maxSize = 32, parentContextCount = 0, hitCount = 31, missCount = 1]
00:28:53.126 [main] DEBUG org.springframework.orm.hibernate5.HibernateTransactionManager - Initiating transaction rollback
00:28:53.126 [main] DEBUG org.springframework.orm.hibernate5.HibernateTransactionManager - Rolling back Hibernate transaction on Session [SessionImpl(1942002328<open>)]
00:28:53.126 [main] DEBUG org.hibernate.engine.transaction.internal.TransactionImpl - rolling back
00:28:53.126 [main] DEBUG org.springframework.orm.hibernate5.HibernateTransactionManager - Closing Hibernate Session [SessionImpl(1942002328<open>)] after transaction
00:28:53.126 [main] INFO org.springframework.test.context.transaction.TransactionContext - Rolled back transaction for test: [DefaultTestContext@35b74c5c testClass = RepositorioAlimentoTest, testInstance = com.tallerwebi.dominio.RepositorioAlimentoTest@50f13494, testMethod = testNoObtenerAlimentosPorIdCategoriaIncorrecto@RepositorioAlimentoTest, testException = org.hibernate.PropertyValueException: not-null property references a null or transient value : com.tallerwebi.dominio.Alimento.cantidad, mergedContextConfiguration = [WebMergedContextConfiguration@2e570ded testClass = RepositorioAlimentoTest, locations = '{}', classes = '{class com.tallerwebi.integracion.config.SpringWebTestConfig, class com.tallerwebi.integracion.config.HibernateTestConfig}', contextInitializerClasses = '[]', activeProfiles = '{}', propertySourceLocations = '{}', propertySourceProperties = '{}', contextCustomizers = set[[empty]], resourceBasePath = 'src/main/webapp', contextLoader = 'org.springframework.test.context.web.WebDelegatingSmartContextLoader', parent = [null]], attributes = map['org.springframework.test.context.web.ServletTestExecutionListener.populatedRequestContextHolder' -> true, 'org.springframework.test.context.web.ServletTestExecutionListener.resetRequestContextHolder' -> true]]
00:28:53.126 [main] DEBUG org.springframework.test.context.support.AbstractDirtiesContextTestExecutionListener - After test method: context [DefaultTestContext@35b74c5c testClass = RepositorioAlimentoTest, testInstance = com.tallerwebi.dominio.RepositorioAlimentoTest@50f13494, testMethod = testNoObtenerAlimentosPorIdCategoriaIncorrecto@RepositorioAlimentoTest, testException = org.hibernate.PropertyValueException: not-null property references a null or transient value : com.tallerwebi.dominio.Alimento.cantidad, mergedContextConfiguration = [WebMergedContextConfiguration@2e570ded testClass = RepositorioAlimentoTest, locations = '{}', classes = '{class com.tallerwebi.integracion.config.SpringWebTestConfig, class com.tallerwebi.integracion.config.HibernateTestConfig}', contextInitializerClasses = '[]', activeProfiles = '{}', propertySourceLocations = '{}', propertySourceProperties = '{}', contextCustomizers = set[[empty]], resourceBasePath = 'src/main/webapp', contextLoader = 'org.springframework.test.context.web.WebDelegatingSmartContextLoader', parent = [null]], attributes = map['org.springframework.test.context.web.ServletTestExecutionListener.populatedRequestContextHolder' -> true, 'org.springframework.test.context.web.ServletTestExecutionListener.resetRequestContextHolder' -> true]], class annotated with @DirtiesContext [false] with mode [null], method annotated with @DirtiesContext [false] with mode [null].
00:28:53.126 [main] DEBUG org.springframework.test.context.web.ServletTestExecutionListener - Resetting RequestContextHolder for test context [DefaultTestContext@35b74c5c testClass = RepositorioAlimentoTest, testInstance = com.tallerwebi.dominio.RepositorioAlimentoTest@50f13494, testMethod = testNoObtenerAlimentosPorIdCategoriaIncorrecto@RepositorioAlimentoTest, testException = org.hibernate.PropertyValueException: not-null property references a null or transient value : com.tallerwebi.dominio.Alimento.cantidad, mergedContextConfiguration = [WebMergedContextConfiguration@2e570ded testClass = RepositorioAlimentoTest, locations = '{}', classes = '{class com.tallerwebi.integracion.config.SpringWebTestConfig, class com.tallerwebi.integracion.config.HibernateTestConfig}', contextInitializerClasses = '[]', activeProfiles = '{}', propertySourceLocations = '{}', propertySourceProperties = '{}', contextCustomizers = set[[empty]], resourceBasePath = 'src/main/webapp', contextLoader = 'org.springframework.test.context.web.WebDelegatingSmartContextLoader', parent = [null]], attributes = map['org.springframework.test.context.web.ServletTestExecutionListener.populatedRequestContextHolder' -> true, 'org.springframework.test.context.web.ServletTestExecutionListener.resetRequestContextHolder' -> true]].
]]></system-out>
  </testcase>
</testsuite>